2024-10-07 00:43:54,773 - __main__ - INFO - Starting Gaze Drawing App
2024-10-07 00:43:54,773 - __main__ - DEBUG - Initialized SurfaceListener with topic: b'surfaces', gaze key: gaze_on_surfaces, fixation key: fixations_on_surfaces
2024-10-07 00:43:54,777 - __main__ - DEBUG - SurfaceListener thread started
2024-10-07 00:43:54,777 - __main__ - INFO - Attempted connection to Surface Listener
2024-10-07 00:43:54,777 - __main__ - INFO - Created Empty Video stream
2024-10-07 00:43:54,865 - PIL.PngImagePlugin - DEBUG - STREAM b'IHDR' 16 13
2024-10-07 00:43:54,865 - PIL.PngImagePlugin - DEBUG - STREAM b'bKGD' 41 6
2024-10-07 00:43:54,865 - PIL.PngImagePlugin - DEBUG - b'bKGD' 41 6 (unknown)
2024-10-07 00:43:54,865 - PIL.PngImagePlugin - DEBUG - STREAM b'IDAT' 59 5036
2024-10-07 00:43:54,914 - PIL.PngImagePlugin - DEBUG - STREAM b'IHDR' 16 13
2024-10-07 00:43:54,914 - PIL.PngImagePlugin - DEBUG - STREAM b'bKGD' 41 6
2024-10-07 00:43:54,914 - PIL.PngImagePlugin - DEBUG - b'bKGD' 41 6 (unknown)
2024-10-07 00:43:54,914 - PIL.PngImagePlugin - DEBUG - STREAM b'IDAT' 59 5021
2024-10-07 00:43:54,922 - __main__ - INFO - Created AprilTagRenderer
2024-10-07 00:43:54,922 - __main__ - INFO - Created FrameDrawing object
2024-10-07 00:43:54,949 - __main__ - INFO - Created display window: Debug Window
2024-10-07 00:43:56,131 - __main__ - DEBUG - Processed frame 100
2024-10-07 00:43:56,131 - __main__ - DEBUG - Got raw frame: (1080, 1920, 3)
2024-10-07 00:43:56,132 - __main__ - DEBUG - Got gaze coordinates: (None, None)
2024-10-07 00:43:56,132 - __main__ - DEBUG - Got fixation coordinates: (None, None)
2024-10-07 00:43:56,132 - __main__ - DEBUG - Got drawn frame: (1080, 1920, 3)
2024-10-07 00:43:56,132 - __main__ - DEBUG - Got final frame: (1080, 1920, 3)
2024-10-07 00:43:57,174 - __main__ - DEBUG - Processed frame 200
2024-10-07 00:43:57,174 - __main__ - DEBUG - Got raw frame: (1080, 1920, 3)
2024-10-07 00:43:57,174 - __main__ - DEBUG - Got gaze coordinates: (None, None)
2024-10-07 00:43:57,174 - __main__ - DEBUG - Got fixation coordinates: (None, None)
2024-10-07 00:43:57,174 - __main__ - DEBUG - Got drawn frame: (1080, 1920, 3)
2024-10-07 00:43:57,174 - __main__ - DEBUG - Got final frame: (1080, 1920, 3)
2024-10-07 00:43:57,348 - __main__ - INFO - Connected to Pupil on port 50020, subscribed on port 35169
2024-10-07 00:43:57,348 - __main__ - INFO - Subscribed to surface topic: b'surfaces'
2024-10-07 00:43:58,318 - __main__ - DEBUG - Processed frame 300
2024-10-07 00:43:58,318 - __main__ - DEBUG - Got raw frame: (1080, 1920, 3)
2024-10-07 00:43:58,318 - __main__ - DEBUG - Got gaze coordinates: (None, None)
2024-10-07 00:43:58,318 - __main__ - DEBUG - Got fixation coordinates: (None, None)
2024-10-07 00:43:58,319 - __main__ - DEBUG - Got drawn frame: (1080, 1920, 3)
2024-10-07 00:43:58,319 - __main__ - DEBUG - Got final frame: (1080, 1920, 3)
2024-10-07 00:43:58,349 - __main__ - DEBUG - No data received within timeout
2024-10-07 00:43:59,350 - __main__ - DEBUG - No data received within timeout
2024-10-07 00:43:59,683 - __main__ - DEBUG - Processed frame 400
2024-10-07 00:43:59,683 - __main__ - DEBUG - Got raw frame: (1080, 1920, 3)
2024-10-07 00:43:59,683 - __main__ - DEBUG - Got gaze coordinates: (None, None)
2024-10-07 00:43:59,683 - __main__ - DEBUG - Got fixation coordinates: (None, None)
2024-10-07 00:43:59,684 - __main__ - DEBUG - Got drawn frame: (1080, 1920, 3)
2024-10-07 00:43:59,684 - __main__ - DEBUG - Got final frame: (1080, 1920, 3)
2024-10-07 00:44:00,351 - __main__ - DEBUG - No data received within timeout
2024-10-07 00:44:01,329 - __main__ - DEBUG - Processed frame 500
2024-10-07 00:44:01,330 - __main__ - DEBUG - Got raw frame: (1080, 1920, 3)
2024-10-07 00:44:01,330 - __main__ - DEBUG - Got gaze coordinates: (None, None)
2024-10-07 00:44:01,330 - __main__ - DEBUG - Got fixation coordinates: (None, None)
2024-10-07 00:44:01,330 - __main__ - DEBUG - Got drawn frame: (1080, 1920, 3)
2024-10-07 00:44:01,330 - __main__ - DEBUG - Got final frame: (1080, 1920, 3)
2024-10-07 00:44:01,352 - __main__ - DEBUG - No data received within timeout
2024-10-07 00:44:02,353 - __main__ - DEBUG - No data received within timeout
2024-10-07 00:44:02,999 - __main__ - DEBUG - Processed frame 600
2024-10-07 00:44:02,999 - __main__ - DEBUG - Got raw frame: (1080, 1920, 3)
2024-10-07 00:44:02,999 - __main__ - DEBUG - Got gaze coordinates: (None, None)
2024-10-07 00:44:02,999 - __main__ - DEBUG - Got fixation coordinates: (None, None)
2024-10-07 00:44:02,999 - __main__ - DEBUG - Got drawn frame: (1080, 1920, 3)
2024-10-07 00:44:02,999 - __main__ - DEBUG - Got final frame: (1080, 1920, 3)
2024-10-07 00:44:03,354 - __main__ - DEBUG - No data received within timeout
2024-10-07 00:44:04,355 - __main__ - DEBUG - No data received within timeout
2024-10-07 00:44:04,618 - __main__ - DEBUG - Processed frame 700
2024-10-07 00:44:04,618 - __main__ - DEBUG - Got raw frame: (1080, 1920, 3)
2024-10-07 00:44:04,618 - __main__ - DEBUG - Got gaze coordinates: (None, None)
2024-10-07 00:44:04,618 - __main__ - DEBUG - Got fixation coordinates: (None, None)
2024-10-07 00:44:04,618 - __main__ - DEBUG - Got drawn frame: (1080, 1920, 3)
2024-10-07 00:44:04,618 - __main__ - DEBUG - Got final frame: (1080, 1920, 3)
2024-10-07 00:44:05,357 - __main__ - DEBUG - No data received within timeout
2024-10-07 00:44:06,300 - __main__ - DEBUG - Processed frame 800
2024-10-07 00:44:06,301 - __main__ - DEBUG - Got raw frame: (1080, 1920, 3)
2024-10-07 00:44:06,301 - __main__ - DEBUG - Got gaze coordinates: (None, None)
2024-10-07 00:44:06,301 - __main__ - DEBUG - Got fixation coordinates: (None, None)
2024-10-07 00:44:06,301 - __main__ - DEBUG - Got drawn frame: (1080, 1920, 3)
2024-10-07 00:44:06,301 - __main__ - DEBUG - Got final frame: (1080, 1920, 3)
2024-10-07 00:44:06,358 - __main__ - DEBUG - No data received within timeout
2024-10-07 00:44:07,359 - __main__ - DEBUG - No data received within timeout
2024-10-07 00:44:08,014 - __main__ - DEBUG - Processed frame 900
2024-10-07 00:44:08,014 - __main__ - DEBUG - Got raw frame: (1080, 1920, 3)
2024-10-07 00:44:08,014 - __main__ - DEBUG - Got gaze coordinates: (None, None)
2024-10-07 00:44:08,014 - __main__ - DEBUG - Got fixation coordinates: (None, None)
2024-10-07 00:44:08,014 - __main__ - DEBUG - Got drawn frame: (1080, 1920, 3)
2024-10-07 00:44:08,015 - __main__ - DEBUG - Got final frame: (1080, 1920, 3)
2024-10-07 00:44:08,360 - __main__ - DEBUG - No data received within timeout
2024-10-07 00:44:09,361 - __main__ - DEBUG - No data received within timeout
2024-10-07 00:44:09,759 - __main__ - DEBUG - Processed frame 1000
2024-10-07 00:44:09,759 - __main__ - DEBUG - Got raw frame: (1080, 1920, 3)
2024-10-07 00:44:09,760 - __main__ - DEBUG - Got gaze coordinates: (None, None)
2024-10-07 00:44:09,760 - __main__ - DEBUG - Got fixation coordinates: (None, None)
2024-10-07 00:44:09,760 - __main__ - DEBUG - Got drawn frame: (1080, 1920, 3)
2024-10-07 00:44:09,760 - __main__ - DEBUG - Got final frame: (1080, 1920, 3)
2024-10-07 00:44:10,363 - __main__ - DEBUG - No data received within timeout
2024-10-07 00:44:11,364 - __main__ - DEBUG - No data received within timeout
2024-10-07 00:44:11,599 - __main__ - DEBUG - Processed frame 1100
2024-10-07 00:44:11,599 - __main__ - DEBUG - Got raw frame: (1080, 1920, 3)
2024-10-07 00:44:11,599 - __main__ - DEBUG - Got gaze coordinates: (None, None)
2024-10-07 00:44:11,599 - __main__ - DEBUG - Got fixation coordinates: (None, None)
2024-10-07 00:44:11,599 - __main__ - DEBUG - Got drawn frame: (1080, 1920, 3)
2024-10-07 00:44:11,599 - __main__ - DEBUG - Got final frame: (1080, 1920, 3)
2024-10-07 00:44:12,366 - __main__ - DEBUG - No data received within timeout
2024-10-07 00:44:13,367 - __main__ - DEBUG - No data received within timeout
2024-10-07 00:44:13,393 - __main__ - DEBUG - Processed frame 1200
2024-10-07 00:44:13,394 - __main__ - DEBUG - Got raw frame: (1080, 1920, 3)
2024-10-07 00:44:13,394 - __main__ - DEBUG - Got gaze coordinates: (None, None)
2024-10-07 00:44:13,394 - __main__ - DEBUG - Got fixation coordinates: (None, None)
2024-10-07 00:44:13,395 - __main__ - DEBUG - Got drawn frame: (1080, 1920, 3)
2024-10-07 00:44:13,395 - __main__ - DEBUG - Got final frame: (1080, 1920, 3)
2024-10-07 00:44:14,368 - __main__ - DEBUG - No data received within timeout
2024-10-07 00:44:15,120 - __main__ - DEBUG - Processed frame 1300
2024-10-07 00:44:15,120 - __main__ - DEBUG - Got raw frame: (1080, 1920, 3)
2024-10-07 00:44:15,120 - __main__ - DEBUG - Got gaze coordinates: (None, None)
2024-10-07 00:44:15,120 - __main__ - DEBUG - Got fixation coordinates: (None, None)
2024-10-07 00:44:15,120 - __main__ - DEBUG - Got drawn frame: (1080, 1920, 3)
2024-10-07 00:44:15,120 - __main__ - DEBUG - Got final frame: (1080, 1920, 3)
2024-10-07 00:44:15,370 - __main__ - DEBUG - No data received within timeout
2024-10-07 00:44:16,371 - __main__ - DEBUG - No data received within timeout
2024-10-07 00:44:16,857 - __main__ - DEBUG - Processed frame 1400
2024-10-07 00:44:16,857 - __main__ - DEBUG - Got raw frame: (1080, 1920, 3)
2024-10-07 00:44:16,858 - __main__ - DEBUG - Got gaze coordinates: (None, None)
2024-10-07 00:44:16,858 - __main__ - DEBUG - Got fixation coordinates: (None, None)
2024-10-07 00:44:16,858 - __main__ - DEBUG - Got drawn frame: (1080, 1920, 3)
2024-10-07 00:44:16,859 - __main__ - DEBUG - Got final frame: (1080, 1920, 3)
2024-10-07 00:44:17,372 - __main__ - DEBUG - No data received within timeout
2024-10-07 00:44:18,373 - __main__ - DEBUG - No data received within timeout
2024-10-07 00:44:18,626 - __main__ - DEBUG - Processed frame 1500
2024-10-07 00:44:18,627 - __main__ - DEBUG - Got raw frame: (1080, 1920, 3)
2024-10-07 00:44:18,627 - __main__ - DEBUG - Got gaze coordinates: (None, None)
2024-10-07 00:44:18,627 - __main__ - DEBUG - Got fixation coordinates: (None, None)
2024-10-07 00:44:18,627 - __main__ - DEBUG - Got drawn frame: (1080, 1920, 3)
2024-10-07 00:44:18,627 - __main__ - DEBUG - Got final frame: (1080, 1920, 3)
