2024-10-06 01:44:23,492 - __main__ - INFO - Starting Gaze Drawing App
2024-10-06 01:44:43,512 - __main__ - WARNING - Connection to Pupil timed out
2024-10-06 01:44:43,512 - __main__ - INFO - Attempted connection to Surface Listener
2024-10-06 01:44:43,512 - __main__ - INFO - Created Empty Video stream
2024-10-06 01:44:43,643 - PIL.PngImagePlugin - DEBUG - STREAM b'IHDR' 16 13
2024-10-06 01:44:43,644 - PIL.PngImagePlugin - DEBUG - STREAM b'bKGD' 41 6
2024-10-06 01:44:43,644 - PIL.PngImagePlugin - DEBUG - b'bKGD' 41 6 (unknown)
2024-10-06 01:44:43,644 - PIL.PngImagePlugin - DEBUG - STREAM b'IDAT' 59 5036
2024-10-06 01:44:43,736 - PIL.PngImagePlugin - DEBUG - STREAM b'IHDR' 16 13
2024-10-06 01:44:43,737 - PIL.PngImagePlugin - DEBUG - STREAM b'bKGD' 41 6
2024-10-06 01:44:43,737 - PIL.PngImagePlugin - DEBUG - b'bKGD' 41 6 (unknown)
2024-10-06 01:44:43,737 - PIL.PngImagePlugin - DEBUG - STREAM b'IDAT' 59 5021
2024-10-06 01:44:43,751 - __main__ - INFO - Created AprilTagRenderer
2024-10-06 01:44:43,751 - __main__ - INFO - Created FrameDrawing object
2024-10-06 01:44:43,798 - __main__ - INFO - Created display window: Debug Window
2024-10-06 01:44:43,799 - __main__ - DEBUG - Not connected to Pupil. Returning default coordinates.
2024-10-06 01:44:43,858 - __main__ - DEBUG - Not connected to Pupil. Returning default coordinates.
2024-10-06 01:44:43,881 - __main__ - DEBUG - Not connected to Pupil. Returning default coordinates.
2024-10-06 01:44:43,908 - __main__ - DEBUG - Not connected to Pupil. Returning default coordinates.
2024-10-06 01:44:43,935 - __main__ - DEBUG - Not connected to Pupil. Returning default coordinates.
2024-10-06 01:44:43,962 - __main__ - DEBUG - Not connected to Pupil. Returning default coordinates.
2024-10-06 01:44:43,983 - __main__ - DEBUG - Not connected to Pupil. Returning default coordinates.
2024-10-06 01:44:44,003 - __main__ - DEBUG - Not connected to Pupil. Returning default coordinates.
2024-10-06 01:44:44,024 - __main__ - DEBUG - Not connected to Pupil. Returning default coordinates.
2024-10-06 01:44:44,045 - __main__ - DEBUG - Not connected to Pupil. Returning default coordinates.
2024-10-06 01:44:44,070 - __main__ - DEBUG - Not connected to Pupil. Returning default coordinates.
2024-10-06 01:44:44,091 - __main__ - DEBUG - Not connected to Pupil. Returning default coordinates.
2024-10-06 01:44:44,113 - __main__ - DEBUG - Not connected to Pupil. Returning default coordinates.
2024-10-06 01:44:44,137 - __main__ - DEBUG - Not connected to Pupil. Returning default coordinates.
2024-10-06 01:44:44,161 - __main__ - DEBUG - Not connected to Pupil. Returning default coordinates.
2024-10-06 01:44:44,190 - __main__ - DEBUG - Not connected to Pupil. Returning default coordinates.
2024-10-06 01:44:44,220 - __main__ - DEBUG - Not connected to Pupil. Returning default coordinates.
2024-10-06 01:44:44,243 - __main__ - DEBUG - Not connected to Pupil. Returning default coordinates.
2024-10-06 01:44:44,262 - __main__ - DEBUG - Not connected to Pupil. Returning default coordinates.
2024-10-06 01:44:44,280 - __main__ - DEBUG - Not connected to Pupil. Returning default coordinates.
2024-10-06 01:44:44,298 - __main__ - DEBUG - Not connected to Pupil. Returning default coordinates.
2024-10-06 01:44:44,315 - __main__ - DEBUG - Not connected to Pupil. Returning default coordinates.
2024-10-06 01:44:44,331 - __main__ - DEBUG - Not connected to Pupil. Returning default coordinates.
2024-10-06 01:44:44,346 - __main__ - DEBUG - Not connected to Pupil. Returning default coordinates.
2024-10-06 01:44:44,361 - __main__ - DEBUG - Not connected to Pupil. Returning default coordinates.
2024-10-06 01:44:44,377 - __main__ - DEBUG - Not connected to Pupil. Returning default coordinates.
2024-10-06 01:44:44,393 - __main__ - DEBUG - Not connected to Pupil. Returning default coordinates.
2024-10-06 01:44:44,413 - __main__ - DEBUG - Not connected to Pupil. Returning default coordinates.
2024-10-06 01:44:44,430 - __main__ - DEBUG - Not connected to Pupil. Returning default coordinates.
2024-10-06 01:44:44,447 - __main__ - DEBUG - Not connected to Pupil. Returning default coordinates.
2024-10-06 01:44:44,466 - __main__ - DEBUG - Not connected to Pupil. Returning default coordinates.
2024-10-06 01:44:44,483 - __main__ - DEBUG - Not connected to Pupil. Returning default coordinates.
2024-10-06 01:44:44,499 - __main__ - DEBUG - Not connected to Pupil. Returning default coordinates.
2024-10-06 01:44:44,517 - __main__ - DEBUG - Not connected to Pupil. Returning default coordinates.
2024-10-06 01:44:44,539 - __main__ - DEBUG - Not connected to Pupil. Returning default coordinates.
2024-10-06 01:44:44,559 - __main__ - DEBUG - Not connected to Pupil. Returning default coordinates.
2024-10-06 01:44:44,577 - __main__ - DEBUG - Not connected to Pupil. Returning default coordinates.
2024-10-06 01:44:44,595 - __main__ - DEBUG - Not connected to Pupil. Returning default coordinates.
2024-10-06 01:44:44,611 - __main__ - DEBUG - Not connected to Pupil. Returning default coordinates.
2024-10-06 01:44:44,626 - __main__ - DEBUG - Not connected to Pupil. Returning default coordinates.
2024-10-06 01:44:44,644 - __main__ - DEBUG - Not connected to Pupil. Returning default coordinates.
2024-10-06 01:44:44,661 - __main__ - DEBUG - Not connected to Pupil. Returning default coordinates.
2024-10-06 01:44:44,680 - __main__ - DEBUG - Not connected to Pupil. Returning default coordinates.
2024-10-06 01:44:44,697 - __main__ - DEBUG - Not connected to Pupil. Returning default coordinates.
2024-10-06 01:44:44,714 - __main__ - DEBUG - Not connected to Pupil. Returning default coordinates.
2024-10-06 01:44:44,732 - __main__ - DEBUG - Not connected to Pupil. Returning default coordinates.
2024-10-06 01:44:44,752 - __main__ - DEBUG - Not connected to Pupil. Returning default coordinates.
2024-10-06 01:44:44,769 - __main__ - DEBUG - Not connected to Pupil. Returning default coordinates.
2024-10-06 01:44:44,790 - __main__ - DEBUG - Not connected to Pupil. Returning default coordinates.
2024-10-06 01:44:44,807 - __main__ - DEBUG - Not connected to Pupil. Returning default coordinates.
2024-10-06 01:44:44,826 - __main__ - DEBUG - Not connected to Pupil. Returning default coordinates.
2024-10-06 01:44:44,844 - __main__ - DEBUG - Not connected to Pupil. Returning default coordinates.
2024-10-06 01:44:44,865 - __main__ - DEBUG - Not connected to Pupil. Returning default coordinates.
2024-10-06 01:44:44,883 - __main__ - DEBUG - Not connected to Pupil. Returning default coordinates.
2024-10-06 01:44:44,901 - __main__ - DEBUG - Not connected to Pupil. Returning default coordinates.
2024-10-06 01:44:44,916 - __main__ - DEBUG - Not connected to Pupil. Returning default coordinates.
2024-10-06 01:44:44,932 - __main__ - DEBUG - Not connected to Pupil. Returning default coordinates.
2024-10-06 01:44:44,947 - __main__ - DEBUG - Not connected to Pupil. Returning default coordinates.
2024-10-06 01:44:44,965 - __main__ - DEBUG - Not connected to Pupil. Returning default coordinates.
2024-10-06 01:44:44,983 - __main__ - DEBUG - Not connected to Pupil. Returning default coordinates.
2024-10-06 01:44:45,004 - __main__ - DEBUG - Not connected to Pupil. Returning default coordinates.
2024-10-06 01:44:45,022 - __main__ - DEBUG - Not connected to Pupil. Returning default coordinates.
2024-10-06 01:44:45,040 - __main__ - DEBUG - Not connected to Pupil. Returning default coordinates.
2024-10-06 01:44:45,055 - __main__ - DEBUG - Not connected to Pupil. Returning default coordinates.
2024-10-06 01:44:45,074 - __main__ - DEBUG - Not connected to Pupil. Returning default coordinates.
2024-10-06 01:44:45,095 - __main__ - DEBUG - Not connected to Pupil. Returning default coordinates.
2024-10-06 01:44:45,113 - __main__ - DEBUG - Not connected to Pupil. Returning default coordinates.
2024-10-06 01:44:45,132 - __main__ - DEBUG - Not connected to Pupil. Returning default coordinates.
2024-10-06 01:44:45,153 - __main__ - DEBUG - Not connected to Pupil. Returning default coordinates.
2024-10-06 01:44:45,178 - __main__ - DEBUG - Not connected to Pupil. Returning default coordinates.
2024-10-06 01:44:45,198 - __main__ - DEBUG - Not connected to Pupil. Returning default coordinates.
2024-10-06 01:44:45,219 - __main__ - DEBUG - Not connected to Pupil. Returning default coordinates.
2024-10-06 01:44:45,241 - __main__ - DEBUG - Not connected to Pupil. Returning default coordinates.
2024-10-06 01:44:45,260 - __main__ - DEBUG - Not connected to Pupil. Returning default coordinates.
2024-10-06 01:44:45,280 - __main__ - DEBUG - Not connected to Pupil. Returning default coordinates.
2024-10-06 01:44:45,299 - __main__ - DEBUG - Not connected to Pupil. Returning default coordinates.
2024-10-06 01:44:45,318 - __main__ - DEBUG - Not connected to Pupil. Returning default coordinates.
2024-10-06 01:44:45,338 - __main__ - DEBUG - Not connected to Pupil. Returning default coordinates.
2024-10-06 01:44:45,359 - __main__ - DEBUG - Not connected to Pupil. Returning default coordinates.
2024-10-06 01:44:45,382 - __main__ - DEBUG - Not connected to Pupil. Returning default coordinates.
2024-10-06 01:44:45,409 - __main__ - DEBUG - Not connected to Pupil. Returning default coordinates.
2024-10-06 01:44:45,431 - __main__ - DEBUG - Not connected to Pupil. Returning default coordinates.
2024-10-06 01:44:45,456 - __main__ - DEBUG - Not connected to Pupil. Returning default coordinates.
2024-10-06 01:44:45,478 - __main__ - DEBUG - Not connected to Pupil. Returning default coordinates.
2024-10-06 01:44:45,504 - __main__ - DEBUG - Not connected to Pupil. Returning default coordinates.
2024-10-06 01:44:45,532 - __main__ - DEBUG - Not connected to Pupil. Returning default coordinates.
2024-10-06 01:44:45,551 - __main__ - DEBUG - Not connected to Pupil. Returning default coordinates.
2024-10-06 01:44:45,574 - __main__ - DEBUG - Not connected to Pupil. Returning default coordinates.
2024-10-06 01:44:45,596 - __main__ - DEBUG - Not connected to Pupil. Returning default coordinates.
2024-10-06 01:44:45,611 - __main__ - DEBUG - Not connected to Pupil. Returning default coordinates.
2024-10-06 01:44:45,626 - __main__ - DEBUG - Not connected to Pupil. Returning default coordinates.
2024-10-06 01:44:45,643 - __main__ - DEBUG - Not connected to Pupil. Returning default coordinates.
2024-10-06 01:44:45,661 - __main__ - DEBUG - Not connected to Pupil. Returning default coordinates.
2024-10-06 01:44:45,678 - __main__ - DEBUG - Not connected to Pupil. Returning default coordinates.
2024-10-06 01:44:45,696 - __main__ - DEBUG - Not connected to Pupil. Returning default coordinates.
2024-10-06 01:44:45,714 - __main__ - DEBUG - Not connected to Pupil. Returning default coordinates.
2024-10-06 01:44:45,734 - __main__ - DEBUG - Not connected to Pupil. Returning default coordinates.
2024-10-06 01:44:45,755 - __main__ - DEBUG - Not connected to Pupil. Returning default coordinates.
2024-10-06 01:44:45,775 - __main__ - DEBUG - Not connected to Pupil. Returning default coordinates.
2024-10-06 01:44:45,792 - __main__ - DEBUG - Not connected to Pupil. Returning default coordinates.
2024-10-06 01:44:45,803 - __main__ - INFO - Processed frame 100
2024-10-06 01:44:45,803 - __main__ - DEBUG - Got raw frame: (1080, 1920, 3)
2024-10-06 01:44:45,803 - __main__ - DEBUG - Got gaze coordinates: (None, None)
2024-10-06 01:44:45,803 - __main__ - DEBUG - Got fixation coordinates: (None, None)
2024-10-06 01:44:45,803 - __main__ - DEBUG - Got drawn frame: (1080, 1920, 3)
2024-10-06 01:44:45,803 - __main__ - DEBUG - Got final frame: (1080, 1920, 3)
2024-10-06 01:44:45,808 - __main__ - DEBUG - Not connected to Pupil. Returning default coordinates.
2024-10-06 01:44:45,828 - __main__ - DEBUG - Not connected to Pupil. Returning default coordinates.
2024-10-06 01:44:45,846 - __main__ - DEBUG - Not connected to Pupil. Returning default coordinates.
2024-10-06 01:44:45,863 - __main__ - DEBUG - Not connected to Pupil. Returning default coordinates.
2024-10-06 01:44:45,879 - __main__ - DEBUG - Not connected to Pupil. Returning default coordinates.
2024-10-06 01:44:45,894 - __main__ - DEBUG - Not connected to Pupil. Returning default coordinates.
2024-10-06 01:44:45,910 - __main__ - DEBUG - Not connected to Pupil. Returning default coordinates.
2024-10-06 01:44:45,927 - __main__ - DEBUG - Not connected to Pupil. Returning default coordinates.
2024-10-06 01:44:45,943 - __main__ - DEBUG - Not connected to Pupil. Returning default coordinates.
2024-10-06 01:44:45,962 - __main__ - DEBUG - Not connected to Pupil. Returning default coordinates.
2024-10-06 01:44:45,978 - __main__ - DEBUG - Not connected to Pupil. Returning default coordinates.
2024-10-06 01:44:45,994 - __main__ - DEBUG - Not connected to Pupil. Returning default coordinates.
2024-10-06 01:44:46,014 - __main__ - DEBUG - Not connected to Pupil. Returning default coordinates.
2024-10-06 01:44:46,029 - __main__ - DEBUG - Not connected to Pupil. Returning default coordinates.
2024-10-06 01:44:46,045 - __main__ - DEBUG - Not connected to Pupil. Returning default coordinates.
2024-10-06 01:44:46,062 - __main__ - DEBUG - Not connected to Pupil. Returning default coordinates.
2024-10-06 01:44:46,079 - __main__ - DEBUG - Not connected to Pupil. Returning default coordinates.
2024-10-06 01:44:46,096 - __main__ - DEBUG - Not connected to Pupil. Returning default coordinates.
2024-10-06 01:44:46,116 - __main__ - DEBUG - Not connected to Pupil. Returning default coordinates.
2024-10-06 01:44:46,135 - __main__ - DEBUG - Not connected to Pupil. Returning default coordinates.
2024-10-06 01:44:46,154 - __main__ - DEBUG - Not connected to Pupil. Returning default coordinates.
2024-10-06 01:44:46,172 - __main__ - DEBUG - Not connected to Pupil. Returning default coordinates.
2024-10-06 01:44:46,192 - __main__ - DEBUG - Not connected to Pupil. Returning default coordinates.
2024-10-06 01:44:46,209 - __main__ - DEBUG - Not connected to Pupil. Returning default coordinates.
2024-10-06 01:44:46,227 - __main__ - DEBUG - Not connected to Pupil. Returning default coordinates.
2024-10-06 01:44:46,243 - __main__ - DEBUG - Not connected to Pupil. Returning default coordinates.
2024-10-06 01:44:46,261 - __main__ - DEBUG - Not connected to Pupil. Returning default coordinates.
2024-10-06 01:44:46,278 - __main__ - DEBUG - Not connected to Pupil. Returning default coordinates.
2024-10-06 01:44:46,293 - __main__ - DEBUG - Not connected to Pupil. Returning default coordinates.
2024-10-06 01:44:46,309 - __main__ - DEBUG - Not connected to Pupil. Returning default coordinates.
2024-10-06 01:44:46,326 - __main__ - DEBUG - Not connected to Pupil. Returning default coordinates.
2024-10-06 01:44:46,343 - __main__ - DEBUG - Not connected to Pupil. Returning default coordinates.
2024-10-06 01:44:46,361 - __main__ - DEBUG - Not connected to Pupil. Returning default coordinates.
2024-10-06 01:44:46,378 - __main__ - DEBUG - Not connected to Pupil. Returning default coordinates.
2024-10-06 01:44:46,394 - __main__ - DEBUG - Not connected to Pupil. Returning default coordinates.
2024-10-06 01:44:46,414 - __main__ - DEBUG - Not connected to Pupil. Returning default coordinates.
2024-10-06 01:44:46,432 - __main__ - DEBUG - Not connected to Pupil. Returning default coordinates.
2024-10-06 01:44:46,451 - __main__ - DEBUG - Not connected to Pupil. Returning default coordinates.
2024-10-06 01:44:46,471 - __main__ - DEBUG - Not connected to Pupil. Returning default coordinates.
2024-10-06 01:44:46,488 - __main__ - DEBUG - Not connected to Pupil. Returning default coordinates.
2024-10-06 01:44:46,512 - __main__ - DEBUG - Not connected to Pupil. Returning default coordinates.
2024-10-06 01:44:46,530 - __main__ - DEBUG - Not connected to Pupil. Returning default coordinates.
2024-10-06 01:44:46,549 - __main__ - DEBUG - Not connected to Pupil. Returning default coordinates.
2024-10-06 01:44:46,569 - __main__ - DEBUG - Not connected to Pupil. Returning default coordinates.
2024-10-06 01:44:46,588 - __main__ - DEBUG - Not connected to Pupil. Returning default coordinates.
2024-10-06 01:44:46,609 - __main__ - DEBUG - Not connected to Pupil. Returning default coordinates.
2024-10-06 01:44:46,627 - __main__ - DEBUG - Not connected to Pupil. Returning default coordinates.
2024-10-06 01:44:46,646 - __main__ - DEBUG - Not connected to Pupil. Returning default coordinates.
2024-10-06 01:44:46,663 - __main__ - DEBUG - Not connected to Pupil. Returning default coordinates.
2024-10-06 01:44:46,681 - __main__ - DEBUG - Not connected to Pupil. Returning default coordinates.
2024-10-06 01:44:46,699 - __main__ - DEBUG - Not connected to Pupil. Returning default coordinates.
2024-10-06 01:44:46,715 - __main__ - DEBUG - Not connected to Pupil. Returning default coordinates.
2024-10-06 01:44:46,733 - __main__ - DEBUG - Not connected to Pupil. Returning default coordinates.
2024-10-06 01:44:46,749 - __main__ - DEBUG - Not connected to Pupil. Returning default coordinates.
2024-10-06 01:44:46,766 - __main__ - DEBUG - Not connected to Pupil. Returning default coordinates.
2024-10-06 01:44:46,784 - __main__ - DEBUG - Not connected to Pupil. Returning default coordinates.
2024-10-06 01:44:46,804 - __main__ - DEBUG - Not connected to Pupil. Returning default coordinates.
2024-10-06 01:44:46,823 - __main__ - DEBUG - Not connected to Pupil. Returning default coordinates.
2024-10-06 01:44:46,846 - __main__ - DEBUG - Not connected to Pupil. Returning default coordinates.
2024-10-06 01:44:46,872 - __main__ - DEBUG - Not connected to Pupil. Returning default coordinates.
2024-10-06 01:44:46,894 - __main__ - DEBUG - Not connected to Pupil. Returning default coordinates.
2024-10-06 01:44:46,917 - __main__ - DEBUG - Not connected to Pupil. Returning default coordinates.
2024-10-06 01:44:46,940 - __main__ - DEBUG - Not connected to Pupil. Returning default coordinates.
2024-10-06 01:44:46,960 - __main__ - DEBUG - Not connected to Pupil. Returning default coordinates.
2024-10-06 01:44:46,981 - __main__ - DEBUG - Not connected to Pupil. Returning default coordinates.
2024-10-06 01:44:46,998 - __main__ - DEBUG - Not connected to Pupil. Returning default coordinates.
2024-10-06 01:44:47,015 - __main__ - DEBUG - Not connected to Pupil. Returning default coordinates.
2024-10-06 01:44:47,033 - __main__ - DEBUG - Not connected to Pupil. Returning default coordinates.
2024-10-06 01:44:47,055 - __main__ - DEBUG - Not connected to Pupil. Returning default coordinates.
2024-10-06 01:44:47,079 - __main__ - DEBUG - Not connected to Pupil. Returning default coordinates.
2024-10-06 01:44:47,100 - __main__ - DEBUG - Not connected to Pupil. Returning default coordinates.
2024-10-06 01:44:47,117 - __main__ - DEBUG - Not connected to Pupil. Returning default coordinates.
2024-10-06 01:44:47,137 - __main__ - DEBUG - Not connected to Pupil. Returning default coordinates.
2024-10-06 01:44:47,160 - __main__ - DEBUG - Not connected to Pupil. Returning default coordinates.
2024-10-06 01:44:47,180 - __main__ - DEBUG - Not connected to Pupil. Returning default coordinates.
2024-10-06 01:44:47,198 - __main__ - DEBUG - Not connected to Pupil. Returning default coordinates.
2024-10-06 01:44:47,219 - __main__ - DEBUG - Not connected to Pupil. Returning default coordinates.
2024-10-06 01:44:47,238 - __main__ - DEBUG - Not connected to Pupil. Returning default coordinates.
2024-10-06 01:44:47,256 - __main__ - DEBUG - Not connected to Pupil. Returning default coordinates.
2024-10-06 01:44:47,280 - __main__ - DEBUG - Not connected to Pupil. Returning default coordinates.
2024-10-06 01:44:47,298 - __main__ - DEBUG - Not connected to Pupil. Returning default coordinates.
2024-10-06 01:44:47,315 - __main__ - DEBUG - Not connected to Pupil. Returning default coordinates.
2024-10-06 01:44:47,331 - __main__ - DEBUG - Not connected to Pupil. Returning default coordinates.
2024-10-06 01:44:47,347 - __main__ - DEBUG - Not connected to Pupil. Returning default coordinates.
2024-10-06 01:44:47,364 - __main__ - DEBUG - Not connected to Pupil. Returning default coordinates.
2024-10-06 01:44:47,384 - __main__ - DEBUG - Not connected to Pupil. Returning default coordinates.
2024-10-06 01:44:47,403 - __main__ - DEBUG - Not connected to Pupil. Returning default coordinates.
2024-10-06 01:44:47,420 - __main__ - DEBUG - Not connected to Pupil. Returning default coordinates.
2024-10-06 01:44:47,439 - __main__ - DEBUG - Not connected to Pupil. Returning default coordinates.
2024-10-06 01:44:47,454 - __main__ - DEBUG - Not connected to Pupil. Returning default coordinates.
2024-10-06 01:44:47,472 - __main__ - DEBUG - Not connected to Pupil. Returning default coordinates.
2024-10-06 01:44:47,493 - __main__ - DEBUG - Not connected to Pupil. Returning default coordinates.
2024-10-06 01:44:47,510 - __main__ - DEBUG - Not connected to Pupil. Returning default coordinates.
2024-10-06 01:44:47,529 - __main__ - DEBUG - Not connected to Pupil. Returning default coordinates.
2024-10-06 01:44:47,547 - __main__ - DEBUG - Not connected to Pupil. Returning default coordinates.
2024-10-06 01:44:47,566 - __main__ - DEBUG - Not connected to Pupil. Returning default coordinates.
2024-10-06 01:44:47,584 - __main__ - DEBUG - Not connected to Pupil. Returning default coordinates.
2024-10-06 01:44:47,607 - __main__ - DEBUG - Not connected to Pupil. Returning default coordinates.
2024-10-06 01:44:47,630 - __main__ - DEBUG - Not connected to Pupil. Returning default coordinates.
2024-10-06 01:44:47,647 - __main__ - DEBUG - Not connected to Pupil. Returning default coordinates.
2024-10-06 01:44:47,668 - __main__ - INFO - Processed frame 200
2024-10-06 01:44:47,668 - __main__ - DEBUG - Got raw frame: (1080, 1920, 3)
2024-10-06 01:44:47,668 - __main__ - DEBUG - Got gaze coordinates: (None, None)
2024-10-06 01:44:47,668 - __main__ - DEBUG - Got fixation coordinates: (None, None)
2024-10-06 01:44:47,668 - __main__ - DEBUG - Got drawn frame: (1080, 1920, 3)
2024-10-06 01:44:47,668 - __main__ - DEBUG - Got final frame: (1080, 1920, 3)
2024-10-06 01:44:47,674 - __main__ - DEBUG - Not connected to Pupil. Returning default coordinates.
2024-10-06 01:44:47,697 - __main__ - DEBUG - Not connected to Pupil. Returning default coordinates.
2024-10-06 01:44:47,715 - __main__ - DEBUG - Not connected to Pupil. Returning default coordinates.
2024-10-06 01:44:47,732 - __main__ - DEBUG - Not connected to Pupil. Returning default coordinates.
2024-10-06 01:44:47,751 - __main__ - DEBUG - Not connected to Pupil. Returning default coordinates.
2024-10-06 01:44:47,767 - __main__ - DEBUG - Not connected to Pupil. Returning default coordinates.
2024-10-06 01:44:47,785 - __main__ - DEBUG - Not connected to Pupil. Returning default coordinates.
2024-10-06 01:44:47,803 - __main__ - INFO - Quit signal received
2024-10-06 01:44:47,806 - __main__ - INFO - Closed ZMQ connections
2024-10-06 01:44:47,806 - __main__ - INFO - Application closed successfully
