2024-10-06 01:37:08,190 - __main__ - INFO - Starting Gaze Drawing App
2024-10-06 01:37:28,211 - __main__ - WARNING - Connection to Pupil timed out
2024-10-06 01:37:28,211 - __main__ - INFO - Attempted connection to Surface Listener
2024-10-06 01:37:28,211 - __main__ - INFO - Created Empty Video stream
2024-10-06 01:37:28,315 - PIL.PngImagePlugin - DEBUG - STREAM b'IHDR' 16 13
2024-10-06 01:37:28,315 - PIL.PngImagePlugin - DEBUG - STREAM b'bKGD' 41 6
2024-10-06 01:37:28,315 - PIL.PngImagePlugin - DEBUG - b'bKGD' 41 6 (unknown)
2024-10-06 01:37:28,315 - PIL.PngImagePlugin - DEBUG - STREAM b'IDAT' 59 5036
2024-10-06 01:37:28,386 - PIL.PngImagePlugin - DEBUG - STREAM b'IHDR' 16 13
2024-10-06 01:37:28,387 - PIL.PngImagePlugin - DEBUG - STREAM b'bKGD' 41 6
2024-10-06 01:37:28,387 - PIL.PngImagePlugin - DEBUG - b'bKGD' 41 6 (unknown)
2024-10-06 01:37:28,387 - PIL.PngImagePlugin - DEBUG - STREAM b'IDAT' 59 5021
2024-10-06 01:37:28,397 - __main__ - INFO - Created AprilTagRenderer
2024-10-06 01:37:28,397 - __main__ - INFO - Created FrameDrawing object
2024-10-06 01:37:28,500 - __main__ - INFO - Created display window: Debug Window
2024-10-06 01:37:28,500 - __main__ - DEBUG - Not connected to Pupil. Returning default coordinates.
2024-10-06 01:37:28,570 - __main__ - DEBUG - Not connected to Pupil. Returning default coordinates.
2024-10-06 01:37:28,598 - __main__ - DEBUG - Not connected to Pupil. Returning default coordinates.
2024-10-06 01:37:28,636 - __main__ - DEBUG - Not connected to Pupil. Returning default coordinates.
2024-10-06 01:37:28,668 - __main__ - DEBUG - Not connected to Pupil. Returning default coordinates.
2024-10-06 01:37:28,692 - __main__ - DEBUG - Not connected to Pupil. Returning default coordinates.
2024-10-06 01:37:28,716 - __main__ - DEBUG - Not connected to Pupil. Returning default coordinates.
2024-10-06 01:37:28,735 - __main__ - DEBUG - Not connected to Pupil. Returning default coordinates.
2024-10-06 01:37:28,752 - __main__ - DEBUG - Not connected to Pupil. Returning default coordinates.
2024-10-06 01:37:28,769 - __main__ - DEBUG - Not connected to Pupil. Returning default coordinates.
2024-10-06 01:37:28,788 - __main__ - DEBUG - Not connected to Pupil. Returning default coordinates.
2024-10-06 01:37:28,806 - __main__ - DEBUG - Not connected to Pupil. Returning default coordinates.
2024-10-06 01:37:28,827 - __main__ - DEBUG - Not connected to Pupil. Returning default coordinates.
2024-10-06 01:37:28,846 - __main__ - DEBUG - Not connected to Pupil. Returning default coordinates.
2024-10-06 01:37:28,869 - __main__ - DEBUG - Not connected to Pupil. Returning default coordinates.
2024-10-06 01:37:28,884 - __main__ - DEBUG - Not connected to Pupil. Returning default coordinates.
2024-10-06 01:37:28,904 - __main__ - DEBUG - Not connected to Pupil. Returning default coordinates.
2024-10-06 01:37:28,927 - __main__ - DEBUG - Not connected to Pupil. Returning default coordinates.
2024-10-06 01:37:28,948 - __main__ - DEBUG - Not connected to Pupil. Returning default coordinates.
2024-10-06 01:37:28,963 - __main__ - DEBUG - Not connected to Pupil. Returning default coordinates.
2024-10-06 01:37:28,978 - __main__ - DEBUG - Not connected to Pupil. Returning default coordinates.
2024-10-06 01:37:28,994 - __main__ - DEBUG - Not connected to Pupil. Returning default coordinates.
2024-10-06 01:37:29,008 - __main__ - DEBUG - Not connected to Pupil. Returning default coordinates.
2024-10-06 01:37:29,024 - __main__ - DEBUG - Not connected to Pupil. Returning default coordinates.
2024-10-06 01:37:29,040 - __main__ - DEBUG - Not connected to Pupil. Returning default coordinates.
2024-10-06 01:37:29,056 - __main__ - DEBUG - Not connected to Pupil. Returning default coordinates.
2024-10-06 01:37:29,072 - __main__ - DEBUG - Not connected to Pupil. Returning default coordinates.
2024-10-06 01:37:29,087 - __main__ - DEBUG - Not connected to Pupil. Returning default coordinates.
2024-10-06 01:37:29,101 - __main__ - DEBUG - Not connected to Pupil. Returning default coordinates.
2024-10-06 01:37:29,120 - __main__ - DEBUG - Not connected to Pupil. Returning default coordinates.
2024-10-06 01:37:29,143 - __main__ - DEBUG - Not connected to Pupil. Returning default coordinates.
2024-10-06 01:37:29,161 - __main__ - DEBUG - Not connected to Pupil. Returning default coordinates.
2024-10-06 01:37:29,177 - __main__ - DEBUG - Not connected to Pupil. Returning default coordinates.
2024-10-06 01:37:29,194 - __main__ - DEBUG - Not connected to Pupil. Returning default coordinates.
2024-10-06 01:37:29,212 - __main__ - DEBUG - Not connected to Pupil. Returning default coordinates.
2024-10-06 01:37:29,229 - __main__ - DEBUG - Not connected to Pupil. Returning default coordinates.
2024-10-06 01:37:29,248 - __main__ - DEBUG - Not connected to Pupil. Returning default coordinates.
2024-10-06 01:37:29,265 - __main__ - DEBUG - Not connected to Pupil. Returning default coordinates.
2024-10-06 01:37:29,281 - __main__ - DEBUG - Not connected to Pupil. Returning default coordinates.
2024-10-06 01:37:29,297 - __main__ - DEBUG - Not connected to Pupil. Returning default coordinates.
2024-10-06 01:37:29,311 - __main__ - DEBUG - Not connected to Pupil. Returning default coordinates.
2024-10-06 01:37:29,325 - __main__ - DEBUG - Not connected to Pupil. Returning default coordinates.
2024-10-06 01:37:29,341 - __main__ - DEBUG - Not connected to Pupil. Returning default coordinates.
2024-10-06 01:37:29,356 - __main__ - DEBUG - Not connected to Pupil. Returning default coordinates.
2024-10-06 01:37:29,373 - __main__ - DEBUG - Not connected to Pupil. Returning default coordinates.
2024-10-06 01:37:29,390 - __main__ - DEBUG - Not connected to Pupil. Returning default coordinates.
2024-10-06 01:37:29,407 - __main__ - DEBUG - Not connected to Pupil. Returning default coordinates.
2024-10-06 01:37:29,423 - __main__ - DEBUG - Not connected to Pupil. Returning default coordinates.
2024-10-06 01:37:29,439 - __main__ - DEBUG - Not connected to Pupil. Returning default coordinates.
2024-10-06 01:37:29,456 - __main__ - DEBUG - Not connected to Pupil. Returning default coordinates.
2024-10-06 01:37:29,472 - __main__ - DEBUG - Not connected to Pupil. Returning default coordinates.
2024-10-06 01:37:29,488 - __main__ - DEBUG - Not connected to Pupil. Returning default coordinates.
2024-10-06 01:37:29,507 - __main__ - DEBUG - Not connected to Pupil. Returning default coordinates.
2024-10-06 01:37:29,523 - __main__ - DEBUG - Not connected to Pupil. Returning default coordinates.
2024-10-06 01:37:29,540 - __main__ - DEBUG - Not connected to Pupil. Returning default coordinates.
2024-10-06 01:37:29,558 - __main__ - DEBUG - Not connected to Pupil. Returning default coordinates.
2024-10-06 01:37:29,574 - __main__ - DEBUG - Not connected to Pupil. Returning default coordinates.
2024-10-06 01:37:29,590 - __main__ - DEBUG - Not connected to Pupil. Returning default coordinates.
2024-10-06 01:37:29,606 - __main__ - DEBUG - Not connected to Pupil. Returning default coordinates.
2024-10-06 01:37:29,623 - __main__ - DEBUG - Not connected to Pupil. Returning default coordinates.
2024-10-06 01:37:29,639 - __main__ - DEBUG - Not connected to Pupil. Returning default coordinates.
2024-10-06 01:37:29,656 - __main__ - DEBUG - Not connected to Pupil. Returning default coordinates.
2024-10-06 01:37:29,673 - __main__ - DEBUG - Not connected to Pupil. Returning default coordinates.
2024-10-06 01:37:29,688 - __main__ - DEBUG - Not connected to Pupil. Returning default coordinates.
2024-10-06 01:37:29,705 - __main__ - DEBUG - Not connected to Pupil. Returning default coordinates.
2024-10-06 01:37:29,720 - __main__ - DEBUG - Not connected to Pupil. Returning default coordinates.
2024-10-06 01:37:29,739 - __main__ - DEBUG - Not connected to Pupil. Returning default coordinates.
2024-10-06 01:37:29,757 - __main__ - DEBUG - Not connected to Pupil. Returning default coordinates.
2024-10-06 01:37:29,775 - __main__ - DEBUG - Not connected to Pupil. Returning default coordinates.
2024-10-06 01:37:29,793 - __main__ - DEBUG - Not connected to Pupil. Returning default coordinates.
2024-10-06 01:37:29,809 - __main__ - DEBUG - Not connected to Pupil. Returning default coordinates.
2024-10-06 01:37:29,826 - __main__ - DEBUG - Not connected to Pupil. Returning default coordinates.
2024-10-06 01:37:29,842 - __main__ - DEBUG - Not connected to Pupil. Returning default coordinates.
2024-10-06 01:37:29,860 - __main__ - DEBUG - Not connected to Pupil. Returning default coordinates.
2024-10-06 01:37:29,877 - __main__ - DEBUG - Not connected to Pupil. Returning default coordinates.
2024-10-06 01:37:29,898 - __main__ - DEBUG - Not connected to Pupil. Returning default coordinates.
2024-10-06 01:37:29,914 - __main__ - DEBUG - Not connected to Pupil. Returning default coordinates.
2024-10-06 01:37:29,932 - __main__ - DEBUG - Not connected to Pupil. Returning default coordinates.
2024-10-06 01:37:29,951 - __main__ - DEBUG - Not connected to Pupil. Returning default coordinates.
2024-10-06 01:37:29,972 - __main__ - DEBUG - Not connected to Pupil. Returning default coordinates.
2024-10-06 01:37:29,991 - __main__ - DEBUG - Not connected to Pupil. Returning default coordinates.
2024-10-06 01:37:30,009 - __main__ - DEBUG - Not connected to Pupil. Returning default coordinates.
2024-10-06 01:37:30,030 - __main__ - DEBUG - Not connected to Pupil. Returning default coordinates.
2024-10-06 01:37:30,063 - __main__ - DEBUG - Not connected to Pupil. Returning default coordinates.
2024-10-06 01:37:30,085 - __main__ - DEBUG - Not connected to Pupil. Returning default coordinates.
2024-10-06 01:37:30,110 - __main__ - DEBUG - Not connected to Pupil. Returning default coordinates.
2024-10-06 01:37:30,134 - __main__ - DEBUG - Not connected to Pupil. Returning default coordinates.
2024-10-06 01:37:30,155 - __main__ - DEBUG - Not connected to Pupil. Returning default coordinates.
2024-10-06 01:37:30,177 - __main__ - DEBUG - Not connected to Pupil. Returning default coordinates.
2024-10-06 01:37:30,194 - __main__ - DEBUG - Not connected to Pupil. Returning default coordinates.
2024-10-06 01:37:30,212 - __main__ - DEBUG - Not connected to Pupil. Returning default coordinates.
2024-10-06 01:37:30,229 - __main__ - DEBUG - Not connected to Pupil. Returning default coordinates.
2024-10-06 01:37:30,246 - __main__ - DEBUG - Not connected to Pupil. Returning default coordinates.
2024-10-06 01:37:30,269 - __main__ - DEBUG - Not connected to Pupil. Returning default coordinates.
2024-10-06 01:37:30,286 - __main__ - DEBUG - Not connected to Pupil. Returning default coordinates.
2024-10-06 01:37:30,307 - __main__ - DEBUG - Not connected to Pupil. Returning default coordinates.
2024-10-06 01:37:30,326 - __main__ - DEBUG - Not connected to Pupil. Returning default coordinates.
2024-10-06 01:37:30,347 - __main__ - DEBUG - Not connected to Pupil. Returning default coordinates.
2024-10-06 01:37:30,368 - __main__ - DEBUG - Not connected to Pupil. Returning default coordinates.
2024-10-06 01:37:30,386 - __main__ - DEBUG - Not connected to Pupil. Returning default coordinates.
2024-10-06 01:37:30,396 - __main__ - INFO - Processed frame 100
2024-10-06 01:37:30,397 - __main__ - DEBUG - Got raw frame: (1080, 1920, 3)
2024-10-06 01:37:30,397 - __main__ - DEBUG - Got gaze coordinates: (None, None)
2024-10-06 01:37:30,397 - __main__ - DEBUG - Got fixation coordinates: (None, None)
2024-10-06 01:37:30,397 - __main__ - DEBUG - Got drawn frame: (1080, 1920, 3)
2024-10-06 01:37:30,397 - __main__ - DEBUG - Got final frame: (1080, 1920, 3)
2024-10-06 01:37:30,403 - __main__ - DEBUG - Not connected to Pupil. Returning default coordinates.
2024-10-06 01:37:30,422 - __main__ - DEBUG - Not connected to Pupil. Returning default coordinates.
2024-10-06 01:37:30,437 - __main__ - DEBUG - Not connected to Pupil. Returning default coordinates.
2024-10-06 01:37:30,454 - __main__ - DEBUG - Not connected to Pupil. Returning default coordinates.
2024-10-06 01:37:30,469 - __main__ - DEBUG - Not connected to Pupil. Returning default coordinates.
2024-10-06 01:37:30,487 - __main__ - DEBUG - Not connected to Pupil. Returning default coordinates.
2024-10-06 01:37:30,502 - __main__ - DEBUG - Not connected to Pupil. Returning default coordinates.
2024-10-06 01:37:30,521 - __main__ - DEBUG - Not connected to Pupil. Returning default coordinates.
2024-10-06 01:37:30,538 - __main__ - DEBUG - Not connected to Pupil. Returning default coordinates.
2024-10-06 01:37:30,553 - __main__ - DEBUG - Not connected to Pupil. Returning default coordinates.
2024-10-06 01:37:30,570 - __main__ - DEBUG - Not connected to Pupil. Returning default coordinates.
2024-10-06 01:37:30,587 - __main__ - DEBUG - Not connected to Pupil. Returning default coordinates.
2024-10-06 01:37:30,606 - __main__ - DEBUG - Not connected to Pupil. Returning default coordinates.
2024-10-06 01:37:30,624 - __main__ - DEBUG - Not connected to Pupil. Returning default coordinates.
2024-10-06 01:37:30,640 - __main__ - DEBUG - Not connected to Pupil. Returning default coordinates.
2024-10-06 01:37:30,658 - __main__ - DEBUG - Not connected to Pupil. Returning default coordinates.
2024-10-06 01:37:30,674 - __main__ - DEBUG - Not connected to Pupil. Returning default coordinates.
2024-10-06 01:37:30,692 - __main__ - DEBUG - Not connected to Pupil. Returning default coordinates.
2024-10-06 01:37:30,711 - __main__ - DEBUG - Not connected to Pupil. Returning default coordinates.
2024-10-06 01:37:30,729 - __main__ - DEBUG - Not connected to Pupil. Returning default coordinates.
2024-10-06 01:37:30,746 - __main__ - DEBUG - Not connected to Pupil. Returning default coordinates.
2024-10-06 01:37:30,765 - __main__ - DEBUG - Not connected to Pupil. Returning default coordinates.
2024-10-06 01:37:30,783 - __main__ - DEBUG - Not connected to Pupil. Returning default coordinates.
2024-10-06 01:37:30,800 - __main__ - DEBUG - Not connected to Pupil. Returning default coordinates.
2024-10-06 01:37:30,814 - __main__ - DEBUG - Not connected to Pupil. Returning default coordinates.
2024-10-06 01:37:30,829 - __main__ - DEBUG - Not connected to Pupil. Returning default coordinates.
2024-10-06 01:37:30,845 - __main__ - DEBUG - Not connected to Pupil. Returning default coordinates.
2024-10-06 01:37:30,860 - __main__ - DEBUG - Not connected to Pupil. Returning default coordinates.
2024-10-06 01:37:30,876 - __main__ - DEBUG - Not connected to Pupil. Returning default coordinates.
2024-10-06 01:37:30,892 - __main__ - DEBUG - Not connected to Pupil. Returning default coordinates.
2024-10-06 01:37:30,907 - __main__ - DEBUG - Not connected to Pupil. Returning default coordinates.
2024-10-06 01:37:30,921 - __main__ - DEBUG - Not connected to Pupil. Returning default coordinates.
2024-10-06 01:37:30,936 - __main__ - DEBUG - Not connected to Pupil. Returning default coordinates.
2024-10-06 01:37:30,949 - __main__ - DEBUG - Not connected to Pupil. Returning default coordinates.
2024-10-06 01:37:30,963 - __main__ - DEBUG - Not connected to Pupil. Returning default coordinates.
2024-10-06 01:37:30,978 - __main__ - DEBUG - Not connected to Pupil. Returning default coordinates.
2024-10-06 01:37:30,991 - __main__ - DEBUG - Not connected to Pupil. Returning default coordinates.
2024-10-06 01:37:31,005 - __main__ - DEBUG - Not connected to Pupil. Returning default coordinates.
2024-10-06 01:37:31,019 - __main__ - DEBUG - Not connected to Pupil. Returning default coordinates.
2024-10-06 01:37:31,033 - __main__ - DEBUG - Not connected to Pupil. Returning default coordinates.
2024-10-06 01:37:31,048 - __main__ - DEBUG - Not connected to Pupil. Returning default coordinates.
2024-10-06 01:37:31,061 - __main__ - DEBUG - Not connected to Pupil. Returning default coordinates.
2024-10-06 01:37:31,076 - __main__ - DEBUG - Not connected to Pupil. Returning default coordinates.
2024-10-06 01:37:31,091 - __main__ - DEBUG - Not connected to Pupil. Returning default coordinates.
2024-10-06 01:37:31,106 - __main__ - DEBUG - Not connected to Pupil. Returning default coordinates.
2024-10-06 01:37:31,120 - __main__ - DEBUG - Not connected to Pupil. Returning default coordinates.
2024-10-06 01:37:31,136 - __main__ - DEBUG - Not connected to Pupil. Returning default coordinates.
2024-10-06 01:37:31,152 - __main__ - DEBUG - Not connected to Pupil. Returning default coordinates.
2024-10-06 01:37:31,165 - __main__ - DEBUG - Not connected to Pupil. Returning default coordinates.
2024-10-06 01:37:31,180 - __main__ - DEBUG - Not connected to Pupil. Returning default coordinates.
2024-10-06 01:37:31,196 - __main__ - DEBUG - Not connected to Pupil. Returning default coordinates.
2024-10-06 01:37:31,211 - __main__ - DEBUG - Not connected to Pupil. Returning default coordinates.
2024-10-06 01:37:31,226 - __main__ - DEBUG - Not connected to Pupil. Returning default coordinates.
2024-10-06 01:37:31,242 - __main__ - DEBUG - Not connected to Pupil. Returning default coordinates.
2024-10-06 01:37:31,256 - __main__ - DEBUG - Not connected to Pupil. Returning default coordinates.
2024-10-06 01:37:31,273 - __main__ - DEBUG - Not connected to Pupil. Returning default coordinates.
2024-10-06 01:37:31,289 - __main__ - DEBUG - Not connected to Pupil. Returning default coordinates.
2024-10-06 01:37:31,307 - __main__ - DEBUG - Not connected to Pupil. Returning default coordinates.
2024-10-06 01:37:31,324 - __main__ - DEBUG - Not connected to Pupil. Returning default coordinates.
2024-10-06 01:37:31,344 - __main__ - DEBUG - Not connected to Pupil. Returning default coordinates.
2024-10-06 01:37:31,367 - __main__ - DEBUG - Not connected to Pupil. Returning default coordinates.
2024-10-06 01:37:31,383 - __main__ - DEBUG - Not connected to Pupil. Returning default coordinates.
2024-10-06 01:37:31,403 - __main__ - DEBUG - Not connected to Pupil. Returning default coordinates.
2024-10-06 01:37:31,417 - __main__ - DEBUG - Not connected to Pupil. Returning default coordinates.
2024-10-06 01:37:31,433 - __main__ - DEBUG - Not connected to Pupil. Returning default coordinates.
2024-10-06 01:37:31,450 - __main__ - DEBUG - Not connected to Pupil. Returning default coordinates.
2024-10-06 01:37:31,469 - __main__ - DEBUG - Not connected to Pupil. Returning default coordinates.
2024-10-06 01:37:31,486 - __main__ - DEBUG - Not connected to Pupil. Returning default coordinates.
2024-10-06 01:37:31,502 - __main__ - DEBUG - Not connected to Pupil. Returning default coordinates.
2024-10-06 01:37:31,518 - __main__ - DEBUG - Not connected to Pupil. Returning default coordinates.
2024-10-06 01:37:31,534 - __main__ - DEBUG - Not connected to Pupil. Returning default coordinates.
2024-10-06 01:37:31,548 - __main__ - DEBUG - Not connected to Pupil. Returning default coordinates.
2024-10-06 01:37:31,569 - __main__ - DEBUG - Not connected to Pupil. Returning default coordinates.
2024-10-06 01:37:31,590 - __main__ - DEBUG - Not connected to Pupil. Returning default coordinates.
2024-10-06 01:37:31,608 - __main__ - DEBUG - Not connected to Pupil. Returning default coordinates.
2024-10-06 01:37:31,625 - __main__ - DEBUG - Not connected to Pupil. Returning default coordinates.
2024-10-06 01:37:31,643 - __main__ - DEBUG - Not connected to Pupil. Returning default coordinates.
2024-10-06 01:37:31,660 - __main__ - DEBUG - Not connected to Pupil. Returning default coordinates.
2024-10-06 01:37:31,678 - __main__ - DEBUG - Not connected to Pupil. Returning default coordinates.
2024-10-06 01:37:31,694 - __main__ - DEBUG - Not connected to Pupil. Returning default coordinates.
2024-10-06 01:37:31,711 - __main__ - DEBUG - Not connected to Pupil. Returning default coordinates.
2024-10-06 01:37:31,727 - __main__ - DEBUG - Not connected to Pupil. Returning default coordinates.
2024-10-06 01:37:31,744 - __main__ - DEBUG - Not connected to Pupil. Returning default coordinates.
2024-10-06 01:37:31,760 - __main__ - DEBUG - Not connected to Pupil. Returning default coordinates.
2024-10-06 01:37:31,778 - __main__ - DEBUG - Not connected to Pupil. Returning default coordinates.
2024-10-06 01:37:31,795 - __main__ - DEBUG - Not connected to Pupil. Returning default coordinates.
2024-10-06 01:37:31,813 - __main__ - DEBUG - Not connected to Pupil. Returning default coordinates.
2024-10-06 01:37:31,835 - __main__ - DEBUG - Not connected to Pupil. Returning default coordinates.
2024-10-06 01:37:31,853 - __main__ - DEBUG - Not connected to Pupil. Returning default coordinates.
2024-10-06 01:37:31,870 - __main__ - DEBUG - Not connected to Pupil. Returning default coordinates.
2024-10-06 01:37:31,890 - __main__ - DEBUG - Not connected to Pupil. Returning default coordinates.
2024-10-06 01:37:31,908 - __main__ - DEBUG - Not connected to Pupil. Returning default coordinates.
2024-10-06 01:37:31,930 - __main__ - DEBUG - Not connected to Pupil. Returning default coordinates.
2024-10-06 01:37:31,948 - __main__ - DEBUG - Not connected to Pupil. Returning default coordinates.
2024-10-06 01:37:31,964 - __main__ - DEBUG - Not connected to Pupil. Returning default coordinates.
2024-10-06 01:37:31,982 - __main__ - DEBUG - Not connected to Pupil. Returning default coordinates.
2024-10-06 01:37:32,000 - __main__ - DEBUG - Not connected to Pupil. Returning default coordinates.
2024-10-06 01:37:32,018 - __main__ - DEBUG - Not connected to Pupil. Returning default coordinates.
2024-10-06 01:37:32,035 - __main__ - DEBUG - Not connected to Pupil. Returning default coordinates.
2024-10-06 01:37:32,050 - __main__ - DEBUG - Not connected to Pupil. Returning default coordinates.
2024-10-06 01:37:32,060 - __main__ - INFO - Processed frame 200
2024-10-06 01:37:32,061 - __main__ - DEBUG - Got raw frame: (1080, 1920, 3)
2024-10-06 01:37:32,061 - __main__ - DEBUG - Got gaze coordinates: (None, None)
2024-10-06 01:37:32,061 - __main__ - DEBUG - Got fixation coordinates: (None, None)
2024-10-06 01:37:32,061 - __main__ - DEBUG - Got drawn frame: (1080, 1920, 3)
2024-10-06 01:37:32,061 - __main__ - DEBUG - Got final frame: (1080, 1920, 3)
2024-10-06 01:37:32,065 - __main__ - DEBUG - Not connected to Pupil. Returning default coordinates.
2024-10-06 01:37:32,080 - __main__ - DEBUG - Not connected to Pupil. Returning default coordinates.
2024-10-06 01:37:32,096 - __main__ - DEBUG - Not connected to Pupil. Returning default coordinates.
2024-10-06 01:37:32,112 - __main__ - DEBUG - Not connected to Pupil. Returning default coordinates.
2024-10-06 01:37:32,129 - __main__ - DEBUG - Not connected to Pupil. Returning default coordinates.
2024-10-06 01:37:32,145 - __main__ - DEBUG - Not connected to Pupil. Returning default coordinates.
2024-10-06 01:37:32,159 - __main__ - DEBUG - Not connected to Pupil. Returning default coordinates.
2024-10-06 01:37:32,175 - __main__ - DEBUG - Not connected to Pupil. Returning default coordinates.
2024-10-06 01:37:32,194 - __main__ - DEBUG - Not connected to Pupil. Returning default coordinates.
2024-10-06 01:37:32,212 - __main__ - DEBUG - Not connected to Pupil. Returning default coordinates.
2024-10-06 01:37:32,227 - __main__ - DEBUG - Not connected to Pupil. Returning default coordinates.
2024-10-06 01:37:32,246 - __main__ - DEBUG - Not connected to Pupil. Returning default coordinates.
2024-10-06 01:37:32,265 - __main__ - DEBUG - Not connected to Pupil. Returning default coordinates.
2024-10-06 01:37:32,285 - __main__ - DEBUG - Not connected to Pupil. Returning default coordinates.
2024-10-06 01:37:32,304 - __main__ - DEBUG - Not connected to Pupil. Returning default coordinates.
2024-10-06 01:37:32,322 - __main__ - DEBUG - Not connected to Pupil. Returning default coordinates.
2024-10-06 01:37:32,341 - __main__ - DEBUG - Not connected to Pupil. Returning default coordinates.
2024-10-06 01:37:32,358 - __main__ - DEBUG - Not connected to Pupil. Returning default coordinates.
2024-10-06 01:37:32,377 - __main__ - DEBUG - Not connected to Pupil. Returning default coordinates.
2024-10-06 01:37:32,392 - __main__ - DEBUG - Not connected to Pupil. Returning default coordinates.
2024-10-06 01:37:32,414 - __main__ - DEBUG - Not connected to Pupil. Returning default coordinates.
2024-10-06 01:37:32,451 - __main__ - DEBUG - Not connected to Pupil. Returning default coordinates.
2024-10-06 01:37:32,475 - __main__ - DEBUG - Not connected to Pupil. Returning default coordinates.
2024-10-06 01:37:32,498 - __main__ - DEBUG - Not connected to Pupil. Returning default coordinates.
2024-10-06 01:37:32,515 - __main__ - DEBUG - Not connected to Pupil. Returning default coordinates.
2024-10-06 01:37:32,532 - __main__ - DEBUG - Not connected to Pupil. Returning default coordinates.
2024-10-06 01:37:32,550 - __main__ - DEBUG - Not connected to Pupil. Returning default coordinates.
2024-10-06 01:37:32,568 - __main__ - DEBUG - Not connected to Pupil. Returning default coordinates.
2024-10-06 01:37:32,586 - __main__ - DEBUG - Not connected to Pupil. Returning default coordinates.
2024-10-06 01:37:32,606 - __main__ - DEBUG - Not connected to Pupil. Returning default coordinates.
2024-10-06 01:37:32,623 - __main__ - DEBUG - Not connected to Pupil. Returning default coordinates.
2024-10-06 01:37:32,643 - __main__ - DEBUG - Not connected to Pupil. Returning default coordinates.
2024-10-06 01:37:32,662 - __main__ - DEBUG - Not connected to Pupil. Returning default coordinates.
2024-10-06 01:37:32,679 - __main__ - DEBUG - Not connected to Pupil. Returning default coordinates.
2024-10-06 01:37:32,701 - __main__ - DEBUG - Not connected to Pupil. Returning default coordinates.
2024-10-06 01:37:32,725 - __main__ - DEBUG - Not connected to Pupil. Returning default coordinates.
2024-10-06 01:37:32,744 - __main__ - DEBUG - Not connected to Pupil. Returning default coordinates.
2024-10-06 01:37:32,762 - __main__ - DEBUG - Not connected to Pupil. Returning default coordinates.
2024-10-06 01:37:32,783 - __main__ - DEBUG - Not connected to Pupil. Returning default coordinates.
2024-10-06 01:37:32,803 - __main__ - DEBUG - Not connected to Pupil. Returning default coordinates.
2024-10-06 01:37:32,827 - __main__ - DEBUG - Not connected to Pupil. Returning default coordinates.
2024-10-06 01:37:32,847 - __main__ - DEBUG - Not connected to Pupil. Returning default coordinates.
2024-10-06 01:37:32,867 - __main__ - DEBUG - Not connected to Pupil. Returning default coordinates.
2024-10-06 01:37:32,886 - __main__ - DEBUG - Not connected to Pupil. Returning default coordinates.
2024-10-06 01:37:32,902 - __main__ - DEBUG - Not connected to Pupil. Returning default coordinates.
2024-10-06 01:37:32,920 - __main__ - DEBUG - Not connected to Pupil. Returning default coordinates.
2024-10-06 01:37:32,940 - __main__ - DEBUG - Not connected to Pupil. Returning default coordinates.
2024-10-06 01:37:32,957 - __main__ - DEBUG - Not connected to Pupil. Returning default coordinates.
2024-10-06 01:37:32,974 - __main__ - DEBUG - Not connected to Pupil. Returning default coordinates.
2024-10-06 01:37:32,992 - __main__ - DEBUG - Not connected to Pupil. Returning default coordinates.
2024-10-06 01:37:33,010 - __main__ - DEBUG - Not connected to Pupil. Returning default coordinates.
2024-10-06 01:37:33,027 - __main__ - DEBUG - Not connected to Pupil. Returning default coordinates.
2024-10-06 01:37:33,047 - __main__ - DEBUG - Not connected to Pupil. Returning default coordinates.
2024-10-06 01:37:33,066 - __main__ - DEBUG - Not connected to Pupil. Returning default coordinates.
2024-10-06 01:37:33,081 - __main__ - DEBUG - Not connected to Pupil. Returning default coordinates.
2024-10-06 01:37:33,097 - __main__ - DEBUG - Not connected to Pupil. Returning default coordinates.
2024-10-06 01:37:33,114 - __main__ - DEBUG - Not connected to Pupil. Returning default coordinates.
2024-10-06 01:37:33,134 - __main__ - DEBUG - Not connected to Pupil. Returning default coordinates.
2024-10-06 01:37:33,151 - __main__ - DEBUG - Not connected to Pupil. Returning default coordinates.
2024-10-06 01:37:33,168 - __main__ - DEBUG - Not connected to Pupil. Returning default coordinates.
2024-10-06 01:37:33,188 - __main__ - DEBUG - Not connected to Pupil. Returning default coordinates.
2024-10-06 01:37:33,206 - __main__ - DEBUG - Not connected to Pupil. Returning default coordinates.
2024-10-06 01:37:33,224 - __main__ - DEBUG - Not connected to Pupil. Returning default coordinates.
2024-10-06 01:37:33,240 - __main__ - DEBUG - Not connected to Pupil. Returning default coordinates.
2024-10-06 01:37:33,257 - __main__ - DEBUG - Not connected to Pupil. Returning default coordinates.
2024-10-06 01:37:33,272 - __main__ - DEBUG - Not connected to Pupil. Returning default coordinates.
2024-10-06 01:37:33,289 - __main__ - DEBUG - Not connected to Pupil. Returning default coordinates.
2024-10-06 01:37:33,306 - __main__ - DEBUG - Not connected to Pupil. Returning default coordinates.
2024-10-06 01:37:33,322 - __main__ - DEBUG - Not connected to Pupil. Returning default coordinates.
2024-10-06 01:37:33,339 - __main__ - DEBUG - Not connected to Pupil. Returning default coordinates.
2024-10-06 01:37:33,357 - __main__ - DEBUG - Not connected to Pupil. Returning default coordinates.
2024-10-06 01:37:33,375 - __main__ - DEBUG - Not connected to Pupil. Returning default coordinates.
2024-10-06 01:37:33,398 - __main__ - DEBUG - Not connected to Pupil. Returning default coordinates.
2024-10-06 01:37:33,416 - __main__ - DEBUG - Not connected to Pupil. Returning default coordinates.
2024-10-06 01:37:33,439 - __main__ - DEBUG - Not connected to Pupil. Returning default coordinates.
2024-10-06 01:37:33,463 - __main__ - DEBUG - Not connected to Pupil. Returning default coordinates.
2024-10-06 01:37:33,485 - __main__ - DEBUG - Not connected to Pupil. Returning default coordinates.
2024-10-06 01:37:33,503 - __main__ - DEBUG - Not connected to Pupil. Returning default coordinates.
2024-10-06 01:37:33,521 - __main__ - DEBUG - Not connected to Pupil. Returning default coordinates.
2024-10-06 01:37:33,540 - __main__ - DEBUG - Not connected to Pupil. Returning default coordinates.
2024-10-06 01:37:33,559 - __main__ - DEBUG - Not connected to Pupil. Returning default coordinates.
2024-10-06 01:37:33,581 - __main__ - DEBUG - Not connected to Pupil. Returning default coordinates.
2024-10-06 01:37:33,599 - __main__ - DEBUG - Not connected to Pupil. Returning default coordinates.
2024-10-06 01:37:33,618 - __main__ - DEBUG - Not connected to Pupil. Returning default coordinates.
2024-10-06 01:37:33,631 - __main__ - DEBUG - Not connected to Pupil. Returning default coordinates.
2024-10-06 01:37:33,647 - __main__ - DEBUG - Not connected to Pupil. Returning default coordinates.
2024-10-06 01:37:33,664 - __main__ - DEBUG - Not connected to Pupil. Returning default coordinates.
2024-10-06 01:37:33,685 - __main__ - DEBUG - Not connected to Pupil. Returning default coordinates.
2024-10-06 01:37:33,704 - __main__ - DEBUG - Not connected to Pupil. Returning default coordinates.
2024-10-06 01:37:33,723 - __main__ - DEBUG - Not connected to Pupil. Returning default coordinates.
2024-10-06 01:37:33,741 - __main__ - DEBUG - Not connected to Pupil. Returning default coordinates.
2024-10-06 01:37:33,758 - __main__ - DEBUG - Not connected to Pupil. Returning default coordinates.
2024-10-06 01:37:33,775 - __main__ - DEBUG - Not connected to Pupil. Returning default coordinates.
2024-10-06 01:37:33,797 - __main__ - DEBUG - Not connected to Pupil. Returning default coordinates.
2024-10-06 01:37:33,814 - __main__ - DEBUG - Not connected to Pupil. Returning default coordinates.
2024-10-06 01:37:33,831 - __main__ - DEBUG - Not connected to Pupil. Returning default coordinates.
2024-10-06 01:37:33,846 - __main__ - DEBUG - Not connected to Pupil. Returning default coordinates.
2024-10-06 01:37:33,863 - __main__ - DEBUG - Not connected to Pupil. Returning default coordinates.
2024-10-06 01:37:33,881 - __main__ - DEBUG - Not connected to Pupil. Returning default coordinates.
2024-10-06 01:37:33,898 - __main__ - DEBUG - Not connected to Pupil. Returning default coordinates.
2024-10-06 01:37:33,912 - __main__ - INFO - Processed frame 300
2024-10-06 01:37:33,912 - __main__ - DEBUG - Got raw frame: (1080, 1920, 3)
2024-10-06 01:37:33,912 - __main__ - DEBUG - Got gaze coordinates: (None, None)
2024-10-06 01:37:33,912 - __main__ - DEBUG - Got fixation coordinates: (None, None)
2024-10-06 01:37:33,912 - __main__ - DEBUG - Got drawn frame: (1080, 1920, 3)
2024-10-06 01:37:33,912 - __main__ - DEBUG - Got final frame: (1080, 1920, 3)
2024-10-06 01:37:33,917 - __main__ - DEBUG - Not connected to Pupil. Returning default coordinates.
2024-10-06 01:37:33,933 - __main__ - DEBUG - Not connected to Pupil. Returning default coordinates.
2024-10-06 01:37:33,953 - __main__ - DEBUG - Not connected to Pupil. Returning default coordinates.
2024-10-06 01:37:33,971 - __main__ - DEBUG - Not connected to Pupil. Returning default coordinates.
2024-10-06 01:37:33,989 - __main__ - DEBUG - Not connected to Pupil. Returning default coordinates.
2024-10-06 01:37:34,005 - __main__ - DEBUG - Not connected to Pupil. Returning default coordinates.
2024-10-06 01:37:34,022 - __main__ - DEBUG - Not connected to Pupil. Returning default coordinates.
2024-10-06 01:37:34,040 - __main__ - DEBUG - Not connected to Pupil. Returning default coordinates.
2024-10-06 01:37:34,060 - __main__ - DEBUG - Not connected to Pupil. Returning default coordinates.
2024-10-06 01:37:34,078 - __main__ - DEBUG - Not connected to Pupil. Returning default coordinates.
2024-10-06 01:37:34,097 - __main__ - DEBUG - Not connected to Pupil. Returning default coordinates.
2024-10-06 01:37:34,113 - __main__ - DEBUG - Not connected to Pupil. Returning default coordinates.
2024-10-06 01:37:34,129 - __main__ - DEBUG - Not connected to Pupil. Returning default coordinates.
2024-10-06 01:37:34,147 - __main__ - DEBUG - Not connected to Pupil. Returning default coordinates.
2024-10-06 01:37:34,168 - __main__ - DEBUG - Not connected to Pupil. Returning default coordinates.
2024-10-06 01:37:34,185 - __main__ - DEBUG - Not connected to Pupil. Returning default coordinates.
2024-10-06 01:37:34,201 - __main__ - DEBUG - Not connected to Pupil. Returning default coordinates.
2024-10-06 01:37:34,220 - __main__ - DEBUG - Not connected to Pupil. Returning default coordinates.
2024-10-06 01:37:34,238 - __main__ - DEBUG - Not connected to Pupil. Returning default coordinates.
2024-10-06 01:37:34,258 - __main__ - DEBUG - Not connected to Pupil. Returning default coordinates.
2024-10-06 01:37:34,275 - __main__ - DEBUG - Not connected to Pupil. Returning default coordinates.
2024-10-06 01:37:34,293 - __main__ - DEBUG - Not connected to Pupil. Returning default coordinates.
2024-10-06 01:37:34,313 - __main__ - DEBUG - Not connected to Pupil. Returning default coordinates.
2024-10-06 01:37:34,331 - __main__ - DEBUG - Not connected to Pupil. Returning default coordinates.
2024-10-06 01:37:34,352 - __main__ - DEBUG - Not connected to Pupil. Returning default coordinates.
2024-10-06 01:37:34,373 - __main__ - DEBUG - Not connected to Pupil. Returning default coordinates.
2024-10-06 01:37:34,391 - __main__ - DEBUG - Not connected to Pupil. Returning default coordinates.
2024-10-06 01:37:34,407 - __main__ - DEBUG - Not connected to Pupil. Returning default coordinates.
2024-10-06 01:37:34,424 - __main__ - DEBUG - Not connected to Pupil. Returning default coordinates.
2024-10-06 01:37:34,440 - __main__ - DEBUG - Not connected to Pupil. Returning default coordinates.
2024-10-06 01:37:34,459 - __main__ - DEBUG - Not connected to Pupil. Returning default coordinates.
2024-10-06 01:37:34,474 - __main__ - DEBUG - Not connected to Pupil. Returning default coordinates.
2024-10-06 01:37:34,490 - __main__ - DEBUG - Not connected to Pupil. Returning default coordinates.
2024-10-06 01:37:34,506 - __main__ - DEBUG - Not connected to Pupil. Returning default coordinates.
2024-10-06 01:37:34,525 - __main__ - DEBUG - Not connected to Pupil. Returning default coordinates.
2024-10-06 01:37:34,548 - __main__ - DEBUG - Not connected to Pupil. Returning default coordinates.
2024-10-06 01:37:34,566 - __main__ - DEBUG - Not connected to Pupil. Returning default coordinates.
2024-10-06 01:37:34,584 - __main__ - DEBUG - Not connected to Pupil. Returning default coordinates.
2024-10-06 01:37:34,600 - __main__ - DEBUG - Not connected to Pupil. Returning default coordinates.
2024-10-06 01:37:34,619 - __main__ - DEBUG - Not connected to Pupil. Returning default coordinates.
2024-10-06 01:37:34,638 - __main__ - DEBUG - Not connected to Pupil. Returning default coordinates.
2024-10-06 01:37:34,657 - __main__ - DEBUG - Not connected to Pupil. Returning default coordinates.
2024-10-06 01:37:34,673 - __main__ - DEBUG - Not connected to Pupil. Returning default coordinates.
2024-10-06 01:37:34,692 - __main__ - DEBUG - Not connected to Pupil. Returning default coordinates.
2024-10-06 01:37:34,712 - __main__ - DEBUG - Not connected to Pupil. Returning default coordinates.
2024-10-06 01:37:34,730 - __main__ - DEBUG - Not connected to Pupil. Returning default coordinates.
2024-10-06 01:37:34,746 - __main__ - DEBUG - Not connected to Pupil. Returning default coordinates.
2024-10-06 01:37:34,764 - __main__ - DEBUG - Not connected to Pupil. Returning default coordinates.
2024-10-06 01:37:34,780 - __main__ - DEBUG - Not connected to Pupil. Returning default coordinates.
2024-10-06 01:37:34,797 - __main__ - DEBUG - Not connected to Pupil. Returning default coordinates.
2024-10-06 01:37:34,812 - __main__ - DEBUG - Not connected to Pupil. Returning default coordinates.
2024-10-06 01:37:34,829 - __main__ - DEBUG - Not connected to Pupil. Returning default coordinates.
2024-10-06 01:37:34,845 - __main__ - DEBUG - Not connected to Pupil. Returning default coordinates.
2024-10-06 01:37:34,862 - __main__ - DEBUG - Not connected to Pupil. Returning default coordinates.
2024-10-06 01:37:34,880 - __main__ - DEBUG - Not connected to Pupil. Returning default coordinates.
2024-10-06 01:37:34,900 - __main__ - DEBUG - Not connected to Pupil. Returning default coordinates.
2024-10-06 01:37:34,922 - __main__ - DEBUG - Not connected to Pupil. Returning default coordinates.
2024-10-06 01:37:34,943 - __main__ - DEBUG - Not connected to Pupil. Returning default coordinates.
2024-10-06 01:37:34,961 - __main__ - DEBUG - Not connected to Pupil. Returning default coordinates.
2024-10-06 01:37:34,979 - __main__ - DEBUG - Not connected to Pupil. Returning default coordinates.
2024-10-06 01:37:34,998 - __main__ - DEBUG - Not connected to Pupil. Returning default coordinates.
2024-10-06 01:37:35,022 - __main__ - DEBUG - Not connected to Pupil. Returning default coordinates.
2024-10-06 01:37:35,041 - __main__ - DEBUG - Not connected to Pupil. Returning default coordinates.
2024-10-06 01:37:35,060 - __main__ - DEBUG - Not connected to Pupil. Returning default coordinates.
2024-10-06 01:37:35,080 - __main__ - DEBUG - Not connected to Pupil. Returning default coordinates.
2024-10-06 01:37:35,097 - __main__ - DEBUG - Not connected to Pupil. Returning default coordinates.
2024-10-06 01:37:35,118 - __main__ - DEBUG - Not connected to Pupil. Returning default coordinates.
2024-10-06 01:37:35,138 - __main__ - DEBUG - Not connected to Pupil. Returning default coordinates.
2024-10-06 01:37:35,157 - __main__ - DEBUG - Not connected to Pupil. Returning default coordinates.
2024-10-06 01:37:35,176 - __main__ - DEBUG - Not connected to Pupil. Returning default coordinates.
2024-10-06 01:37:35,196 - __main__ - DEBUG - Not connected to Pupil. Returning default coordinates.
2024-10-06 01:37:35,218 - __main__ - DEBUG - Not connected to Pupil. Returning default coordinates.
2024-10-06 01:37:35,237 - __main__ - DEBUG - Not connected to Pupil. Returning default coordinates.
2024-10-06 01:37:35,260 - __main__ - DEBUG - Not connected to Pupil. Returning default coordinates.
2024-10-06 01:37:35,281 - __main__ - DEBUG - Not connected to Pupil. Returning default coordinates.
2024-10-06 01:37:35,303 - __main__ - DEBUG - Not connected to Pupil. Returning default coordinates.
2024-10-06 01:37:35,325 - __main__ - DEBUG - Not connected to Pupil. Returning default coordinates.
2024-10-06 01:37:35,345 - __main__ - DEBUG - Not connected to Pupil. Returning default coordinates.
2024-10-06 01:37:35,366 - __main__ - DEBUG - Not connected to Pupil. Returning default coordinates.
2024-10-06 01:37:35,387 - __main__ - DEBUG - Not connected to Pupil. Returning default coordinates.
2024-10-06 01:37:35,414 - __main__ - DEBUG - Not connected to Pupil. Returning default coordinates.
2024-10-06 01:37:35,437 - __main__ - DEBUG - Not connected to Pupil. Returning default coordinates.
2024-10-06 01:37:35,463 - __main__ - DEBUG - Not connected to Pupil. Returning default coordinates.
2024-10-06 01:37:35,487 - __main__ - DEBUG - Not connected to Pupil. Returning default coordinates.
2024-10-06 01:37:35,509 - __main__ - DEBUG - Not connected to Pupil. Returning default coordinates.
2024-10-06 01:37:35,545 - __main__ - DEBUG - Not connected to Pupil. Returning default coordinates.
2024-10-06 01:37:35,571 - __main__ - DEBUG - Not connected to Pupil. Returning default coordinates.
2024-10-06 01:37:35,593 - __main__ - DEBUG - Not connected to Pupil. Returning default coordinates.
2024-10-06 01:37:35,618 - __main__ - DEBUG - Not connected to Pupil. Returning default coordinates.
2024-10-06 01:37:35,639 - __main__ - DEBUG - Not connected to Pupil. Returning default coordinates.
2024-10-06 01:37:35,661 - __main__ - DEBUG - Not connected to Pupil. Returning default coordinates.
2024-10-06 01:37:35,682 - __main__ - DEBUG - Not connected to Pupil. Returning default coordinates.
2024-10-06 01:37:35,703 - __main__ - DEBUG - Not connected to Pupil. Returning default coordinates.
2024-10-06 01:37:35,725 - __main__ - DEBUG - Not connected to Pupil. Returning default coordinates.
2024-10-06 01:37:35,746 - __main__ - DEBUG - Not connected to Pupil. Returning default coordinates.
2024-10-06 01:37:35,767 - __main__ - DEBUG - Not connected to Pupil. Returning default coordinates.
2024-10-06 01:37:35,790 - __main__ - DEBUG - Not connected to Pupil. Returning default coordinates.
2024-10-06 01:37:35,810 - __main__ - DEBUG - Not connected to Pupil. Returning default coordinates.
2024-10-06 01:37:35,829 - __main__ - DEBUG - Not connected to Pupil. Returning default coordinates.
2024-10-06 01:37:35,848 - __main__ - DEBUG - Not connected to Pupil. Returning default coordinates.
2024-10-06 01:37:35,862 - __main__ - INFO - Processed frame 400
2024-10-06 01:37:35,863 - __main__ - DEBUG - Got raw frame: (1080, 1920, 3)
2024-10-06 01:37:35,863 - __main__ - DEBUG - Got gaze coordinates: (None, None)
2024-10-06 01:37:35,863 - __main__ - DEBUG - Got fixation coordinates: (None, None)
2024-10-06 01:37:35,863 - __main__ - DEBUG - Got drawn frame: (1080, 1920, 3)
2024-10-06 01:37:35,863 - __main__ - DEBUG - Got final frame: (1080, 1920, 3)
2024-10-06 01:37:35,869 - __main__ - DEBUG - Not connected to Pupil. Returning default coordinates.
2024-10-06 01:37:35,890 - __main__ - DEBUG - Not connected to Pupil. Returning default coordinates.
2024-10-06 01:37:35,909 - __main__ - DEBUG - Not connected to Pupil. Returning default coordinates.
2024-10-06 01:37:35,928 - __main__ - DEBUG - Not connected to Pupil. Returning default coordinates.
2024-10-06 01:37:35,948 - __main__ - DEBUG - Not connected to Pupil. Returning default coordinates.
2024-10-06 01:37:35,968 - __main__ - DEBUG - Not connected to Pupil. Returning default coordinates.
2024-10-06 01:37:35,985 - __main__ - DEBUG - Not connected to Pupil. Returning default coordinates.
2024-10-06 01:37:36,006 - __main__ - DEBUG - Not connected to Pupil. Returning default coordinates.
2024-10-06 01:37:36,027 - __main__ - DEBUG - Not connected to Pupil. Returning default coordinates.
2024-10-06 01:37:36,046 - __main__ - DEBUG - Not connected to Pupil. Returning default coordinates.
2024-10-06 01:37:36,066 - __main__ - DEBUG - Not connected to Pupil. Returning default coordinates.
2024-10-06 01:37:36,085 - __main__ - DEBUG - Not connected to Pupil. Returning default coordinates.
2024-10-06 01:37:36,106 - __main__ - DEBUG - Not connected to Pupil. Returning default coordinates.
2024-10-06 01:37:36,130 - __main__ - DEBUG - Not connected to Pupil. Returning default coordinates.
2024-10-06 01:37:36,153 - __main__ - DEBUG - Not connected to Pupil. Returning default coordinates.
2024-10-06 01:37:36,180 - __main__ - DEBUG - Not connected to Pupil. Returning default coordinates.
2024-10-06 01:37:36,202 - __main__ - DEBUG - Not connected to Pupil. Returning default coordinates.
2024-10-06 01:37:36,228 - __main__ - DEBUG - Not connected to Pupil. Returning default coordinates.
2024-10-06 01:37:36,250 - __main__ - DEBUG - Not connected to Pupil. Returning default coordinates.
2024-10-06 01:37:36,273 - __main__ - DEBUG - Not connected to Pupil. Returning default coordinates.
2024-10-06 01:37:36,293 - __main__ - DEBUG - Not connected to Pupil. Returning default coordinates.
2024-10-06 01:37:36,314 - __main__ - DEBUG - Not connected to Pupil. Returning default coordinates.
2024-10-06 01:37:36,333 - __main__ - DEBUG - Not connected to Pupil. Returning default coordinates.
2024-10-06 01:37:36,355 - __main__ - DEBUG - Not connected to Pupil. Returning default coordinates.
2024-10-06 01:37:36,375 - __main__ - DEBUG - Not connected to Pupil. Returning default coordinates.
2024-10-06 01:37:36,394 - __main__ - DEBUG - Not connected to Pupil. Returning default coordinates.
2024-10-06 01:37:36,412 - __main__ - DEBUG - Not connected to Pupil. Returning default coordinates.
2024-10-06 01:37:36,435 - __main__ - DEBUG - Not connected to Pupil. Returning default coordinates.
2024-10-06 01:37:36,455 - __main__ - DEBUG - Not connected to Pupil. Returning default coordinates.
2024-10-06 01:37:36,473 - __main__ - DEBUG - Not connected to Pupil. Returning default coordinates.
2024-10-06 01:37:36,493 - __main__ - DEBUG - Not connected to Pupil. Returning default coordinates.
2024-10-06 01:37:36,511 - __main__ - DEBUG - Not connected to Pupil. Returning default coordinates.
2024-10-06 01:37:36,530 - __main__ - DEBUG - Not connected to Pupil. Returning default coordinates.
2024-10-06 01:37:36,551 - __main__ - DEBUG - Not connected to Pupil. Returning default coordinates.
2024-10-06 01:37:36,569 - __main__ - DEBUG - Not connected to Pupil. Returning default coordinates.
2024-10-06 01:37:36,589 - __main__ - DEBUG - Not connected to Pupil. Returning default coordinates.
2024-10-06 01:37:36,606 - __main__ - DEBUG - Not connected to Pupil. Returning default coordinates.
2024-10-06 01:37:36,624 - __main__ - DEBUG - Not connected to Pupil. Returning default coordinates.
2024-10-06 01:37:36,644 - __main__ - DEBUG - Not connected to Pupil. Returning default coordinates.
2024-10-06 01:37:36,663 - __main__ - DEBUG - Not connected to Pupil. Returning default coordinates.
2024-10-06 01:37:36,679 - __main__ - DEBUG - Not connected to Pupil. Returning default coordinates.
2024-10-06 01:37:36,697 - __main__ - DEBUG - Not connected to Pupil. Returning default coordinates.
2024-10-06 01:37:36,715 - __main__ - DEBUG - Not connected to Pupil. Returning default coordinates.
2024-10-06 01:37:36,733 - __main__ - DEBUG - Not connected to Pupil. Returning default coordinates.
2024-10-06 01:37:36,751 - __main__ - DEBUG - Not connected to Pupil. Returning default coordinates.
2024-10-06 01:37:36,769 - __main__ - DEBUG - Not connected to Pupil. Returning default coordinates.
2024-10-06 01:37:36,790 - __main__ - DEBUG - Not connected to Pupil. Returning default coordinates.
2024-10-06 01:37:36,808 - __main__ - DEBUG - Not connected to Pupil. Returning default coordinates.
2024-10-06 01:37:36,828 - __main__ - DEBUG - Not connected to Pupil. Returning default coordinates.
2024-10-06 01:37:36,848 - __main__ - DEBUG - Not connected to Pupil. Returning default coordinates.
2024-10-06 01:37:36,866 - __main__ - DEBUG - Not connected to Pupil. Returning default coordinates.
2024-10-06 01:37:36,884 - __main__ - DEBUG - Not connected to Pupil. Returning default coordinates.
2024-10-06 01:37:36,903 - __main__ - DEBUG - Not connected to Pupil. Returning default coordinates.
2024-10-06 01:37:36,923 - __main__ - DEBUG - Not connected to Pupil. Returning default coordinates.
2024-10-06 01:37:36,943 - __main__ - DEBUG - Not connected to Pupil. Returning default coordinates.
2024-10-06 01:37:36,966 - __main__ - DEBUG - Not connected to Pupil. Returning default coordinates.
2024-10-06 01:37:36,984 - __main__ - DEBUG - Not connected to Pupil. Returning default coordinates.
2024-10-06 01:37:37,003 - __main__ - DEBUG - Not connected to Pupil. Returning default coordinates.
2024-10-06 01:37:37,022 - __main__ - INFO - Quit signal received
2024-10-06 01:37:37,026 - __main__ - INFO - Closed ZMQ connections
2024-10-06 01:37:37,026 - __main__ - INFO - Application closed successfully
