2024-10-06 23:44:56,596 - __main__ - INFO - Starting Gaze Drawing App
2024-10-06 23:44:56,598 - __main__ - INFO - Attempted connection to Surface Listener
2024-10-06 23:44:56,598 - __main__ - INFO - Created Empty Video stream
2024-10-06 23:44:56,721 - PIL.PngImagePlugin - DEBUG - STREAM b'IHDR' 16 13
2024-10-06 23:44:56,721 - PIL.PngImagePlugin - DEBUG - STREAM b'bKGD' 41 6
2024-10-06 23:44:56,721 - PIL.PngImagePlugin - DEBUG - b'bKGD' 41 6 (unknown)
2024-10-06 23:44:56,721 - PIL.PngImagePlugin - DEBUG - STREAM b'IDAT' 59 5036
2024-10-06 23:44:56,767 - PIL.PngImagePlugin - DEBUG - STREAM b'IHDR' 16 13
2024-10-06 23:44:56,767 - PIL.PngImagePlugin - DEBUG - STREAM b'bKGD' 41 6
2024-10-06 23:44:56,767 - PIL.PngImagePlugin - DEBUG - b'bKGD' 41 6 (unknown)
2024-10-06 23:44:56,767 - PIL.PngImagePlugin - DEBUG - STREAM b'IDAT' 59 5021
2024-10-06 23:44:56,775 - __main__ - INFO - Created AprilTagRenderer
2024-10-06 23:44:56,775 - __main__ - INFO - Created FrameDrawing object
2024-10-06 23:44:56,807 - __main__ - INFO - Created display window: Debug Window
2024-10-06 23:44:57,928 - __main__ - DEBUG - Processed frame 100
2024-10-06 23:44:57,928 - __main__ - DEBUG - Got raw frame: (1080, 1920, 3)
2024-10-06 23:44:57,928 - __main__ - DEBUG - Got gaze coordinates: (None, None)
2024-10-06 23:44:57,928 - __main__ - DEBUG - Got fixation coordinates: (None, None)
2024-10-06 23:44:57,928 - __main__ - DEBUG - Got drawn frame: (1080, 1920, 3)
2024-10-06 23:44:57,928 - __main__ - DEBUG - Got final frame: (1080, 1920, 3)
2024-10-06 23:44:58,960 - __main__ - DEBUG - Processed frame 200
2024-10-06 23:44:58,960 - __main__ - DEBUG - Got raw frame: (1080, 1920, 3)
2024-10-06 23:44:58,961 - __main__ - DEBUG - Got gaze coordinates: (None, None)
2024-10-06 23:44:58,961 - __main__ - DEBUG - Got fixation coordinates: (None, None)
2024-10-06 23:44:58,961 - __main__ - DEBUG - Got drawn frame: (1080, 1920, 3)
2024-10-06 23:44:58,961 - __main__ - DEBUG - Got final frame: (1080, 1920, 3)
2024-10-06 23:44:59,248 - __main__ - INFO - Connected to Pupil
2024-10-06 23:44:59,248 - __main__ - INFO - Connected to surface topic
2024-10-06 23:45:00,295 - __main__ - DEBUG - Processed frame 300
2024-10-06 23:45:00,295 - __main__ - DEBUG - Got raw frame: (1080, 1920, 3)
2024-10-06 23:45:00,295 - __main__ - DEBUG - Got gaze coordinates: (None, None)
2024-10-06 23:45:00,295 - __main__ - DEBUG - Got fixation coordinates: (None, None)
2024-10-06 23:45:00,296 - __main__ - DEBUG - Got drawn frame: (1080, 1920, 3)
2024-10-06 23:45:00,296 - __main__ - DEBUG - Got final frame: (1080, 1920, 3)
2024-10-06 23:45:01,929 - __main__ - DEBUG - Processed frame 400
2024-10-06 23:45:01,929 - __main__ - DEBUG - Got raw frame: (1080, 1920, 3)
2024-10-06 23:45:01,929 - __main__ - DEBUG - Got gaze coordinates: (None, None)
2024-10-06 23:45:01,929 - __main__ - DEBUG - Got fixation coordinates: (None, None)
2024-10-06 23:45:01,930 - __main__ - DEBUG - Got drawn frame: (1080, 1920, 3)
2024-10-06 23:45:01,930 - __main__ - DEBUG - Got final frame: (1080, 1920, 3)
2024-10-06 23:45:03,501 - __main__ - DEBUG - Processed frame 500
2024-10-06 23:45:03,502 - __main__ - DEBUG - Got raw frame: (1080, 1920, 3)
2024-10-06 23:45:03,502 - __main__ - DEBUG - Got gaze coordinates: (None, None)
2024-10-06 23:45:03,502 - __main__ - DEBUG - Got fixation coordinates: (None, None)
2024-10-06 23:45:03,502 - __main__ - DEBUG - Got drawn frame: (1080, 1920, 3)
2024-10-06 23:45:03,502 - __main__ - DEBUG - Got final frame: (1080, 1920, 3)
2024-10-06 23:45:05,282 - __main__ - DEBUG - Processed frame 600
2024-10-06 23:45:05,282 - __main__ - DEBUG - Got raw frame: (1080, 1920, 3)
2024-10-06 23:45:05,282 - __main__ - DEBUG - Got gaze coordinates: (None, None)
2024-10-06 23:45:05,282 - __main__ - DEBUG - Got fixation coordinates: (None, None)
2024-10-06 23:45:05,283 - __main__ - DEBUG - Got drawn frame: (1080, 1920, 3)
2024-10-06 23:45:05,283 - __main__ - DEBUG - Got final frame: (1080, 1920, 3)
2024-10-06 23:45:07,229 - __main__ - DEBUG - Processed frame 700
2024-10-06 23:45:07,229 - __main__ - DEBUG - Got raw frame: (1080, 1920, 3)
2024-10-06 23:45:07,230 - __main__ - DEBUG - Got gaze coordinates: (None, None)
2024-10-06 23:45:07,230 - __main__ - DEBUG - Got fixation coordinates: (None, None)
2024-10-06 23:45:07,230 - __main__ - DEBUG - Got drawn frame: (1080, 1920, 3)
2024-10-06 23:45:07,230 - __main__ - DEBUG - Got final frame: (1080, 1920, 3)
2024-10-06 23:45:09,089 - __main__ - DEBUG - Processed frame 800
2024-10-06 23:45:09,090 - __main__ - DEBUG - Got raw frame: (1080, 1920, 3)
2024-10-06 23:45:09,090 - __main__ - DEBUG - Got gaze coordinates: (None, None)
2024-10-06 23:45:09,090 - __main__ - DEBUG - Got fixation coordinates: (None, None)
2024-10-06 23:45:09,090 - __main__ - DEBUG - Got drawn frame: (1080, 1920, 3)
2024-10-06 23:45:09,090 - __main__ - DEBUG - Got final frame: (1080, 1920, 3)
2024-10-06 23:45:11,059 - __main__ - DEBUG - Processed frame 900
2024-10-06 23:45:11,059 - __main__ - DEBUG - Got raw frame: (1080, 1920, 3)
2024-10-06 23:45:11,059 - __main__ - DEBUG - Got gaze coordinates: (None, None)
2024-10-06 23:45:11,059 - __main__ - DEBUG - Got fixation coordinates: (None, None)
2024-10-06 23:45:11,059 - __main__ - DEBUG - Got drawn frame: (1080, 1920, 3)
2024-10-06 23:45:11,059 - __main__ - DEBUG - Got final frame: (1080, 1920, 3)
2024-10-06 23:45:12,896 - __main__ - DEBUG - Processed frame 1000
2024-10-06 23:45:12,897 - __main__ - DEBUG - Got raw frame: (1080, 1920, 3)
2024-10-06 23:45:12,897 - __main__ - DEBUG - Got gaze coordinates: (None, None)
2024-10-06 23:45:12,898 - __main__ - DEBUG - Got fixation coordinates: (None, None)
2024-10-06 23:45:12,898 - __main__ - DEBUG - Got drawn frame: (1080, 1920, 3)
2024-10-06 23:45:12,898 - __main__ - DEBUG - Got final frame: (1080, 1920, 3)
2024-10-06 23:45:14,828 - __main__ - DEBUG - Processed frame 1100
2024-10-06 23:45:14,828 - __main__ - DEBUG - Got raw frame: (1080, 1920, 3)
2024-10-06 23:45:14,828 - __main__ - DEBUG - Got gaze coordinates: (None, None)
2024-10-06 23:45:14,828 - __main__ - DEBUG - Got fixation coordinates: (None, None)
2024-10-06 23:45:14,828 - __main__ - DEBUG - Got drawn frame: (1080, 1920, 3)
2024-10-06 23:45:14,829 - __main__ - DEBUG - Got final frame: (1080, 1920, 3)
2024-10-06 23:45:16,685 - __main__ - DEBUG - Processed frame 1200
2024-10-06 23:45:16,685 - __main__ - DEBUG - Got raw frame: (1080, 1920, 3)
2024-10-06 23:45:16,685 - __main__ - DEBUG - Got gaze coordinates: (None, None)
2024-10-06 23:45:16,685 - __main__ - DEBUG - Got fixation coordinates: (None, None)
2024-10-06 23:45:16,685 - __main__ - DEBUG - Got drawn frame: (1080, 1920, 3)
2024-10-06 23:45:16,685 - __main__ - DEBUG - Got final frame: (1080, 1920, 3)
2024-10-06 23:45:18,617 - __main__ - DEBUG - Processed frame 1300
2024-10-06 23:45:18,617 - __main__ - DEBUG - Got raw frame: (1080, 1920, 3)
2024-10-06 23:45:18,617 - __main__ - DEBUG - Got gaze coordinates: (None, None)
2024-10-06 23:45:18,617 - __main__ - DEBUG - Got fixation coordinates: (None, None)
2024-10-06 23:45:18,617 - __main__ - DEBUG - Got drawn frame: (1080, 1920, 3)
2024-10-06 23:45:18,617 - __main__ - DEBUG - Got final frame: (1080, 1920, 3)
2024-10-06 23:45:20,613 - __main__ - DEBUG - Processed frame 1400
2024-10-06 23:45:20,613 - __main__ - DEBUG - Got raw frame: (1080, 1920, 3)
2024-10-06 23:45:20,613 - __main__ - DEBUG - Got gaze coordinates: (None, None)
2024-10-06 23:45:20,614 - __main__ - DEBUG - Got fixation coordinates: (None, None)
2024-10-06 23:45:20,614 - __main__ - DEBUG - Got drawn frame: (1080, 1920, 3)
2024-10-06 23:45:20,614 - __main__ - DEBUG - Got final frame: (1080, 1920, 3)
2024-10-06 23:45:22,585 - __main__ - DEBUG - Processed frame 1500
2024-10-06 23:45:22,585 - __main__ - DEBUG - Got raw frame: (1080, 1920, 3)
2024-10-06 23:45:22,585 - __main__ - DEBUG - Got gaze coordinates: (None, None)
2024-10-06 23:45:22,585 - __main__ - DEBUG - Got fixation coordinates: (None, None)
2024-10-06 23:45:22,586 - __main__ - DEBUG - Got drawn frame: (1080, 1920, 3)
2024-10-06 23:45:22,586 - __main__ - DEBUG - Got final frame: (1080, 1920, 3)
2024-10-06 23:45:24,850 - __main__ - DEBUG - Processed frame 1600
2024-10-06 23:45:24,851 - __main__ - DEBUG - Got raw frame: (1080, 1920, 3)
2024-10-06 23:45:24,851 - __main__ - DEBUG - Got gaze coordinates: (None, None)
2024-10-06 23:45:24,852 - __main__ - DEBUG - Got fixation coordinates: (None, None)
2024-10-06 23:45:24,852 - __main__ - DEBUG - Got drawn frame: (1080, 1920, 3)
2024-10-06 23:45:24,852 - __main__ - DEBUG - Got final frame: (1080, 1920, 3)
2024-10-06 23:45:27,282 - __main__ - DEBUG - Processed frame 1700
2024-10-06 23:45:27,283 - __main__ - DEBUG - Got raw frame: (1080, 1920, 3)
2024-10-06 23:45:27,283 - __main__ - DEBUG - Got gaze coordinates: (None, None)
2024-10-06 23:45:27,283 - __main__ - DEBUG - Got fixation coordinates: (None, None)
2024-10-06 23:45:27,284 - __main__ - DEBUG - Got drawn frame: (1080, 1920, 3)
2024-10-06 23:45:27,284 - __main__ - DEBUG - Got final frame: (1080, 1920, 3)
2024-10-06 23:45:29,534 - __main__ - DEBUG - Processed frame 1800
2024-10-06 23:45:29,534 - __main__ - DEBUG - Got raw frame: (1080, 1920, 3)
2024-10-06 23:45:29,534 - __main__ - DEBUG - Got gaze coordinates: (None, None)
2024-10-06 23:45:29,534 - __main__ - DEBUG - Got fixation coordinates: (None, None)
2024-10-06 23:45:29,534 - __main__ - DEBUG - Got drawn frame: (1080, 1920, 3)
2024-10-06 23:45:29,534 - __main__ - DEBUG - Got final frame: (1080, 1920, 3)
2024-10-06 23:45:31,839 - __main__ - DEBUG - Processed frame 1900
2024-10-06 23:45:31,839 - __main__ - DEBUG - Got raw frame: (1080, 1920, 3)
2024-10-06 23:45:31,839 - __main__ - DEBUG - Got gaze coordinates: (None, None)
2024-10-06 23:45:31,839 - __main__ - DEBUG - Got fixation coordinates: (None, None)
2024-10-06 23:45:31,839 - __main__ - DEBUG - Got drawn frame: (1080, 1920, 3)
2024-10-06 23:45:31,839 - __main__ - DEBUG - Got final frame: (1080, 1920, 3)
2024-10-06 23:45:34,114 - __main__ - DEBUG - Processed frame 2000
2024-10-06 23:45:34,114 - __main__ - DEBUG - Got raw frame: (1080, 1920, 3)
2024-10-06 23:45:34,114 - __main__ - DEBUG - Got gaze coordinates: (None, None)
2024-10-06 23:45:34,114 - __main__ - DEBUG - Got fixation coordinates: (None, None)
2024-10-06 23:45:34,115 - __main__ - DEBUG - Got drawn frame: (1080, 1920, 3)
2024-10-06 23:45:34,115 - __main__ - DEBUG - Got final frame: (1080, 1920, 3)
2024-10-06 23:45:36,403 - __main__ - DEBUG - Processed frame 2100
2024-10-06 23:45:36,403 - __main__ - DEBUG - Got raw frame: (1080, 1920, 3)
2024-10-06 23:45:36,403 - __main__ - DEBUG - Got gaze coordinates: (None, None)
2024-10-06 23:45:36,404 - __main__ - DEBUG - Got fixation coordinates: (None, None)
2024-10-06 23:45:36,404 - __main__ - DEBUG - Got drawn frame: (1080, 1920, 3)
2024-10-06 23:45:36,404 - __main__ - DEBUG - Got final frame: (1080, 1920, 3)
2024-10-06 23:45:38,715 - __main__ - DEBUG - Processed frame 2200
2024-10-06 23:45:38,716 - __main__ - DEBUG - Got raw frame: (1080, 1920, 3)
2024-10-06 23:45:38,716 - __main__ - DEBUG - Got gaze coordinates: (None, None)
2024-10-06 23:45:38,716 - __main__ - DEBUG - Got fixation coordinates: (None, None)
2024-10-06 23:45:38,716 - __main__ - DEBUG - Got drawn frame: (1080, 1920, 3)
2024-10-06 23:45:38,716 - __main__ - DEBUG - Got final frame: (1080, 1920, 3)
2024-10-06 23:45:41,006 - __main__ - DEBUG - Processed frame 2300
2024-10-06 23:45:41,006 - __main__ - DEBUG - Got raw frame: (1080, 1920, 3)
2024-10-06 23:45:41,006 - __main__ - DEBUG - Got gaze coordinates: (None, None)
2024-10-06 23:45:41,007 - __main__ - DEBUG - Got fixation coordinates: (None, None)
2024-10-06 23:45:41,007 - __main__ - DEBUG - Got drawn frame: (1080, 1920, 3)
2024-10-06 23:45:41,007 - __main__ - DEBUG - Got final frame: (1080, 1920, 3)
2024-10-06 23:45:43,304 - __main__ - DEBUG - Processed frame 2400
2024-10-06 23:45:43,304 - __main__ - DEBUG - Got raw frame: (1080, 1920, 3)
2024-10-06 23:45:43,304 - __main__ - DEBUG - Got gaze coordinates: (None, None)
2024-10-06 23:45:43,304 - __main__ - DEBUG - Got fixation coordinates: (None, None)
2024-10-06 23:45:43,304 - __main__ - DEBUG - Got drawn frame: (1080, 1920, 3)
2024-10-06 23:45:43,304 - __main__ - DEBUG - Got final frame: (1080, 1920, 3)
2024-10-06 23:45:45,593 - __main__ - DEBUG - Processed frame 2500
2024-10-06 23:45:45,593 - __main__ - DEBUG - Got raw frame: (1080, 1920, 3)
2024-10-06 23:45:45,594 - __main__ - DEBUG - Got gaze coordinates: (None, None)
2024-10-06 23:45:45,594 - __main__ - DEBUG - Got fixation coordinates: (None, None)
2024-10-06 23:45:45,594 - __main__ - DEBUG - Got drawn frame: (1080, 1920, 3)
2024-10-06 23:45:45,594 - __main__ - DEBUG - Got final frame: (1080, 1920, 3)
2024-10-06 23:45:47,912 - __main__ - DEBUG - Processed frame 2600
2024-10-06 23:45:47,913 - __main__ - DEBUG - Got raw frame: (1080, 1920, 3)
2024-10-06 23:45:47,913 - __main__ - DEBUG - Got gaze coordinates: (None, None)
2024-10-06 23:45:47,913 - __main__ - DEBUG - Got fixation coordinates: (None, None)
2024-10-06 23:45:47,913 - __main__ - DEBUG - Got drawn frame: (1080, 1920, 3)
2024-10-06 23:45:47,913 - __main__ - DEBUG - Got final frame: (1080, 1920, 3)
2024-10-06 23:45:50,214 - __main__ - DEBUG - Processed frame 2700
2024-10-06 23:45:50,214 - __main__ - DEBUG - Got raw frame: (1080, 1920, 3)
2024-10-06 23:45:50,214 - __main__ - DEBUG - Got gaze coordinates: (None, None)
2024-10-06 23:45:50,214 - __main__ - DEBUG - Got fixation coordinates: (None, None)
2024-10-06 23:45:50,214 - __main__ - DEBUG - Got drawn frame: (1080, 1920, 3)
2024-10-06 23:45:50,215 - __main__ - DEBUG - Got final frame: (1080, 1920, 3)
2024-10-06 23:45:52,537 - __main__ - DEBUG - Processed frame 2800
2024-10-06 23:45:52,538 - __main__ - DEBUG - Got raw frame: (1080, 1920, 3)
2024-10-06 23:45:52,538 - __main__ - DEBUG - Got gaze coordinates: (None, None)
2024-10-06 23:45:52,538 - __main__ - DEBUG - Got fixation coordinates: (None, None)
2024-10-06 23:45:52,538 - __main__ - DEBUG - Got drawn frame: (1080, 1920, 3)
2024-10-06 23:45:52,539 - __main__ - DEBUG - Got final frame: (1080, 1920, 3)
2024-10-06 23:45:54,728 - __main__ - DEBUG - Processed frame 2900
2024-10-06 23:45:54,730 - __main__ - DEBUG - Got raw frame: (1080, 1920, 3)
2024-10-06 23:45:54,730 - __main__ - DEBUG - Got gaze coordinates: (None, None)
2024-10-06 23:45:54,730 - __main__ - DEBUG - Got fixation coordinates: (None, None)
2024-10-06 23:45:54,731 - __main__ - DEBUG - Got drawn frame: (1080, 1920, 3)
2024-10-06 23:45:54,731 - __main__ - DEBUG - Got final frame: (1080, 1920, 3)
2024-10-06 23:45:56,870 - __main__ - DEBUG - Processed frame 3000
2024-10-06 23:45:56,870 - __main__ - DEBUG - Got raw frame: (1080, 1920, 3)
2024-10-06 23:45:56,870 - __main__ - DEBUG - Got gaze coordinates: (None, None)
2024-10-06 23:45:56,870 - __main__ - DEBUG - Got fixation coordinates: (None, None)
2024-10-06 23:45:56,870 - __main__ - DEBUG - Got drawn frame: (1080, 1920, 3)
2024-10-06 23:45:56,870 - __main__ - DEBUG - Got final frame: (1080, 1920, 3)
2024-10-06 23:45:59,196 - __main__ - DEBUG - Processed frame 3100
2024-10-06 23:45:59,196 - __main__ - DEBUG - Got raw frame: (1080, 1920, 3)
2024-10-06 23:45:59,196 - __main__ - DEBUG - Got gaze coordinates: (None, None)
2024-10-06 23:45:59,196 - __main__ - DEBUG - Got fixation coordinates: (None, None)
2024-10-06 23:45:59,196 - __main__ - DEBUG - Got drawn frame: (1080, 1920, 3)
2024-10-06 23:45:59,196 - __main__ - DEBUG - Got final frame: (1080, 1920, 3)
2024-10-06 23:46:01,050 - __main__ - INFO - Quit signal received
2024-10-06 23:46:01,088 - __main__ - INFO - Closed ZMQ connections
2024-10-06 23:46:01,088 - __main__ - INFO - Application closed successfully
