2024-10-06 02:03:18,339 - __main__ - INFO - Starting Gaze Drawing App
2024-10-06 02:03:18,339 - __main__ - INFO - Attempting to connect to Pupil (Attempt 1/3)
2024-10-06 02:03:20,235 - __main__ - INFO - Successfully connected to Pupil
2024-10-06 02:03:20,235 - __main__ - INFO - Attempted connection to Surface Listener
2024-10-06 02:03:20,235 - __main__ - INFO - Created Empty Video stream
2024-10-06 02:03:20,329 - PIL.PngImagePlugin - DEBUG - STREAM b'IHDR' 16 13
2024-10-06 02:03:20,329 - PIL.PngImagePlugin - DEBUG - STREAM b'bKGD' 41 6
2024-10-06 02:03:20,329 - PIL.PngImagePlugin - DEBUG - b'bKGD' 41 6 (unknown)
2024-10-06 02:03:20,329 - PIL.PngImagePlugin - DEBUG - STREAM b'IDAT' 59 5036
2024-10-06 02:03:20,412 - PIL.PngImagePlugin - DEBUG - STREAM b'IHDR' 16 13
2024-10-06 02:03:20,412 - PIL.PngImagePlugin - DEBUG - STREAM b'bKGD' 41 6
2024-10-06 02:03:20,412 - PIL.PngImagePlugin - DEBUG - b'bKGD' 41 6 (unknown)
2024-10-06 02:03:20,412 - PIL.PngImagePlugin - DEBUG - STREAM b'IDAT' 59 5021
2024-10-06 02:03:20,422 - __main__ - INFO - Created AprilTagRenderer
2024-10-06 02:03:20,422 - __main__ - INFO - Created FrameDrawing object
2024-10-06 02:03:20,497 - __main__ - INFO - Created display window: Debug Window
2024-10-06 02:03:21,916 - __main__ - INFO - Processed frame 100
2024-10-06 02:03:21,916 - __main__ - DEBUG - Got raw frame: (1080, 1920, 3)
2024-10-06 02:03:21,916 - __main__ - DEBUG - Got gaze coordinates: (None, None)
2024-10-06 02:03:21,916 - __main__ - DEBUG - Got fixation coordinates: (None, None)
2024-10-06 02:03:21,916 - __main__ - DEBUG - Got drawn frame: (1080, 1920, 3)
2024-10-06 02:03:21,916 - __main__ - DEBUG - Got final frame: (1080, 1920, 3)
2024-10-06 02:03:23,179 - __main__ - INFO - Processed frame 200
2024-10-06 02:03:23,179 - __main__ - DEBUG - Got raw frame: (1080, 1920, 3)
2024-10-06 02:03:23,179 - __main__ - DEBUG - Got gaze coordinates: (None, None)
2024-10-06 02:03:23,180 - __main__ - DEBUG - Got fixation coordinates: (None, None)
2024-10-06 02:03:23,180 - __main__ - DEBUG - Got drawn frame: (1080, 1920, 3)
2024-10-06 02:03:23,180 - __main__ - DEBUG - Got final frame: (1080, 1920, 3)
2024-10-06 02:03:24,691 - __main__ - INFO - Processed frame 300
2024-10-06 02:03:24,691 - __main__ - DEBUG - Got raw frame: (1080, 1920, 3)
2024-10-06 02:03:24,692 - __main__ - DEBUG - Got gaze coordinates: (None, None)
2024-10-06 02:03:24,692 - __main__ - DEBUG - Got fixation coordinates: (None, None)
2024-10-06 02:03:24,692 - __main__ - DEBUG - Got drawn frame: (1080, 1920, 3)
2024-10-06 02:03:24,692 - __main__ - DEBUG - Got final frame: (1080, 1920, 3)
2024-10-06 02:03:26,186 - __main__ - INFO - Processed frame 400
2024-10-06 02:03:26,187 - __main__ - DEBUG - Got raw frame: (1080, 1920, 3)
2024-10-06 02:03:26,187 - __main__ - DEBUG - Got gaze coordinates: (None, None)
2024-10-06 02:03:26,187 - __main__ - DEBUG - Got fixation coordinates: (None, None)
2024-10-06 02:03:26,187 - __main__ - DEBUG - Got drawn frame: (1080, 1920, 3)
2024-10-06 02:03:26,188 - __main__ - DEBUG - Got final frame: (1080, 1920, 3)
2024-10-06 02:03:27,846 - __main__ - INFO - Processed frame 500
2024-10-06 02:03:27,847 - __main__ - DEBUG - Got raw frame: (1080, 1920, 3)
2024-10-06 02:03:27,847 - __main__ - DEBUG - Got gaze coordinates: (None, None)
2024-10-06 02:03:27,847 - __main__ - DEBUG - Got fixation coordinates: (None, None)
2024-10-06 02:03:27,847 - __main__ - DEBUG - Got drawn frame: (1080, 1920, 3)
2024-10-06 02:03:27,847 - __main__ - DEBUG - Got final frame: (1080, 1920, 3)
2024-10-06 02:03:29,388 - __main__ - INFO - Processed frame 600
2024-10-06 02:03:29,388 - __main__ - DEBUG - Got raw frame: (1080, 1920, 3)
2024-10-06 02:03:29,388 - __main__ - DEBUG - Got gaze coordinates: (None, None)
2024-10-06 02:03:29,388 - __main__ - DEBUG - Got fixation coordinates: (None, None)
2024-10-06 02:03:29,388 - __main__ - DEBUG - Got drawn frame: (1080, 1920, 3)
2024-10-06 02:03:29,388 - __main__ - DEBUG - Got final frame: (1080, 1920, 3)
2024-10-06 02:03:30,945 - __main__ - INFO - Processed frame 700
2024-10-06 02:03:30,945 - __main__ - DEBUG - Got raw frame: (1080, 1920, 3)
2024-10-06 02:03:30,945 - __main__ - DEBUG - Got gaze coordinates: (None, None)
2024-10-06 02:03:30,945 - __main__ - DEBUG - Got fixation coordinates: (None, None)
2024-10-06 02:03:30,945 - __main__ - DEBUG - Got drawn frame: (1080, 1920, 3)
2024-10-06 02:03:30,945 - __main__ - DEBUG - Got final frame: (1080, 1920, 3)
2024-10-06 02:03:32,486 - __main__ - INFO - Processed frame 800
2024-10-06 02:03:32,486 - __main__ - DEBUG - Got raw frame: (1080, 1920, 3)
2024-10-06 02:03:32,486 - __main__ - DEBUG - Got gaze coordinates: (None, None)
2024-10-06 02:03:32,486 - __main__ - DEBUG - Got fixation coordinates: (None, None)
2024-10-06 02:03:32,486 - __main__ - DEBUG - Got drawn frame: (1080, 1920, 3)
2024-10-06 02:03:32,486 - __main__ - DEBUG - Got final frame: (1080, 1920, 3)
2024-10-06 02:03:33,980 - __main__ - INFO - Processed frame 900
2024-10-06 02:03:33,980 - __main__ - DEBUG - Got raw frame: (1080, 1920, 3)
2024-10-06 02:03:33,981 - __main__ - DEBUG - Got gaze coordinates: (None, None)
2024-10-06 02:03:33,981 - __main__ - DEBUG - Got fixation coordinates: (None, None)
2024-10-06 02:03:33,981 - __main__ - DEBUG - Got drawn frame: (1080, 1920, 3)
2024-10-06 02:03:33,981 - __main__ - DEBUG - Got final frame: (1080, 1920, 3)
2024-10-06 02:03:35,456 - __main__ - INFO - Processed frame 1000
2024-10-06 02:03:35,457 - __main__ - DEBUG - Got raw frame: (1080, 1920, 3)
2024-10-06 02:03:35,457 - __main__ - DEBUG - Got gaze coordinates: (None, None)
2024-10-06 02:03:35,457 - __main__ - DEBUG - Got fixation coordinates: (None, None)
2024-10-06 02:03:35,457 - __main__ - DEBUG - Got drawn frame: (1080, 1920, 3)
2024-10-06 02:03:35,457 - __main__ - DEBUG - Got final frame: (1080, 1920, 3)
2024-10-06 02:03:36,966 - __main__ - INFO - Processed frame 1100
2024-10-06 02:03:36,966 - __main__ - DEBUG - Got raw frame: (1080, 1920, 3)
2024-10-06 02:03:36,966 - __main__ - DEBUG - Got gaze coordinates: (None, None)
2024-10-06 02:03:36,966 - __main__ - DEBUG - Got fixation coordinates: (None, None)
2024-10-06 02:03:36,967 - __main__ - DEBUG - Got drawn frame: (1080, 1920, 3)
2024-10-06 02:03:36,967 - __main__ - DEBUG - Got final frame: (1080, 1920, 3)
2024-10-06 02:03:38,478 - __main__ - INFO - Processed frame 1200
2024-10-06 02:03:38,478 - __main__ - DEBUG - Got raw frame: (1080, 1920, 3)
2024-10-06 02:03:38,478 - __main__ - DEBUG - Got gaze coordinates: (None, None)
2024-10-06 02:03:38,479 - __main__ - DEBUG - Got fixation coordinates: (None, None)
2024-10-06 02:03:38,479 - __main__ - DEBUG - Got drawn frame: (1080, 1920, 3)
2024-10-06 02:03:38,479 - __main__ - DEBUG - Got final frame: (1080, 1920, 3)
2024-10-06 02:03:40,168 - __main__ - INFO - Processed frame 1300
2024-10-06 02:03:40,168 - __main__ - DEBUG - Got raw frame: (1080, 1920, 3)
2024-10-06 02:03:40,168 - __main__ - DEBUG - Got gaze coordinates: (None, None)
2024-10-06 02:03:40,168 - __main__ - DEBUG - Got fixation coordinates: (None, None)
2024-10-06 02:03:40,168 - __main__ - DEBUG - Got drawn frame: (1080, 1920, 3)
2024-10-06 02:03:40,168 - __main__ - DEBUG - Got final frame: (1080, 1920, 3)
2024-10-06 02:03:41,760 - __main__ - INFO - Processed frame 1400
2024-10-06 02:03:41,760 - __main__ - DEBUG - Got raw frame: (1080, 1920, 3)
2024-10-06 02:03:41,760 - __main__ - DEBUG - Got gaze coordinates: (None, None)
2024-10-06 02:03:41,760 - __main__ - DEBUG - Got fixation coordinates: (None, None)
2024-10-06 02:03:41,760 - __main__ - DEBUG - Got drawn frame: (1080, 1920, 3)
2024-10-06 02:03:41,760 - __main__ - DEBUG - Got final frame: (1080, 1920, 3)
2024-10-06 02:03:43,461 - __main__ - INFO - Processed frame 1500
2024-10-06 02:03:43,461 - __main__ - DEBUG - Got raw frame: (1080, 1920, 3)
2024-10-06 02:03:43,461 - __main__ - DEBUG - Got gaze coordinates: (None, None)
2024-10-06 02:03:43,461 - __main__ - DEBUG - Got fixation coordinates: (None, None)
2024-10-06 02:03:43,461 - __main__ - DEBUG - Got drawn frame: (1080, 1920, 3)
2024-10-06 02:03:43,462 - __main__ - DEBUG - Got final frame: (1080, 1920, 3)
