2024-10-07 00:41:12,349 - __main__ - INFO - Starting Gaze Drawing App
2024-10-07 00:41:12,349 - __main__ - DEBUG - Initialized SurfaceListener with topic: b'surfaces', gaze key: gaze_on_surfaces, fixation key: fixations_on_surfaces
2024-10-07 00:41:12,349 - __main__ - DEBUG - SurfaceListener thread started
2024-10-07 00:41:12,350 - __main__ - INFO - Attempted connection to Surface Listener
2024-10-07 00:41:12,350 - __main__ - INFO - Created Empty Video stream
2024-10-07 00:41:12,411 - PIL.PngImagePlugin - DEBUG - STREAM b'IHDR' 16 13
2024-10-07 00:41:12,411 - PIL.PngImagePlugin - DEBUG - STREAM b'bKGD' 41 6
2024-10-07 00:41:12,411 - PIL.PngImagePlugin - DEBUG - b'bKGD' 41 6 (unknown)
2024-10-07 00:41:12,411 - PIL.PngImagePlugin - DEBUG - STREAM b'IDAT' 59 5036
2024-10-07 00:41:12,460 - PIL.PngImagePlugin - DEBUG - STREAM b'IHDR' 16 13
2024-10-07 00:41:12,460 - PIL.PngImagePlugin - DEBUG - STREAM b'bKGD' 41 6
2024-10-07 00:41:12,460 - PIL.PngImagePlugin - DEBUG - b'bKGD' 41 6 (unknown)
2024-10-07 00:41:12,460 - PIL.PngImagePlugin - DEBUG - STREAM b'IDAT' 59 5021
2024-10-07 00:41:12,468 - __main__ - INFO - Created AprilTagRenderer
2024-10-07 00:41:12,469 - __main__ - INFO - Created FrameDrawing object
2024-10-07 00:41:12,506 - __main__ - INFO - Created display window: Debug Window
2024-10-07 00:41:12,506 - __main__ - DEBUG - Retrieved latest data: (None, None, None, None)
2024-10-07 00:41:12,558 - __main__ - DEBUG - Retrieved latest data: (None, None, None, None)
2024-10-07 00:41:12,573 - __main__ - DEBUG - Retrieved latest data: (None, None, None, None)
2024-10-07 00:41:12,595 - __main__ - DEBUG - Retrieved latest data: (None, None, None, None)
2024-10-07 00:41:12,618 - __main__ - DEBUG - Retrieved latest data: (None, None, None, None)
2024-10-07 00:41:12,635 - __main__ - DEBUG - Retrieved latest data: (None, None, None, None)
2024-10-07 00:41:12,655 - __main__ - DEBUG - Retrieved latest data: (None, None, None, None)
2024-10-07 00:41:12,672 - __main__ - DEBUG - Retrieved latest data: (None, None, None, None)
2024-10-07 00:41:12,688 - __main__ - DEBUG - Retrieved latest data: (None, None, None, None)
2024-10-07 00:41:12,708 - __main__ - DEBUG - Retrieved latest data: (None, None, None, None)
2024-10-07 00:41:12,725 - __main__ - DEBUG - Retrieved latest data: (None, None, None, None)
2024-10-07 00:41:12,739 - __main__ - DEBUG - Retrieved latest data: (None, None, None, None)
2024-10-07 00:41:12,755 - __main__ - DEBUG - Retrieved latest data: (None, None, None, None)
2024-10-07 00:41:12,775 - __main__ - DEBUG - Retrieved latest data: (None, None, None, None)
2024-10-07 00:41:12,791 - __main__ - DEBUG - Retrieved latest data: (None, None, None, None)
2024-10-07 00:41:12,806 - __main__ - DEBUG - Retrieved latest data: (None, None, None, None)
2024-10-07 00:41:12,817 - __main__ - DEBUG - Retrieved latest data: (None, None, None, None)
2024-10-07 00:41:12,830 - __main__ - DEBUG - Retrieved latest data: (None, None, None, None)
2024-10-07 00:41:12,845 - __main__ - DEBUG - Retrieved latest data: (None, None, None, None)
2024-10-07 00:41:12,860 - __main__ - DEBUG - Retrieved latest data: (None, None, None, None)
2024-10-07 00:41:12,875 - __main__ - DEBUG - Retrieved latest data: (None, None, None, None)
2024-10-07 00:41:12,891 - __main__ - DEBUG - Retrieved latest data: (None, None, None, None)
2024-10-07 00:41:12,903 - __main__ - DEBUG - Retrieved latest data: (None, None, None, None)
2024-10-07 00:41:12,914 - __main__ - DEBUG - Retrieved latest data: (None, None, None, None)
2024-10-07 00:41:12,928 - __main__ - DEBUG - Retrieved latest data: (None, None, None, None)
2024-10-07 00:41:12,939 - __main__ - DEBUG - Retrieved latest data: (None, None, None, None)
2024-10-07 00:41:12,950 - __main__ - DEBUG - Retrieved latest data: (None, None, None, None)
2024-10-07 00:41:12,961 - __main__ - DEBUG - Retrieved latest data: (None, None, None, None)
2024-10-07 00:41:12,972 - __main__ - DEBUG - Retrieved latest data: (None, None, None, None)
2024-10-07 00:41:12,983 - __main__ - DEBUG - Retrieved latest data: (None, None, None, None)
2024-10-07 00:41:12,996 - __main__ - DEBUG - Retrieved latest data: (None, None, None, None)
2024-10-07 00:41:13,012 - __main__ - DEBUG - Retrieved latest data: (None, None, None, None)
2024-10-07 00:41:13,027 - __main__ - DEBUG - Retrieved latest data: (None, None, None, None)
2024-10-07 00:41:13,042 - __main__ - DEBUG - Retrieved latest data: (None, None, None, None)
2024-10-07 00:41:13,054 - __main__ - DEBUG - Retrieved latest data: (None, None, None, None)
2024-10-07 00:41:13,066 - __main__ - DEBUG - Retrieved latest data: (None, None, None, None)
2024-10-07 00:41:13,077 - __main__ - DEBUG - Retrieved latest data: (None, None, None, None)
2024-10-07 00:41:13,087 - __main__ - DEBUG - Retrieved latest data: (None, None, None, None)
2024-10-07 00:41:13,098 - __main__ - DEBUG - Retrieved latest data: (None, None, None, None)
2024-10-07 00:41:13,113 - __main__ - DEBUG - Retrieved latest data: (None, None, None, None)
2024-10-07 00:41:13,128 - __main__ - DEBUG - Retrieved latest data: (None, None, None, None)
2024-10-07 00:41:13,143 - __main__ - DEBUG - Retrieved latest data: (None, None, None, None)
2024-10-07 00:41:13,158 - __main__ - DEBUG - Retrieved latest data: (None, None, None, None)
2024-10-07 00:41:13,173 - __main__ - DEBUG - Retrieved latest data: (None, None, None, None)
2024-10-07 00:41:13,189 - __main__ - DEBUG - Retrieved latest data: (None, None, None, None)
2024-10-07 00:41:13,204 - __main__ - DEBUG - Retrieved latest data: (None, None, None, None)
2024-10-07 00:41:13,222 - __main__ - DEBUG - Retrieved latest data: (None, None, None, None)
2024-10-07 00:41:13,237 - __main__ - DEBUG - Retrieved latest data: (None, None, None, None)
2024-10-07 00:41:13,252 - __main__ - DEBUG - Retrieved latest data: (None, None, None, None)
2024-10-07 00:41:13,266 - __main__ - DEBUG - Retrieved latest data: (None, None, None, None)
2024-10-07 00:41:13,277 - __main__ - DEBUG - Retrieved latest data: (None, None, None, None)
2024-10-07 00:41:13,288 - __main__ - DEBUG - Retrieved latest data: (None, None, None, None)
2024-10-07 00:41:13,300 - __main__ - DEBUG - Retrieved latest data: (None, None, None, None)
2024-10-07 00:41:13,310 - __main__ - DEBUG - Retrieved latest data: (None, None, None, None)
2024-10-07 00:41:13,321 - __main__ - DEBUG - Retrieved latest data: (None, None, None, None)
2024-10-07 00:41:13,332 - __main__ - DEBUG - Retrieved latest data: (None, None, None, None)
2024-10-07 00:41:13,343 - __main__ - DEBUG - Retrieved latest data: (None, None, None, None)
2024-10-07 00:41:13,354 - __main__ - DEBUG - Retrieved latest data: (None, None, None, None)
2024-10-07 00:41:13,366 - __main__ - DEBUG - Retrieved latest data: (None, None, None, None)
2024-10-07 00:41:13,377 - __main__ - DEBUG - Retrieved latest data: (None, None, None, None)
2024-10-07 00:41:13,389 - __main__ - DEBUG - Retrieved latest data: (None, None, None, None)
2024-10-07 00:41:13,404 - __main__ - DEBUG - Retrieved latest data: (None, None, None, None)
2024-10-07 00:41:13,419 - __main__ - DEBUG - Retrieved latest data: (None, None, None, None)
2024-10-07 00:41:13,430 - __main__ - DEBUG - Retrieved latest data: (None, None, None, None)
2024-10-07 00:41:13,442 - __main__ - DEBUG - Retrieved latest data: (None, None, None, None)
2024-10-07 00:41:13,453 - __main__ - DEBUG - Retrieved latest data: (None, None, None, None)
2024-10-07 00:41:13,465 - __main__ - DEBUG - Retrieved latest data: (None, None, None, None)
2024-10-07 00:41:13,476 - __main__ - DEBUG - Retrieved latest data: (None, None, None, None)
2024-10-07 00:41:13,487 - __main__ - DEBUG - Retrieved latest data: (None, None, None, None)
2024-10-07 00:41:13,499 - __main__ - DEBUG - Retrieved latest data: (None, None, None, None)
2024-10-07 00:41:13,510 - __main__ - DEBUG - Retrieved latest data: (None, None, None, None)
2024-10-07 00:41:13,522 - __main__ - DEBUG - Retrieved latest data: (None, None, None, None)
2024-10-07 00:41:13,533 - __main__ - DEBUG - Retrieved latest data: (None, None, None, None)
2024-10-07 00:41:13,545 - __main__ - DEBUG - Retrieved latest data: (None, None, None, None)
2024-10-07 00:41:13,556 - __main__ - DEBUG - Retrieved latest data: (None, None, None, None)
2024-10-07 00:41:13,571 - __main__ - DEBUG - Retrieved latest data: (None, None, None, None)
2024-10-07 00:41:13,587 - __main__ - DEBUG - Retrieved latest data: (None, None, None, None)
2024-10-07 00:41:13,601 - __main__ - DEBUG - Retrieved latest data: (None, None, None, None)
2024-10-07 00:41:13,611 - __main__ - DEBUG - Retrieved latest data: (None, None, None, None)
2024-10-07 00:41:13,623 - __main__ - DEBUG - Retrieved latest data: (None, None, None, None)
2024-10-07 00:41:13,634 - __main__ - DEBUG - Retrieved latest data: (None, None, None, None)
2024-10-07 00:41:13,645 - __main__ - DEBUG - Retrieved latest data: (None, None, None, None)
2024-10-07 00:41:13,663 - __main__ - DEBUG - Retrieved latest data: (None, None, None, None)
2024-10-07 00:41:13,684 - __main__ - DEBUG - Retrieved latest data: (None, None, None, None)
2024-10-07 00:41:13,701 - __main__ - DEBUG - Retrieved latest data: (None, None, None, None)
2024-10-07 00:41:13,717 - __main__ - DEBUG - Retrieved latest data: (None, None, None, None)
2024-10-07 00:41:13,733 - __main__ - DEBUG - Retrieved latest data: (None, None, None, None)
2024-10-07 00:41:13,744 - __main__ - DEBUG - Retrieved latest data: (None, None, None, None)
2024-10-07 00:41:13,756 - __main__ - DEBUG - Retrieved latest data: (None, None, None, None)
2024-10-07 00:41:13,767 - __main__ - DEBUG - Retrieved latest data: (None, None, None, None)
2024-10-07 00:41:13,778 - __main__ - DEBUG - Retrieved latest data: (None, None, None, None)
2024-10-07 00:41:13,789 - __main__ - DEBUG - Retrieved latest data: (None, None, None, None)
2024-10-07 00:41:13,801 - __main__ - DEBUG - Retrieved latest data: (None, None, None, None)
2024-10-07 00:41:13,812 - __main__ - DEBUG - Retrieved latest data: (None, None, None, None)
2024-10-07 00:41:13,825 - __main__ - DEBUG - Retrieved latest data: (None, None, None, None)
2024-10-07 00:41:13,837 - __main__ - DEBUG - Retrieved latest data: (None, None, None, None)
2024-10-07 00:41:13,848 - __main__ - DEBUG - Retrieved latest data: (None, None, None, None)
2024-10-07 00:41:13,860 - __main__ - DEBUG - Retrieved latest data: (None, None, None, None)
2024-10-07 00:41:13,872 - __main__ - DEBUG - Retrieved latest data: (None, None, None, None)
2024-10-07 00:41:13,884 - __main__ - DEBUG - Retrieved latest data: (None, None, None, None)
2024-10-07 00:41:13,891 - __main__ - DEBUG - Processed frame 100
2024-10-07 00:41:13,891 - __main__ - DEBUG - Got raw frame: (1080, 1920, 3)
2024-10-07 00:41:13,891 - __main__ - DEBUG - Got gaze coordinates: (None, None)
2024-10-07 00:41:13,891 - __main__ - DEBUG - Got fixation coordinates: (None, None)
2024-10-07 00:41:13,891 - __main__ - DEBUG - Got drawn frame: (1080, 1920, 3)
2024-10-07 00:41:13,892 - __main__ - DEBUG - Got final frame: (1080, 1920, 3)
2024-10-07 00:41:13,896 - __main__ - DEBUG - Retrieved latest data: (None, None, None, None)
2024-10-07 00:41:13,908 - __main__ - DEBUG - Retrieved latest data: (None, None, None, None)
2024-10-07 00:41:13,923 - __main__ - DEBUG - Retrieved latest data: (None, None, None, None)
2024-10-07 00:41:13,937 - __main__ - DEBUG - Retrieved latest data: (None, None, None, None)
2024-10-07 00:41:13,948 - __main__ - DEBUG - Retrieved latest data: (None, None, None, None)
2024-10-07 00:41:13,960 - __main__ - DEBUG - Retrieved latest data: (None, None, None, None)
2024-10-07 00:41:13,971 - __main__ - DEBUG - Retrieved latest data: (None, None, None, None)
2024-10-07 00:41:13,983 - __main__ - DEBUG - Retrieved latest data: (None, None, None, None)
2024-10-07 00:41:13,994 - __main__ - DEBUG - Retrieved latest data: (None, None, None, None)
2024-10-07 00:41:14,005 - __main__ - DEBUG - Retrieved latest data: (None, None, None, None)
2024-10-07 00:41:14,016 - __main__ - DEBUG - Retrieved latest data: (None, None, None, None)
2024-10-07 00:41:14,026 - __main__ - DEBUG - Retrieved latest data: (None, None, None, None)
2024-10-07 00:41:14,037 - __main__ - DEBUG - Retrieved latest data: (None, None, None, None)
2024-10-07 00:41:14,048 - __main__ - DEBUG - Retrieved latest data: (None, None, None, None)
2024-10-07 00:41:14,059 - __main__ - DEBUG - Retrieved latest data: (None, None, None, None)
2024-10-07 00:41:14,071 - __main__ - DEBUG - Retrieved latest data: (None, None, None, None)
2024-10-07 00:41:14,081 - __main__ - DEBUG - Retrieved latest data: (None, None, None, None)
2024-10-07 00:41:14,092 - __main__ - DEBUG - Retrieved latest data: (None, None, None, None)
2024-10-07 00:41:14,104 - __main__ - DEBUG - Retrieved latest data: (None, None, None, None)
2024-10-07 00:41:14,115 - __main__ - DEBUG - Retrieved latest data: (None, None, None, None)
2024-10-07 00:41:14,125 - __main__ - DEBUG - Retrieved latest data: (None, None, None, None)
2024-10-07 00:41:14,136 - __main__ - DEBUG - Retrieved latest data: (None, None, None, None)
2024-10-07 00:41:14,147 - __main__ - DEBUG - Retrieved latest data: (None, None, None, None)
2024-10-07 00:41:14,158 - __main__ - DEBUG - Retrieved latest data: (None, None, None, None)
2024-10-07 00:41:14,171 - __main__ - DEBUG - Retrieved latest data: (None, None, None, None)
2024-10-07 00:41:14,181 - __main__ - DEBUG - Retrieved latest data: (None, None, None, None)
2024-10-07 00:41:14,192 - __main__ - DEBUG - Retrieved latest data: (None, None, None, None)
2024-10-07 00:41:14,203 - __main__ - DEBUG - Retrieved latest data: (None, None, None, None)
2024-10-07 00:41:14,214 - __main__ - DEBUG - Retrieved latest data: (None, None, None, None)
2024-10-07 00:41:14,226 - __main__ - DEBUG - Retrieved latest data: (None, None, None, None)
2024-10-07 00:41:14,237 - __main__ - DEBUG - Retrieved latest data: (None, None, None, None)
2024-10-07 00:41:14,248 - __main__ - DEBUG - Retrieved latest data: (None, None, None, None)
2024-10-07 00:41:14,260 - __main__ - DEBUG - Retrieved latest data: (None, None, None, None)
2024-10-07 00:41:14,271 - __main__ - DEBUG - Retrieved latest data: (None, None, None, None)
2024-10-07 00:41:14,282 - __main__ - DEBUG - Retrieved latest data: (None, None, None, None)
2024-10-07 00:41:14,293 - __main__ - DEBUG - Retrieved latest data: (None, None, None, None)
2024-10-07 00:41:14,304 - __main__ - DEBUG - Retrieved latest data: (None, None, None, None)
2024-10-07 00:41:14,315 - __main__ - DEBUG - Retrieved latest data: (None, None, None, None)
2024-10-07 00:41:14,326 - __main__ - DEBUG - Retrieved latest data: (None, None, None, None)
2024-10-07 00:41:14,340 - __main__ - DEBUG - Retrieved latest data: (None, None, None, None)
2024-10-07 00:41:14,360 - __main__ - DEBUG - Retrieved latest data: (None, None, None, None)
2024-10-07 00:41:14,372 - __main__ - DEBUG - Retrieved latest data: (None, None, None, None)
2024-10-07 00:41:14,383 - __main__ - DEBUG - Retrieved latest data: (None, None, None, None)
2024-10-07 00:41:14,394 - __main__ - DEBUG - Retrieved latest data: (None, None, None, None)
2024-10-07 00:41:14,405 - __main__ - DEBUG - Retrieved latest data: (None, None, None, None)
2024-10-07 00:41:14,416 - __main__ - DEBUG - Retrieved latest data: (None, None, None, None)
2024-10-07 00:41:14,427 - __main__ - DEBUG - Retrieved latest data: (None, None, None, None)
2024-10-07 00:41:14,438 - __main__ - DEBUG - Retrieved latest data: (None, None, None, None)
2024-10-07 00:41:14,449 - __main__ - DEBUG - Retrieved latest data: (None, None, None, None)
2024-10-07 00:41:14,461 - __main__ - DEBUG - Retrieved latest data: (None, None, None, None)
2024-10-07 00:41:14,472 - __main__ - DEBUG - Retrieved latest data: (None, None, None, None)
2024-10-07 00:41:14,483 - __main__ - DEBUG - Retrieved latest data: (None, None, None, None)
2024-10-07 00:41:14,494 - __main__ - DEBUG - Retrieved latest data: (None, None, None, None)
2024-10-07 00:41:14,505 - __main__ - DEBUG - Retrieved latest data: (None, None, None, None)
2024-10-07 00:41:14,516 - __main__ - DEBUG - Retrieved latest data: (None, None, None, None)
2024-10-07 00:41:14,527 - __main__ - DEBUG - Retrieved latest data: (None, None, None, None)
2024-10-07 00:41:14,538 - __main__ - DEBUG - Retrieved latest data: (None, None, None, None)
2024-10-07 00:41:14,548 - __main__ - DEBUG - Retrieved latest data: (None, None, None, None)
2024-10-07 00:41:14,559 - __main__ - DEBUG - Retrieved latest data: (None, None, None, None)
2024-10-07 00:41:14,571 - __main__ - DEBUG - Retrieved latest data: (None, None, None, None)
2024-10-07 00:41:14,582 - __main__ - DEBUG - Retrieved latest data: (None, None, None, None)
2024-10-07 00:41:14,593 - __main__ - DEBUG - Retrieved latest data: (None, None, None, None)
2024-10-07 00:41:14,604 - __main__ - DEBUG - Retrieved latest data: (None, None, None, None)
2024-10-07 00:41:14,615 - __main__ - DEBUG - Retrieved latest data: (None, None, None, None)
2024-10-07 00:41:14,626 - __main__ - DEBUG - Retrieved latest data: (None, None, None, None)
2024-10-07 00:41:14,637 - __main__ - DEBUG - Retrieved latest data: (None, None, None, None)
2024-10-07 00:41:14,648 - __main__ - DEBUG - Retrieved latest data: (None, None, None, None)
2024-10-07 00:41:14,659 - __main__ - DEBUG - Retrieved latest data: (None, None, None, None)
2024-10-07 00:41:14,671 - __main__ - DEBUG - Retrieved latest data: (None, None, None, None)
2024-10-07 00:41:14,682 - __main__ - DEBUG - Retrieved latest data: (None, None, None, None)
2024-10-07 00:41:14,693 - __main__ - DEBUG - Retrieved latest data: (None, None, None, None)
2024-10-07 00:41:14,705 - __main__ - DEBUG - Retrieved latest data: (None, None, None, None)
2024-10-07 00:41:14,716 - __main__ - DEBUG - Retrieved latest data: (None, None, None, None)
2024-10-07 00:41:14,727 - __main__ - DEBUG - Retrieved latest data: (None, None, None, None)
2024-10-07 00:41:14,738 - __main__ - DEBUG - Retrieved latest data: (None, None, None, None)
2024-10-07 00:41:14,749 - __main__ - DEBUG - Retrieved latest data: (None, None, None, None)
2024-10-07 00:41:14,760 - __main__ - DEBUG - Retrieved latest data: (None, None, None, None)
2024-10-07 00:41:14,772 - __main__ - DEBUG - Retrieved latest data: (None, None, None, None)
2024-10-07 00:41:14,787 - __main__ - DEBUG - Retrieved latest data: (None, None, None, None)
2024-10-07 00:41:14,799 - __main__ - DEBUG - Retrieved latest data: (None, None, None, None)
2024-10-07 00:41:14,810 - __main__ - DEBUG - Retrieved latest data: (None, None, None, None)
2024-10-07 00:41:14,822 - __main__ - DEBUG - Retrieved latest data: (None, None, None, None)
2024-10-07 00:41:14,833 - __main__ - DEBUG - Retrieved latest data: (None, None, None, None)
2024-10-07 00:41:14,846 - __main__ - DEBUG - Retrieved latest data: (None, None, None, None)
2024-10-07 00:41:14,857 - __main__ - DEBUG - Retrieved latest data: (None, None, None, None)
2024-10-07 00:41:14,869 - __main__ - DEBUG - Retrieved latest data: (None, None, None, None)
2024-10-07 00:41:14,879 - __main__ - DEBUG - Retrieved latest data: (None, None, None, None)
2024-10-07 00:41:14,890 - __main__ - DEBUG - Retrieved latest data: (None, None, None, None)
2024-10-07 00:41:14,902 - __main__ - DEBUG - Retrieved latest data: (None, None, None, None)
2024-10-07 00:41:14,915 - __main__ - DEBUG - Retrieved latest data: (None, None, None, None)
2024-10-07 00:41:14,926 - __main__ - DEBUG - Retrieved latest data: (None, None, None, None)
2024-10-07 00:41:14,939 - __main__ - DEBUG - Retrieved latest data: (None, None, None, None)
2024-10-07 00:41:14,953 - __main__ - DEBUG - Retrieved latest data: (None, None, None, None)
2024-10-07 00:41:14,965 - __main__ - DEBUG - Retrieved latest data: (None, None, None, None)
2024-10-07 00:41:14,978 - __main__ - DEBUG - Retrieved latest data: (None, None, None, None)
2024-10-07 00:41:14,990 - __main__ - DEBUG - Retrieved latest data: (None, None, None, None)
2024-10-07 00:41:15,007 - __main__ - DEBUG - Retrieved latest data: (None, None, None, None)
2024-10-07 00:41:15,018 - __main__ - DEBUG - Retrieved latest data: (None, None, None, None)
2024-10-07 00:41:15,029 - __main__ - DEBUG - Retrieved latest data: (None, None, None, None)
2024-10-07 00:41:15,039 - __main__ - DEBUG - Retrieved latest data: (None, None, None, None)
2024-10-07 00:41:15,047 - __main__ - DEBUG - Processed frame 200
2024-10-07 00:41:15,047 - __main__ - DEBUG - Got raw frame: (1080, 1920, 3)
2024-10-07 00:41:15,047 - __main__ - DEBUG - Got gaze coordinates: (None, None)
2024-10-07 00:41:15,047 - __main__ - DEBUG - Got fixation coordinates: (None, None)
2024-10-07 00:41:15,047 - __main__ - DEBUG - Got drawn frame: (1080, 1920, 3)
2024-10-07 00:41:15,047 - __main__ - DEBUG - Got final frame: (1080, 1920, 3)
2024-10-07 00:41:15,052 - __main__ - DEBUG - Retrieved latest data: (None, None, None, None)
2024-10-07 00:41:15,063 - __main__ - DEBUG - Retrieved latest data: (None, None, None, None)
2024-10-07 00:41:15,075 - __main__ - DEBUG - Retrieved latest data: (None, None, None, None)
2024-10-07 00:41:15,087 - __main__ - DEBUG - Retrieved latest data: (None, None, None, None)
2024-10-07 00:41:15,100 - __main__ - DEBUG - Retrieved latest data: (None, None, None, None)
2024-10-07 00:41:15,113 - __main__ - DEBUG - Retrieved latest data: (None, None, None, None)
2024-10-07 00:41:15,125 - __main__ - DEBUG - Retrieved latest data: (None, None, None, None)
2024-10-07 00:41:15,137 - __main__ - DEBUG - Retrieved latest data: (None, None, None, None)
2024-10-07 00:41:15,148 - __main__ - DEBUG - Retrieved latest data: (None, None, None, None)
2024-10-07 00:41:15,161 - __main__ - DEBUG - Retrieved latest data: (None, None, None, None)
2024-10-07 00:41:15,173 - __main__ - DEBUG - Retrieved latest data: (None, None, None, None)
2024-10-07 00:41:15,186 - __main__ - DEBUG - Retrieved latest data: (None, None, None, None)
2024-10-07 00:41:15,200 - __main__ - DEBUG - Retrieved latest data: (None, None, None, None)
2024-10-07 00:41:15,214 - __main__ - DEBUG - Retrieved latest data: (None, None, None, None)
2024-10-07 00:41:15,215 - __main__ - INFO - Connected to Pupil on port 50020, subscribed on port 43339
2024-10-07 00:41:15,215 - __main__ - INFO - Subscribed to surface topic: b'surfaces'
2024-10-07 00:41:15,228 - __main__ - DEBUG - Retrieved latest data: (None, None, None, None)
2024-10-07 00:41:15,242 - __main__ - DEBUG - Retrieved latest data: (None, None, None, None)
2024-10-07 00:41:15,256 - __main__ - DEBUG - Retrieved latest data: (None, None, None, None)
2024-10-07 00:41:15,270 - __main__ - DEBUG - Retrieved latest data: (None, None, None, None)
2024-10-07 00:41:15,282 - __main__ - DEBUG - Retrieved latest data: (None, None, None, None)
2024-10-07 00:41:15,294 - __main__ - DEBUG - Retrieved latest data: (None, None, None, None)
2024-10-07 00:41:15,306 - __main__ - DEBUG - Retrieved latest data: (None, None, None, None)
2024-10-07 00:41:15,318 - __main__ - DEBUG - Retrieved latest data: (None, None, None, None)
2024-10-07 00:41:15,330 - __main__ - DEBUG - Retrieved latest data: (None, None, None, None)
2024-10-07 00:41:15,343 - __main__ - DEBUG - Retrieved latest data: (None, None, None, None)
2024-10-07 00:41:15,355 - __main__ - DEBUG - Retrieved latest data: (None, None, None, None)
2024-10-07 00:41:15,366 - __main__ - DEBUG - Retrieved latest data: (None, None, None, None)
2024-10-07 00:41:15,377 - __main__ - DEBUG - Retrieved latest data: (None, None, None, None)
2024-10-07 00:41:15,389 - __main__ - DEBUG - Retrieved latest data: (None, None, None, None)
2024-10-07 00:41:15,399 - __main__ - DEBUG - Retrieved latest data: (None, None, None, None)
2024-10-07 00:41:15,410 - __main__ - DEBUG - Retrieved latest data: (None, None, None, None)
2024-10-07 00:41:15,421 - __main__ - DEBUG - Retrieved latest data: (None, None, None, None)
2024-10-07 00:41:15,433 - __main__ - DEBUG - Retrieved latest data: (None, None, None, None)
2024-10-07 00:41:15,443 - __main__ - DEBUG - Retrieved latest data: (None, None, None, None)
2024-10-07 00:41:15,454 - __main__ - DEBUG - Retrieved latest data: (None, None, None, None)
2024-10-07 00:41:15,466 - __main__ - DEBUG - Retrieved latest data: (None, None, None, None)
2024-10-07 00:41:15,477 - __main__ - DEBUG - Retrieved latest data: (None, None, None, None)
2024-10-07 00:41:15,488 - __main__ - DEBUG - Retrieved latest data: (None, None, None, None)
2024-10-07 00:41:15,499 - __main__ - DEBUG - Retrieved latest data: (None, None, None, None)
2024-10-07 00:41:15,521 - __main__ - DEBUG - Retrieved latest data: (None, None, None, None)
2024-10-07 00:41:15,540 - __main__ - DEBUG - Retrieved latest data: (None, None, None, None)
2024-10-07 00:41:15,554 - __main__ - DEBUG - Retrieved latest data: (None, None, None, None)
2024-10-07 00:41:15,566 - __main__ - DEBUG - Retrieved latest data: (None, None, None, None)
2024-10-07 00:41:15,577 - __main__ - DEBUG - Retrieved latest data: (None, None, None, None)
2024-10-07 00:41:15,589 - __main__ - DEBUG - Retrieved latest data: (None, None, None, None)
2024-10-07 00:41:15,600 - __main__ - DEBUG - Retrieved latest data: (None, None, None, None)
2024-10-07 00:41:15,612 - __main__ - DEBUG - Retrieved latest data: (None, None, None, None)
2024-10-07 00:41:15,647 - __main__ - DEBUG - Retrieved latest data: (None, None, None, None)
2024-10-07 00:41:15,679 - __main__ - DEBUG - Retrieved latest data: (None, None, None, None)
2024-10-07 00:41:15,701 - __main__ - DEBUG - Retrieved latest data: (None, None, None, None)
2024-10-07 00:41:15,716 - __main__ - DEBUG - Retrieved latest data: (None, None, None, None)
2024-10-07 00:41:15,729 - __main__ - DEBUG - Retrieved latest data: (None, None, None, None)
2024-10-07 00:41:15,740 - __main__ - DEBUG - Retrieved latest data: (None, None, None, None)
2024-10-07 00:41:15,751 - __main__ - DEBUG - Retrieved latest data: (None, None, None, None)
2024-10-07 00:41:15,762 - __main__ - DEBUG - Retrieved latest data: (None, None, None, None)
2024-10-07 00:41:15,773 - __main__ - DEBUG - Retrieved latest data: (None, None, None, None)
2024-10-07 00:41:15,785 - __main__ - DEBUG - Retrieved latest data: (None, None, None, None)
2024-10-07 00:41:15,796 - __main__ - DEBUG - Retrieved latest data: (None, None, None, None)
2024-10-07 00:41:15,811 - __main__ - DEBUG - Retrieved latest data: (None, None, None, None)
2024-10-07 00:41:15,826 - __main__ - DEBUG - Retrieved latest data: (None, None, None, None)
2024-10-07 00:41:15,841 - __main__ - DEBUG - Retrieved latest data: (None, None, None, None)
2024-10-07 00:41:15,857 - __main__ - DEBUG - Retrieved latest data: (None, None, None, None)
2024-10-07 00:41:15,871 - __main__ - DEBUG - Retrieved latest data: (None, None, None, None)
2024-10-07 00:41:15,882 - __main__ - DEBUG - Retrieved latest data: (None, None, None, None)
2024-10-07 00:41:15,893 - __main__ - DEBUG - Retrieved latest data: (None, None, None, None)
2024-10-07 00:41:15,906 - __main__ - DEBUG - Retrieved latest data: (None, None, None, None)
2024-10-07 00:41:15,919 - __main__ - DEBUG - Retrieved latest data: (None, None, None, None)
2024-10-07 00:41:15,930 - __main__ - DEBUG - Retrieved latest data: (None, None, None, None)
2024-10-07 00:41:15,943 - __main__ - DEBUG - Retrieved latest data: (None, None, None, None)
2024-10-07 00:41:15,957 - __main__ - DEBUG - Retrieved latest data: (None, None, None, None)
2024-10-07 00:41:15,980 - __main__ - DEBUG - Retrieved latest data: (None, None, None, None)
2024-10-07 00:41:16,000 - __main__ - DEBUG - Retrieved latest data: (None, None, None, None)
2024-10-07 00:41:16,017 - __main__ - DEBUG - Retrieved latest data: (None, None, None, None)
2024-10-07 00:41:16,036 - __main__ - DEBUG - Retrieved latest data: (None, None, None, None)
2024-10-07 00:41:16,053 - __main__ - DEBUG - Retrieved latest data: (None, None, None, None)
2024-10-07 00:41:16,072 - __main__ - DEBUG - Retrieved latest data: (None, None, None, None)
2024-10-07 00:41:16,085 - __main__ - DEBUG - Retrieved latest data: (None, None, None, None)
2024-10-07 00:41:16,097 - __main__ - DEBUG - Retrieved latest data: (None, None, None, None)
2024-10-07 00:41:16,110 - __main__ - DEBUG - Retrieved latest data: (None, None, None, None)
2024-10-07 00:41:16,123 - __main__ - DEBUG - Retrieved latest data: (None, None, None, None)
2024-10-07 00:41:16,134 - __main__ - DEBUG - Retrieved latest data: (None, None, None, None)
2024-10-07 00:41:16,146 - __main__ - DEBUG - Retrieved latest data: (None, None, None, None)
2024-10-07 00:41:16,158 - __main__ - DEBUG - Retrieved latest data: (None, None, None, None)
2024-10-07 00:41:16,170 - __main__ - DEBUG - Retrieved latest data: (None, None, None, None)
2024-10-07 00:41:16,184 - __main__ - DEBUG - Retrieved latest data: (None, None, None, None)
2024-10-07 00:41:16,195 - __main__ - DEBUG - Retrieved latest data: (None, None, None, None)
2024-10-07 00:41:16,208 - __main__ - DEBUG - Retrieved latest data: (None, None, None, None)
2024-10-07 00:41:16,216 - __main__ - DEBUG - No data received within timeout
2024-10-07 00:41:16,216 - __main__ - DEBUG - Added to buffer: gaze(None, None), fixation(None, None)
2024-10-07 00:41:16,224 - __main__ - DEBUG - Retrieved latest data: (None, None, None, None)
2024-10-07 00:41:16,243 - __main__ - DEBUG - Retrieved latest data: (None, None, None, None)
2024-10-07 00:41:16,257 - __main__ - DEBUG - Retrieved latest data: (None, None, None, None)
2024-10-07 00:41:16,276 - __main__ - DEBUG - Retrieved latest data: (None, None, None, None)
2024-10-07 00:41:16,294 - __main__ - DEBUG - Retrieved latest data: (None, None, None, None)
2024-10-07 00:41:16,312 - __main__ - DEBUG - Retrieved latest data: (None, None, None, None)
2024-10-07 00:41:16,331 - __main__ - DEBUG - Retrieved latest data: (None, None, None, None)
2024-10-07 00:41:16,350 - __main__ - DEBUG - Retrieved latest data: (None, None, None, None)
2024-10-07 00:41:16,368 - __main__ - DEBUG - Retrieved latest data: (None, None, None, None)
2024-10-07 00:41:16,383 - __main__ - DEBUG - Retrieved latest data: (None, None, None, None)
2024-10-07 00:41:16,395 - __main__ - DEBUG - Retrieved latest data: (None, None, None, None)
2024-10-07 00:41:16,408 - __main__ - DEBUG - Retrieved latest data: (None, None, None, None)
2024-10-07 00:41:16,423 - __main__ - DEBUG - Retrieved latest data: (None, None, None, None)
2024-10-07 00:41:16,435 - __main__ - DEBUG - Retrieved latest data: (None, None, None, None)
2024-10-07 00:41:16,445 - __main__ - DEBUG - Processed frame 300
2024-10-07 00:41:16,445 - __main__ - DEBUG - Got raw frame: (1080, 1920, 3)
2024-10-07 00:41:16,445 - __main__ - DEBUG - Got gaze coordinates: (None, None)
2024-10-07 00:41:16,445 - __main__ - DEBUG - Got fixation coordinates: (None, None)
2024-10-07 00:41:16,445 - __main__ - DEBUG - Got drawn frame: (1080, 1920, 3)
2024-10-07 00:41:16,445 - __main__ - DEBUG - Got final frame: (1080, 1920, 3)
2024-10-07 00:41:16,450 - __main__ - DEBUG - Retrieved latest data: (None, None, None, None)
2024-10-07 00:41:16,465 - __main__ - DEBUG - Retrieved latest data: (None, None, None, None)
2024-10-07 00:41:16,480 - __main__ - DEBUG - Retrieved latest data: (None, None, None, None)
2024-10-07 00:41:16,496 - __main__ - DEBUG - Retrieved latest data: (None, None, None, None)
2024-10-07 00:41:16,512 - __main__ - DEBUG - Retrieved latest data: (None, None, None, None)
2024-10-07 00:41:16,527 - __main__ - DEBUG - Retrieved latest data: (None, None, None, None)
2024-10-07 00:41:16,542 - __main__ - DEBUG - Retrieved latest data: (None, None, None, None)
2024-10-07 00:41:16,557 - __main__ - DEBUG - Retrieved latest data: (None, None, None, None)
2024-10-07 00:41:16,573 - __main__ - DEBUG - Retrieved latest data: (None, None, None, None)
2024-10-07 00:41:16,587 - __main__ - DEBUG - Retrieved latest data: (None, None, None, None)
2024-10-07 00:41:16,603 - __main__ - DEBUG - Retrieved latest data: (None, None, None, None)
2024-10-07 00:41:16,621 - __main__ - DEBUG - Retrieved latest data: (None, None, None, None)
2024-10-07 00:41:16,637 - __main__ - DEBUG - Retrieved latest data: (None, None, None, None)
2024-10-07 00:41:16,652 - __main__ - DEBUG - Retrieved latest data: (None, None, None, None)
2024-10-07 00:41:16,668 - __main__ - DEBUG - Retrieved latest data: (None, None, None, None)
2024-10-07 00:41:16,685 - __main__ - DEBUG - Retrieved latest data: (None, None, None, None)
2024-10-07 00:41:16,701 - __main__ - DEBUG - Retrieved latest data: (None, None, None, None)
2024-10-07 00:41:16,714 - __main__ - DEBUG - Retrieved latest data: (None, None, None, None)
2024-10-07 00:41:16,726 - __main__ - DEBUG - Retrieved latest data: (None, None, None, None)
2024-10-07 00:41:16,738 - __main__ - DEBUG - Retrieved latest data: (None, None, None, None)
2024-10-07 00:41:16,753 - __main__ - DEBUG - Retrieved latest data: (None, None, None, None)
2024-10-07 00:41:16,765 - __main__ - DEBUG - Retrieved latest data: (None, None, None, None)
2024-10-07 00:41:16,781 - __main__ - DEBUG - Retrieved latest data: (None, None, None, None)
2024-10-07 00:41:16,796 - __main__ - DEBUG - Retrieved latest data: (None, None, None, None)
2024-10-07 00:41:16,811 - __main__ - DEBUG - Retrieved latest data: (None, None, None, None)
2024-10-07 00:41:16,825 - __main__ - DEBUG - Retrieved latest data: (None, None, None, None)
2024-10-07 00:41:16,840 - __main__ - DEBUG - Retrieved latest data: (None, None, None, None)
2024-10-07 00:41:16,855 - __main__ - DEBUG - Retrieved latest data: (None, None, None, None)
2024-10-07 00:41:16,870 - __main__ - DEBUG - Retrieved latest data: (None, None, None, None)
2024-10-07 00:41:16,887 - __main__ - DEBUG - Retrieved latest data: (None, None, None, None)
2024-10-07 00:41:16,900 - __main__ - DEBUG - Retrieved latest data: (None, None, None, None)
2024-10-07 00:41:16,917 - __main__ - DEBUG - Retrieved latest data: (None, None, None, None)
2024-10-07 00:41:16,929 - __main__ - DEBUG - Retrieved latest data: (None, None, None, None)
2024-10-07 00:41:16,945 - __main__ - DEBUG - Retrieved latest data: (None, None, None, None)
2024-10-07 00:41:16,957 - __main__ - DEBUG - Retrieved latest data: (None, None, None, None)
2024-10-07 00:41:16,969 - __main__ - DEBUG - Retrieved latest data: (None, None, None, None)
2024-10-07 00:41:16,981 - __main__ - DEBUG - Retrieved latest data: (None, None, None, None)
2024-10-07 00:41:16,996 - __main__ - DEBUG - Retrieved latest data: (None, None, None, None)
2024-10-07 00:41:17,012 - __main__ - DEBUG - Retrieved latest data: (None, None, None, None)
2024-10-07 00:41:17,028 - __main__ - DEBUG - Retrieved latest data: (None, None, None, None)
2024-10-07 00:41:17,040 - __main__ - DEBUG - Retrieved latest data: (None, None, None, None)
2024-10-07 00:41:17,054 - __main__ - DEBUG - Retrieved latest data: (None, None, None, None)
2024-10-07 00:41:17,070 - __main__ - DEBUG - Retrieved latest data: (None, None, None, None)
2024-10-07 00:41:17,082 - __main__ - DEBUG - Retrieved latest data: (None, None, None, None)
2024-10-07 00:41:17,101 - __main__ - DEBUG - Retrieved latest data: (None, None, None, None)
2024-10-07 00:41:17,118 - __main__ - DEBUG - Retrieved latest data: (None, None, None, None)
2024-10-07 00:41:17,138 - __main__ - DEBUG - Retrieved latest data: (None, None, None, None)
2024-10-07 00:41:17,157 - __main__ - DEBUG - Retrieved latest data: (None, None, None, None)
2024-10-07 00:41:17,174 - __main__ - DEBUG - Retrieved latest data: (None, None, None, None)
2024-10-07 00:41:17,192 - __main__ - DEBUG - Retrieved latest data: (None, None, None, None)
2024-10-07 00:41:17,210 - __main__ - DEBUG - Retrieved latest data: (None, None, None, None)
2024-10-07 00:41:17,218 - __main__ - DEBUG - No data received within timeout
2024-10-07 00:41:17,218 - __main__ - DEBUG - Added to buffer: gaze(None, None), fixation(None, None)
2024-10-07 00:41:17,227 - __main__ - DEBUG - Retrieved latest data: (None, None, None, None)
2024-10-07 00:41:17,244 - __main__ - DEBUG - Retrieved latest data: (None, None, None, None)
2024-10-07 00:41:17,260 - __main__ - DEBUG - Retrieved latest data: (None, None, None, None)
2024-10-07 00:41:17,275 - __main__ - DEBUG - Retrieved latest data: (None, None, None, None)
2024-10-07 00:41:17,292 - __main__ - DEBUG - Retrieved latest data: (None, None, None, None)
2024-10-07 00:41:17,308 - __main__ - DEBUG - Retrieved latest data: (None, None, None, None)
2024-10-07 00:41:17,326 - __main__ - DEBUG - Retrieved latest data: (None, None, None, None)
2024-10-07 00:41:17,339 - __main__ - DEBUG - Retrieved latest data: (None, None, None, None)
2024-10-07 00:41:17,353 - __main__ - DEBUG - Retrieved latest data: (None, None, None, None)
2024-10-07 00:41:17,365 - __main__ - DEBUG - Retrieved latest data: (None, None, None, None)
2024-10-07 00:41:17,378 - __main__ - DEBUG - Retrieved latest data: (None, None, None, None)
2024-10-07 00:41:17,390 - __main__ - DEBUG - Retrieved latest data: (None, None, None, None)
2024-10-07 00:41:17,404 - __main__ - DEBUG - Retrieved latest data: (None, None, None, None)
2024-10-07 00:41:17,416 - __main__ - DEBUG - Retrieved latest data: (None, None, None, None)
2024-10-07 00:41:17,429 - __main__ - DEBUG - Retrieved latest data: (None, None, None, None)
2024-10-07 00:41:17,441 - __main__ - DEBUG - Retrieved latest data: (None, None, None, None)
2024-10-07 00:41:17,456 - __main__ - DEBUG - Retrieved latest data: (None, None, None, None)
2024-10-07 00:41:17,469 - __main__ - DEBUG - Retrieved latest data: (None, None, None, None)
2024-10-07 00:41:17,481 - __main__ - DEBUG - Retrieved latest data: (None, None, None, None)
2024-10-07 00:41:17,493 - __main__ - DEBUG - Retrieved latest data: (None, None, None, None)
2024-10-07 00:41:17,505 - __main__ - DEBUG - Retrieved latest data: (None, None, None, None)
2024-10-07 00:41:17,518 - __main__ - DEBUG - Retrieved latest data: (None, None, None, None)
2024-10-07 00:41:17,531 - __main__ - DEBUG - Retrieved latest data: (None, None, None, None)
2024-10-07 00:41:17,544 - __main__ - DEBUG - Retrieved latest data: (None, None, None, None)
2024-10-07 00:41:17,557 - __main__ - DEBUG - Retrieved latest data: (None, None, None, None)
2024-10-07 00:41:17,569 - __main__ - DEBUG - Retrieved latest data: (None, None, None, None)
2024-10-07 00:41:17,582 - __main__ - DEBUG - Retrieved latest data: (None, None, None, None)
2024-10-07 00:41:17,595 - __main__ - DEBUG - Retrieved latest data: (None, None, None, None)
2024-10-07 00:41:17,607 - __main__ - DEBUG - Retrieved latest data: (None, None, None, None)
2024-10-07 00:41:17,622 - __main__ - DEBUG - Retrieved latest data: (None, None, None, None)
2024-10-07 00:41:17,634 - __main__ - DEBUG - Retrieved latest data: (None, None, None, None)
2024-10-07 00:41:17,647 - __main__ - DEBUG - Retrieved latest data: (None, None, None, None)
2024-10-07 00:41:17,660 - __main__ - DEBUG - Retrieved latest data: (None, None, None, None)
2024-10-07 00:41:17,673 - __main__ - DEBUG - Retrieved latest data: (None, None, None, None)
2024-10-07 00:41:17,688 - __main__ - DEBUG - Retrieved latest data: (None, None, None, None)
2024-10-07 00:41:17,700 - __main__ - DEBUG - Retrieved latest data: (None, None, None, None)
2024-10-07 00:41:17,712 - __main__ - DEBUG - Retrieved latest data: (None, None, None, None)
2024-10-07 00:41:17,727 - __main__ - DEBUG - Retrieved latest data: (None, None, None, None)
2024-10-07 00:41:17,739 - __main__ - DEBUG - Retrieved latest data: (None, None, None, None)
2024-10-07 00:41:17,752 - __main__ - DEBUG - Retrieved latest data: (None, None, None, None)
2024-10-07 00:41:17,764 - __main__ - DEBUG - Retrieved latest data: (None, None, None, None)
2024-10-07 00:41:17,775 - __main__ - DEBUG - Retrieved latest data: (None, None, None, None)
2024-10-07 00:41:17,788 - __main__ - DEBUG - Retrieved latest data: (None, None, None, None)
2024-10-07 00:41:17,800 - __main__ - DEBUG - Retrieved latest data: (None, None, None, None)
2024-10-07 00:41:17,822 - __main__ - DEBUG - Retrieved latest data: (None, None, None, None)
2024-10-07 00:41:17,847 - __main__ - DEBUG - Retrieved latest data: (None, None, None, None)
2024-10-07 00:41:17,868 - __main__ - DEBUG - Retrieved latest data: (None, None, None, None)
2024-10-07 00:41:17,882 - __main__ - DEBUG - Retrieved latest data: (None, None, None, None)
2024-10-07 00:41:17,897 - __main__ - DEBUG - Retrieved latest data: (None, None, None, None)
2024-10-07 00:41:17,906 - __main__ - DEBUG - Processed frame 400
2024-10-07 00:41:17,906 - __main__ - DEBUG - Got raw frame: (1080, 1920, 3)
2024-10-07 00:41:17,906 - __main__ - DEBUG - Got gaze coordinates: (None, None)
2024-10-07 00:41:17,906 - __main__ - DEBUG - Got fixation coordinates: (None, None)
2024-10-07 00:41:17,906 - __main__ - DEBUG - Got drawn frame: (1080, 1920, 3)
2024-10-07 00:41:17,907 - __main__ - DEBUG - Got final frame: (1080, 1920, 3)
2024-10-07 00:41:17,910 - __main__ - DEBUG - Retrieved latest data: (None, None, None, None)
2024-10-07 00:41:17,923 - __main__ - DEBUG - Retrieved latest data: (None, None, None, None)
2024-10-07 00:41:17,939 - __main__ - DEBUG - Retrieved latest data: (None, None, None, None)
2024-10-07 00:41:17,957 - __main__ - DEBUG - Retrieved latest data: (None, None, None, None)
2024-10-07 00:41:17,977 - __main__ - DEBUG - Retrieved latest data: (None, None, None, None)
2024-10-07 00:41:17,996 - __main__ - DEBUG - Retrieved latest data: (None, None, None, None)
2024-10-07 00:41:18,013 - __main__ - DEBUG - Retrieved latest data: (None, None, None, None)
2024-10-07 00:41:18,032 - __main__ - DEBUG - Retrieved latest data: (None, None, None, None)
2024-10-07 00:41:18,048 - __main__ - DEBUG - Retrieved latest data: (None, None, None, None)
2024-10-07 00:41:18,065 - __main__ - DEBUG - Retrieved latest data: (None, None, None, None)
2024-10-07 00:41:18,081 - __main__ - DEBUG - Retrieved latest data: (None, None, None, None)
2024-10-07 00:41:18,096 - __main__ - DEBUG - Retrieved latest data: (None, None, None, None)
2024-10-07 00:41:18,111 - __main__ - DEBUG - Retrieved latest data: (None, None, None, None)
2024-10-07 00:41:18,128 - __main__ - DEBUG - Retrieved latest data: (None, None, None, None)
2024-10-07 00:41:18,144 - __main__ - DEBUG - Retrieved latest data: (None, None, None, None)
2024-10-07 00:41:18,161 - __main__ - DEBUG - Retrieved latest data: (None, None, None, None)
2024-10-07 00:41:18,177 - __main__ - DEBUG - Retrieved latest data: (None, None, None, None)
2024-10-07 00:41:18,195 - __main__ - DEBUG - Retrieved latest data: (None, None, None, None)
2024-10-07 00:41:18,216 - __main__ - DEBUG - Retrieved latest data: (None, None, None, None)
2024-10-07 00:41:18,219 - __main__ - DEBUG - No data received within timeout
2024-10-07 00:41:18,219 - __main__ - DEBUG - Added to buffer: gaze(None, None), fixation(None, None)
2024-10-07 00:41:18,235 - __main__ - DEBUG - Retrieved latest data: (None, None, None, None)
2024-10-07 00:41:18,254 - __main__ - DEBUG - Retrieved latest data: (None, None, None, None)
2024-10-07 00:41:18,271 - __main__ - DEBUG - Retrieved latest data: (None, None, None, None)
2024-10-07 00:41:18,290 - __main__ - DEBUG - Retrieved latest data: (None, None, None, None)
2024-10-07 00:41:18,310 - __main__ - DEBUG - Retrieved latest data: (None, None, None, None)
2024-10-07 00:41:18,330 - __main__ - DEBUG - Retrieved latest data: (None, None, None, None)
2024-10-07 00:41:18,347 - __main__ - DEBUG - Retrieved latest data: (None, None, None, None)
2024-10-07 00:41:18,369 - __main__ - DEBUG - Retrieved latest data: (None, None, None, None)
2024-10-07 00:41:18,386 - __main__ - DEBUG - Retrieved latest data: (None, None, None, None)
2024-10-07 00:41:18,407 - __main__ - DEBUG - Retrieved latest data: (None, None, None, None)
2024-10-07 00:41:18,423 - __main__ - DEBUG - Retrieved latest data: (None, None, None, None)
2024-10-07 00:41:18,442 - __main__ - DEBUG - Retrieved latest data: (None, None, None, None)
2024-10-07 00:41:18,460 - __main__ - DEBUG - Retrieved latest data: (None, None, None, None)
2024-10-07 00:41:18,478 - __main__ - DEBUG - Retrieved latest data: (None, None, None, None)
2024-10-07 00:41:18,495 - __main__ - DEBUG - Retrieved latest data: (None, None, None, None)
2024-10-07 00:41:18,513 - __main__ - DEBUG - Retrieved latest data: (None, None, None, None)
2024-10-07 00:41:18,530 - __main__ - DEBUG - Retrieved latest data: (None, None, None, None)
2024-10-07 00:41:18,548 - __main__ - DEBUG - Retrieved latest data: (None, None, None, None)
2024-10-07 00:41:18,563 - __main__ - DEBUG - Retrieved latest data: (None, None, None, None)
2024-10-07 00:41:18,580 - __main__ - DEBUG - Retrieved latest data: (None, None, None, None)
2024-10-07 00:41:18,597 - __main__ - DEBUG - Retrieved latest data: (None, None, None, None)
2024-10-07 00:41:18,611 - __main__ - DEBUG - Retrieved latest data: (None, None, None, None)
2024-10-07 00:41:18,627 - __main__ - DEBUG - Retrieved latest data: (None, None, None, None)
2024-10-07 00:41:18,642 - __main__ - DEBUG - Retrieved latest data: (None, None, None, None)
2024-10-07 00:41:18,661 - __main__ - DEBUG - Retrieved latest data: (None, None, None, None)
2024-10-07 00:41:18,678 - __main__ - DEBUG - Retrieved latest data: (None, None, None, None)
2024-10-07 00:41:18,693 - __main__ - DEBUG - Retrieved latest data: (None, None, None, None)
2024-10-07 00:41:18,710 - __main__ - DEBUG - Retrieved latest data: (None, None, None, None)
2024-10-07 00:41:18,728 - __main__ - DEBUG - Retrieved latest data: (None, None, None, None)
2024-10-07 00:41:18,746 - __main__ - DEBUG - Retrieved latest data: (None, None, None, None)
2024-10-07 00:41:18,767 - __main__ - DEBUG - Retrieved latest data: (None, None, None, None)
2024-10-07 00:41:18,784 - __main__ - DEBUG - Retrieved latest data: (None, None, None, None)
2024-10-07 00:41:18,802 - __main__ - DEBUG - Retrieved latest data: (None, None, None, None)
2024-10-07 00:41:18,819 - __main__ - DEBUG - Retrieved latest data: (None, None, None, None)
2024-10-07 00:41:18,833 - __main__ - DEBUG - Retrieved latest data: (None, None, None, None)
2024-10-07 00:41:18,851 - __main__ - DEBUG - Retrieved latest data: (None, None, None, None)
2024-10-07 00:41:18,867 - __main__ - DEBUG - Retrieved latest data: (None, None, None, None)
2024-10-07 00:41:18,887 - __main__ - DEBUG - Retrieved latest data: (None, None, None, None)
2024-10-07 00:41:18,907 - __main__ - DEBUG - Retrieved latest data: (None, None, None, None)
2024-10-07 00:41:18,924 - __main__ - DEBUG - Retrieved latest data: (None, None, None, None)
2024-10-07 00:41:18,944 - __main__ - DEBUG - Retrieved latest data: (None, None, None, None)
2024-10-07 00:41:18,964 - __main__ - DEBUG - Retrieved latest data: (None, None, None, None)
2024-10-07 00:41:18,980 - __main__ - DEBUG - Retrieved latest data: (None, None, None, None)
2024-10-07 00:41:18,996 - __main__ - DEBUG - Retrieved latest data: (None, None, None, None)
2024-10-07 00:41:19,012 - __main__ - DEBUG - Retrieved latest data: (None, None, None, None)
2024-10-07 00:41:19,027 - __main__ - DEBUG - Retrieved latest data: (None, None, None, None)
2024-10-07 00:41:19,042 - __main__ - DEBUG - Retrieved latest data: (None, None, None, None)
2024-10-07 00:41:19,057 - __main__ - DEBUG - Retrieved latest data: (None, None, None, None)
2024-10-07 00:41:19,074 - __main__ - DEBUG - Retrieved latest data: (None, None, None, None)
2024-10-07 00:41:19,090 - __main__ - DEBUG - Retrieved latest data: (None, None, None, None)
2024-10-07 00:41:19,106 - __main__ - DEBUG - Retrieved latest data: (None, None, None, None)
2024-10-07 00:41:19,118 - __main__ - DEBUG - Retrieved latest data: (None, None, None, None)
2024-10-07 00:41:19,132 - __main__ - DEBUG - Retrieved latest data: (None, None, None, None)
2024-10-07 00:41:19,151 - __main__ - DEBUG - Retrieved latest data: (None, None, None, None)
2024-10-07 00:41:19,168 - __main__ - DEBUG - Retrieved latest data: (None, None, None, None)
2024-10-07 00:41:19,185 - __main__ - DEBUG - Retrieved latest data: (None, None, None, None)
2024-10-07 00:41:19,204 - __main__ - DEBUG - Retrieved latest data: (None, None, None, None)
2024-10-07 00:41:19,218 - __main__ - DEBUG - Retrieved latest data: (None, None, None, None)
2024-10-07 00:41:19,220 - __main__ - DEBUG - No data received within timeout
2024-10-07 00:41:19,221 - __main__ - DEBUG - Added to buffer: gaze(None, None), fixation(None, None)
2024-10-07 00:41:19,233 - __main__ - DEBUG - Retrieved latest data: (None, None, None, None)
2024-10-07 00:41:19,250 - __main__ - DEBUG - Retrieved latest data: (None, None, None, None)
2024-10-07 00:41:19,266 - __main__ - DEBUG - Retrieved latest data: (None, None, None, None)
2024-10-07 00:41:19,283 - __main__ - DEBUG - Retrieved latest data: (None, None, None, None)
2024-10-07 00:41:19,300 - __main__ - DEBUG - Retrieved latest data: (None, None, None, None)
2024-10-07 00:41:19,319 - __main__ - DEBUG - Retrieved latest data: (None, None, None, None)
2024-10-07 00:41:19,336 - __main__ - DEBUG - Retrieved latest data: (None, None, None, None)
2024-10-07 00:41:19,351 - __main__ - DEBUG - Retrieved latest data: (None, None, None, None)
2024-10-07 00:41:19,370 - __main__ - DEBUG - Retrieved latest data: (None, None, None, None)
2024-10-07 00:41:19,387 - __main__ - DEBUG - Retrieved latest data: (None, None, None, None)
2024-10-07 00:41:19,404 - __main__ - DEBUG - Retrieved latest data: (None, None, None, None)
2024-10-07 00:41:19,423 - __main__ - DEBUG - Retrieved latest data: (None, None, None, None)
2024-10-07 00:41:19,439 - __main__ - DEBUG - Retrieved latest data: (None, None, None, None)
2024-10-07 00:41:19,456 - __main__ - DEBUG - Retrieved latest data: (None, None, None, None)
2024-10-07 00:41:19,474 - __main__ - DEBUG - Retrieved latest data: (None, None, None, None)
2024-10-07 00:41:19,491 - __main__ - DEBUG - Retrieved latest data: (None, None, None, None)
2024-10-07 00:41:19,507 - __main__ - DEBUG - Retrieved latest data: (None, None, None, None)
2024-10-07 00:41:19,521 - __main__ - DEBUG - Retrieved latest data: (None, None, None, None)
2024-10-07 00:41:19,535 - __main__ - DEBUG - Retrieved latest data: (None, None, None, None)
2024-10-07 00:41:19,551 - __main__ - DEBUG - Retrieved latest data: (None, None, None, None)
2024-10-07 00:41:19,567 - __main__ - DEBUG - Retrieved latest data: (None, None, None, None)
2024-10-07 00:41:19,583 - __main__ - DEBUG - Retrieved latest data: (None, None, None, None)
2024-10-07 00:41:19,599 - __main__ - DEBUG - Retrieved latest data: (None, None, None, None)
2024-10-07 00:41:19,609 - __main__ - DEBUG - Processed frame 500
2024-10-07 00:41:19,609 - __main__ - DEBUG - Got raw frame: (1080, 1920, 3)
2024-10-07 00:41:19,609 - __main__ - DEBUG - Got gaze coordinates: (None, None)
2024-10-07 00:41:19,609 - __main__ - DEBUG - Got fixation coordinates: (None, None)
2024-10-07 00:41:19,609 - __main__ - DEBUG - Got drawn frame: (1080, 1920, 3)
2024-10-07 00:41:19,609 - __main__ - DEBUG - Got final frame: (1080, 1920, 3)
2024-10-07 00:41:19,614 - __main__ - DEBUG - Retrieved latest data: (None, None, None, None)
2024-10-07 00:41:19,632 - __main__ - DEBUG - Retrieved latest data: (None, None, None, None)
2024-10-07 00:41:19,648 - __main__ - DEBUG - Retrieved latest data: (None, None, None, None)
2024-10-07 00:41:19,668 - __main__ - DEBUG - Retrieved latest data: (None, None, None, None)
2024-10-07 00:41:19,685 - __main__ - DEBUG - Retrieved latest data: (None, None, None, None)
2024-10-07 00:41:19,700 - __main__ - DEBUG - Retrieved latest data: (None, None, None, None)
2024-10-07 00:41:19,717 - __main__ - DEBUG - Retrieved latest data: (None, None, None, None)
2024-10-07 00:41:19,736 - __main__ - DEBUG - Retrieved latest data: (None, None, None, None)
2024-10-07 00:41:19,754 - __main__ - DEBUG - Retrieved latest data: (None, None, None, None)
2024-10-07 00:41:19,772 - __main__ - DEBUG - Retrieved latest data: (None, None, None, None)
2024-10-07 00:41:19,798 - __main__ - DEBUG - Retrieved latest data: (None, None, None, None)
2024-10-07 00:41:19,814 - __main__ - DEBUG - Retrieved latest data: (None, None, None, None)
2024-10-07 00:41:19,831 - __main__ - DEBUG - Retrieved latest data: (None, None, None, None)
2024-10-07 00:41:19,850 - __main__ - DEBUG - Retrieved latest data: (None, None, None, None)
2024-10-07 00:41:19,867 - __main__ - DEBUG - Retrieved latest data: (None, None, None, None)
2024-10-07 00:41:19,886 - __main__ - DEBUG - Retrieved latest data: (None, None, None, None)
2024-10-07 00:41:19,906 - __main__ - DEBUG - Retrieved latest data: (None, None, None, None)
2024-10-07 00:41:19,924 - __main__ - DEBUG - Retrieved latest data: (None, None, None, None)
2024-10-07 00:41:19,939 - __main__ - DEBUG - Retrieved latest data: (None, None, None, None)
2024-10-07 00:41:19,958 - __main__ - DEBUG - Retrieved latest data: (None, None, None, None)
2024-10-07 00:41:19,975 - __main__ - DEBUG - Retrieved latest data: (None, None, None, None)
2024-10-07 00:41:19,993 - __main__ - DEBUG - Retrieved latest data: (None, None, None, None)
2024-10-07 00:41:20,010 - __main__ - DEBUG - Retrieved latest data: (None, None, None, None)
2024-10-07 00:41:20,025 - __main__ - DEBUG - Retrieved latest data: (None, None, None, None)
2024-10-07 00:41:20,040 - __main__ - DEBUG - Retrieved latest data: (None, None, None, None)
2024-10-07 00:41:20,057 - __main__ - DEBUG - Retrieved latest data: (None, None, None, None)
2024-10-07 00:41:20,073 - __main__ - DEBUG - Retrieved latest data: (None, None, None, None)
2024-10-07 00:41:20,088 - __main__ - DEBUG - Retrieved latest data: (None, None, None, None)
2024-10-07 00:41:20,105 - __main__ - DEBUG - Retrieved latest data: (None, None, None, None)
2024-10-07 00:41:20,123 - __main__ - DEBUG - Retrieved latest data: (None, None, None, None)
2024-10-07 00:41:20,139 - __main__ - DEBUG - Retrieved latest data: (None, None, None, None)
2024-10-07 00:41:20,158 - __main__ - DEBUG - Retrieved latest data: (None, None, None, None)
2024-10-07 00:41:20,176 - __main__ - DEBUG - Retrieved latest data: (None, None, None, None)
2024-10-07 00:41:20,193 - __main__ - DEBUG - Retrieved latest data: (None, None, None, None)
2024-10-07 00:41:20,210 - __main__ - DEBUG - Retrieved latest data: (None, None, None, None)
2024-10-07 00:41:20,221 - __main__ - DEBUG - No data received within timeout
2024-10-07 00:41:20,223 - __main__ - DEBUG - Added to buffer: gaze(None, None), fixation(None, None)
2024-10-07 00:41:20,225 - __main__ - DEBUG - Retrieved latest data: (None, None, None, None)
2024-10-07 00:41:20,241 - __main__ - DEBUG - Retrieved latest data: (None, None, None, None)
2024-10-07 00:41:20,258 - __main__ - DEBUG - Retrieved latest data: (None, None, None, None)
2024-10-07 00:41:20,274 - __main__ - DEBUG - Retrieved latest data: (None, None, None, None)
2024-10-07 00:41:20,290 - __main__ - DEBUG - Retrieved latest data: (None, None, None, None)
2024-10-07 00:41:20,304 - __main__ - DEBUG - Retrieved latest data: (None, None, None, None)
2024-10-07 00:41:20,319 - __main__ - DEBUG - Retrieved latest data: (None, None, None, None)
2024-10-07 00:41:20,335 - __main__ - DEBUG - Retrieved latest data: (None, None, None, None)
2024-10-07 00:41:20,353 - __main__ - DEBUG - Retrieved latest data: (None, None, None, None)
2024-10-07 00:41:20,372 - __main__ - DEBUG - Retrieved latest data: (None, None, None, None)
2024-10-07 00:41:20,390 - __main__ - DEBUG - Retrieved latest data: (None, None, None, None)
2024-10-07 00:41:20,406 - __main__ - DEBUG - Retrieved latest data: (None, None, None, None)
2024-10-07 00:41:20,422 - __main__ - DEBUG - Retrieved latest data: (None, None, None, None)
2024-10-07 00:41:20,438 - __main__ - DEBUG - Retrieved latest data: (None, None, None, None)
2024-10-07 00:41:20,454 - __main__ - DEBUG - Retrieved latest data: (None, None, None, None)
2024-10-07 00:41:20,474 - __main__ - DEBUG - Retrieved latest data: (None, None, None, None)
2024-10-07 00:41:20,493 - __main__ - DEBUG - Retrieved latest data: (None, None, None, None)
2024-10-07 00:41:20,509 - __main__ - DEBUG - Retrieved latest data: (None, None, None, None)
2024-10-07 00:41:20,525 - __main__ - DEBUG - Retrieved latest data: (None, None, None, None)
2024-10-07 00:41:20,542 - __main__ - DEBUG - Retrieved latest data: (None, None, None, None)
2024-10-07 00:41:20,559 - __main__ - DEBUG - Retrieved latest data: (None, None, None, None)
2024-10-07 00:41:20,576 - __main__ - DEBUG - Retrieved latest data: (None, None, None, None)
2024-10-07 00:41:20,596 - __main__ - DEBUG - Retrieved latest data: (None, None, None, None)
2024-10-07 00:41:20,611 - __main__ - DEBUG - Retrieved latest data: (None, None, None, None)
2024-10-07 00:41:20,626 - __main__ - DEBUG - Retrieved latest data: (None, None, None, None)
2024-10-07 00:41:20,640 - __main__ - DEBUG - Retrieved latest data: (None, None, None, None)
2024-10-07 00:41:20,657 - __main__ - DEBUG - Retrieved latest data: (None, None, None, None)
2024-10-07 00:41:20,674 - __main__ - DEBUG - Retrieved latest data: (None, None, None, None)
2024-10-07 00:41:20,691 - __main__ - DEBUG - Retrieved latest data: (None, None, None, None)
2024-10-07 00:41:20,706 - __main__ - DEBUG - Retrieved latest data: (None, None, None, None)
2024-10-07 00:41:20,724 - __main__ - DEBUG - Retrieved latest data: (None, None, None, None)
2024-10-07 00:41:20,742 - __main__ - DEBUG - Retrieved latest data: (None, None, None, None)
2024-10-07 00:41:20,757 - __main__ - DEBUG - Retrieved latest data: (None, None, None, None)
2024-10-07 00:41:20,773 - __main__ - DEBUG - Retrieved latest data: (None, None, None, None)
2024-10-07 00:41:20,791 - __main__ - DEBUG - Retrieved latest data: (None, None, None, None)
2024-10-07 00:41:20,804 - __main__ - DEBUG - Retrieved latest data: (None, None, None, None)
2024-10-07 00:41:20,819 - __main__ - DEBUG - Retrieved latest data: (None, None, None, None)
2024-10-07 00:41:20,836 - __main__ - DEBUG - Retrieved latest data: (None, None, None, None)
2024-10-07 00:41:20,851 - __main__ - DEBUG - Retrieved latest data: (None, None, None, None)
2024-10-07 00:41:20,870 - __main__ - DEBUG - Retrieved latest data: (None, None, None, None)
2024-10-07 00:41:20,887 - __main__ - DEBUG - Retrieved latest data: (None, None, None, None)
2024-10-07 00:41:20,906 - __main__ - DEBUG - Retrieved latest data: (None, None, None, None)
2024-10-07 00:41:20,925 - __main__ - DEBUG - Retrieved latest data: (None, None, None, None)
2024-10-07 00:41:20,946 - __main__ - DEBUG - Retrieved latest data: (None, None, None, None)
2024-10-07 00:41:20,963 - __main__ - INFO - Quit signal received
2024-10-07 00:41:21,224 - __main__ - DEBUG - No data received within timeout
2024-10-07 00:41:21,224 - __main__ - DEBUG - Added to buffer: gaze(None, None), fixation(None, None)
2024-10-07 00:41:21,225 - __main__ - INFO - Closed ZMQ connections
2024-10-07 00:41:21,225 - __main__ - DEBUG - SurfaceListener stopped
2024-10-07 00:41:21,225 - __main__ - INFO - Application closed successfully
