2024-10-06 02:33:39,979 - __main__ - INFO - Starting Gaze Drawing App
2024-10-06 02:33:42,280 - __main__ - INFO - Connected to Pupil
2024-10-06 02:33:42,281 - __main__ - INFO - Connected to surface topic
2024-10-06 02:33:42,281 - __main__ - INFO - Attempted connection to Surface Listener
2024-10-06 02:33:42,281 - __main__ - INFO - Created Empty Video stream
2024-10-06 02:33:42,426 - __main__ - INFO - Created AprilTagRenderer
2024-10-06 02:33:42,426 - __main__ - INFO - Created FrameDrawing object
2024-10-06 02:33:42,476 - __main__ - INFO - Created display window: Debug Window
2024-10-06 02:35:24,840 - __main__ - INFO - Processed frame 100
2024-10-06 02:35:33,754 - __main__ - INFO - Processed frame 200
2024-10-06 02:35:40,765 - __main__ - INFO - Processed frame 300
2024-10-06 02:35:46,799 - __main__ - INFO - Processed frame 400
2024-10-06 02:35:52,785 - __main__ - INFO - Processed frame 500
2024-10-06 02:35:58,933 - __main__ - INFO - Processed frame 600
2024-10-06 02:36:04,707 - __main__ - INFO - Processed frame 700
2024-10-06 02:36:10,583 - __main__ - INFO - Processed frame 800
2024-10-06 02:36:17,021 - __main__ - INFO - Processed frame 900
2024-10-06 02:36:23,035 - __main__ - INFO - Processed frame 1000
2024-10-06 02:36:29,737 - __main__ - INFO - Processed frame 1100
2024-10-06 02:36:36,103 - __main__ - INFO - Processed frame 1200
2024-10-06 02:37:12,019 - __main__ - INFO - Processed frame 1300
2024-10-06 02:37:17,834 - __main__ - INFO - Processed frame 1400
2024-10-06 02:37:24,204 - __main__ - INFO - Processed frame 1500
2024-10-06 02:37:30,360 - __main__ - INFO - Processed frame 1600
2024-10-06 02:37:36,630 - __main__ - INFO - Processed frame 1700
2024-10-06 02:37:43,296 - __main__ - INFO - Processed frame 1800
2024-10-06 02:37:43,572 - __main__ - INFO - Quit signal received
2024-10-06 02:37:43,601 - __main__ - INFO - Closed ZMQ connections
2024-10-06 02:37:43,601 - __main__ - INFO - Application closed successfully
