2024-10-06 20:21:04,778 - __main__ - INFO - Starting Gaze Drawing App
2024-10-06 20:21:04,778 - __main__ - INFO - Attempted connection to Surface Listener
2024-10-06 20:21:04,778 - __main__ - INFO - Created Empty Video stream
2024-10-06 20:21:04,893 - __main__ - INFO - Created AprilTagRenderer
2024-10-06 20:21:04,893 - __main__ - INFO - Created FrameDrawing object
2024-10-06 20:21:04,930 - __main__ - INFO - Created display window: Debug Window
2024-10-06 20:21:06,091 - __main__ - INFO - Processed frame 100
2024-10-06 20:21:07,248 - __main__ - INFO - Processed frame 200
2024-10-06 20:21:08,317 - __main__ - INFO - Processed frame 300
2024-10-06 20:21:09,441 - __main__ - INFO - Processed frame 400
2024-10-06 20:21:10,466 - __main__ - INFO - Processed frame 500
2024-10-06 20:21:11,545 - __main__ - INFO - Processed frame 600
2024-10-06 20:21:12,621 - __main__ - INFO - Processed frame 700
2024-10-06 20:21:13,665 - __main__ - INFO - Processed frame 800
2024-10-06 20:21:14,758 - __main__ - INFO - Processed frame 900
2024-10-06 20:21:15,844 - __main__ - INFO - Processed frame 1000
2024-10-06 20:21:16,908 - __main__ - INFO - Processed frame 1100
2024-10-06 20:21:18,133 - __main__ - INFO - Processed frame 1200
2024-10-06 20:21:19,175 - __main__ - INFO - Processed frame 1300
2024-10-06 20:21:20,214 - __main__ - INFO - Processed frame 1400
2024-10-06 20:21:21,307 - __main__ - INFO - Processed frame 1500
2024-10-06 20:21:22,399 - __main__ - INFO - Processed frame 1600
2024-10-06 20:21:23,448 - __main__ - INFO - Processed frame 1700
2024-10-06 20:21:24,484 - __main__ - INFO - Quit signal received
2024-10-06 20:21:24,485 - __main__ - INFO - Closed ZMQ connections
2024-10-06 20:21:24,485 - __main__ - INFO - Application closed successfully
