2024-10-04 22:37:31,373 - __main__ - INFO - Starting Gaze Drawing App
2024-10-04 22:37:51,393 - __main__ - WARNING - Surface listener: Connection timed out
2024-10-04 22:37:51,393 - __main__ - INFO - Attempted connection to Surface Listener
2024-10-04 22:37:51,393 - __main__ - INFO - Created Empty Video stream
2024-10-04 22:37:51,503 - PIL.PngImagePlugin - DEBUG - STREAM b'IHDR' 16 13
2024-10-04 22:37:51,503 - PIL.PngImagePlugin - DEBUG - STREAM b'bKGD' 41 6
2024-10-04 22:37:51,504 - PIL.PngImagePlugin - DEBUG - b'bKGD' 41 6 (unknown)
2024-10-04 22:37:51,504 - PIL.PngImagePlugin - DEBUG - STREAM b'IDAT' 59 5036
2024-10-04 22:37:51,588 - PIL.PngImagePlugin - DEBUG - STREAM b'IHDR' 16 13
2024-10-04 22:37:51,588 - PIL.PngImagePlugin - DEBUG - STREAM b'bKGD' 41 6
2024-10-04 22:37:51,588 - PIL.PngImagePlugin - DEBUG - b'bKGD' 41 6 (unknown)
2024-10-04 22:37:51,589 - PIL.PngImagePlugin - DEBUG - STREAM b'IDAT' 59 5021
2024-10-04 22:37:51,602 - __main__ - INFO - Created AprilTagRenderer
2024-10-04 22:37:51,603 - __main__ - INFO - Created FrameDrawing object
2024-10-04 22:37:51,663 - __main__ - INFO - Created display window: Debug Window
2024-10-04 22:37:51,663 - __main__ - DEBUG - Not connected to Pupil. Returning default coordinates.
2024-10-04 22:37:51,700 - __main__ - DEBUG - Not connected to Pupil. Returning default coordinates.
2024-10-04 22:37:51,719 - __main__ - DEBUG - Not connected to Pupil. Returning default coordinates.
2024-10-04 22:37:51,736 - __main__ - DEBUG - Not connected to Pupil. Returning default coordinates.
2024-10-04 22:37:51,753 - __main__ - DEBUG - Not connected to Pupil. Returning default coordinates.
2024-10-04 22:37:51,772 - __main__ - DEBUG - Not connected to Pupil. Returning default coordinates.
2024-10-04 22:37:51,789 - __main__ - DEBUG - Not connected to Pupil. Returning default coordinates.
2024-10-04 22:37:51,805 - __main__ - DEBUG - Not connected to Pupil. Returning default coordinates.
2024-10-04 22:37:51,822 - __main__ - DEBUG - Not connected to Pupil. Returning default coordinates.
2024-10-04 22:37:51,837 - __main__ - DEBUG - Not connected to Pupil. Returning default coordinates.
2024-10-04 22:37:51,856 - __main__ - DEBUG - Not connected to Pupil. Returning default coordinates.
2024-10-04 22:37:51,872 - __main__ - DEBUG - Not connected to Pupil. Returning default coordinates.
2024-10-04 22:37:51,886 - __main__ - DEBUG - Not connected to Pupil. Returning default coordinates.
2024-10-04 22:37:51,903 - __main__ - DEBUG - Not connected to Pupil. Returning default coordinates.
2024-10-04 22:37:51,918 - __main__ - DEBUG - Not connected to Pupil. Returning default coordinates.
2024-10-04 22:37:51,936 - __main__ - DEBUG - Not connected to Pupil. Returning default coordinates.
2024-10-04 22:37:51,952 - __main__ - DEBUG - Not connected to Pupil. Returning default coordinates.
2024-10-04 22:37:51,967 - __main__ - DEBUG - Not connected to Pupil. Returning default coordinates.
2024-10-04 22:37:51,984 - __main__ - DEBUG - Not connected to Pupil. Returning default coordinates.
2024-10-04 22:37:51,998 - __main__ - DEBUG - Not connected to Pupil. Returning default coordinates.
2024-10-04 22:37:52,014 - __main__ - DEBUG - Not connected to Pupil. Returning default coordinates.
2024-10-04 22:37:52,028 - __main__ - DEBUG - Not connected to Pupil. Returning default coordinates.
2024-10-04 22:37:52,045 - __main__ - DEBUG - Not connected to Pupil. Returning default coordinates.
2024-10-04 22:37:52,061 - __main__ - DEBUG - Not connected to Pupil. Returning default coordinates.
2024-10-04 22:37:52,079 - __main__ - DEBUG - Not connected to Pupil. Returning default coordinates.
2024-10-04 22:37:52,095 - __main__ - DEBUG - Not connected to Pupil. Returning default coordinates.
2024-10-04 22:37:52,111 - __main__ - DEBUG - Not connected to Pupil. Returning default coordinates.
2024-10-04 22:37:52,127 - __main__ - DEBUG - Not connected to Pupil. Returning default coordinates.
2024-10-04 22:37:52,143 - __main__ - DEBUG - Not connected to Pupil. Returning default coordinates.
2024-10-04 22:37:52,162 - __main__ - DEBUG - Not connected to Pupil. Returning default coordinates.
2024-10-04 22:37:52,178 - __main__ - DEBUG - Not connected to Pupil. Returning default coordinates.
2024-10-04 22:37:52,194 - __main__ - DEBUG - Not connected to Pupil. Returning default coordinates.
2024-10-04 22:37:52,207 - __main__ - DEBUG - Not connected to Pupil. Returning default coordinates.
2024-10-04 22:37:52,220 - __main__ - DEBUG - Not connected to Pupil. Returning default coordinates.
2024-10-04 22:37:52,236 - __main__ - DEBUG - Not connected to Pupil. Returning default coordinates.
2024-10-04 22:37:52,252 - __main__ - DEBUG - Not connected to Pupil. Returning default coordinates.
2024-10-04 22:37:52,269 - __main__ - DEBUG - Not connected to Pupil. Returning default coordinates.
2024-10-04 22:37:52,286 - __main__ - DEBUG - Not connected to Pupil. Returning default coordinates.
2024-10-04 22:37:52,301 - __main__ - DEBUG - Not connected to Pupil. Returning default coordinates.
2024-10-04 22:37:52,317 - __main__ - DEBUG - Not connected to Pupil. Returning default coordinates.
2024-10-04 22:37:52,332 - __main__ - DEBUG - Not connected to Pupil. Returning default coordinates.
2024-10-04 22:37:52,351 - __main__ - DEBUG - Not connected to Pupil. Returning default coordinates.
2024-10-04 22:37:52,367 - __main__ - DEBUG - Not connected to Pupil. Returning default coordinates.
2024-10-04 22:37:52,383 - __main__ - DEBUG - Not connected to Pupil. Returning default coordinates.
2024-10-04 22:37:52,404 - __main__ - DEBUG - Not connected to Pupil. Returning default coordinates.
2024-10-04 22:37:52,423 - __main__ - DEBUG - Not connected to Pupil. Returning default coordinates.
2024-10-04 22:37:52,445 - __main__ - DEBUG - Not connected to Pupil. Returning default coordinates.
2024-10-04 22:37:52,462 - __main__ - DEBUG - Not connected to Pupil. Returning default coordinates.
2024-10-04 22:37:52,480 - __main__ - DEBUG - Not connected to Pupil. Returning default coordinates.
2024-10-04 22:37:52,499 - __main__ - DEBUG - Not connected to Pupil. Returning default coordinates.
2024-10-04 22:37:52,516 - __main__ - DEBUG - Not connected to Pupil. Returning default coordinates.
2024-10-04 22:37:52,533 - __main__ - DEBUG - Not connected to Pupil. Returning default coordinates.
2024-10-04 22:37:52,548 - __main__ - DEBUG - Not connected to Pupil. Returning default coordinates.
2024-10-04 22:37:52,565 - __main__ - DEBUG - Not connected to Pupil. Returning default coordinates.
2024-10-04 22:37:52,583 - __main__ - DEBUG - Not connected to Pupil. Returning default coordinates.
2024-10-04 22:37:52,597 - __main__ - DEBUG - Not connected to Pupil. Returning default coordinates.
2024-10-04 22:37:52,615 - __main__ - DEBUG - Not connected to Pupil. Returning default coordinates.
2024-10-04 22:37:52,632 - __main__ - DEBUG - Not connected to Pupil. Returning default coordinates.
2024-10-04 22:37:52,647 - __main__ - DEBUG - Not connected to Pupil. Returning default coordinates.
2024-10-04 22:37:52,664 - __main__ - DEBUG - Not connected to Pupil. Returning default coordinates.
2024-10-04 22:37:52,680 - __main__ - DEBUG - Not connected to Pupil. Returning default coordinates.
2024-10-04 22:37:52,696 - __main__ - DEBUG - Not connected to Pupil. Returning default coordinates.
2024-10-04 22:37:52,713 - __main__ - DEBUG - Not connected to Pupil. Returning default coordinates.
2024-10-04 22:37:52,732 - __main__ - DEBUG - Not connected to Pupil. Returning default coordinates.
2024-10-04 22:37:52,748 - __main__ - DEBUG - Not connected to Pupil. Returning default coordinates.
2024-10-04 22:37:52,762 - __main__ - DEBUG - Not connected to Pupil. Returning default coordinates.
2024-10-04 22:37:52,778 - __main__ - DEBUG - Not connected to Pupil. Returning default coordinates.
2024-10-04 22:37:52,801 - __main__ - DEBUG - Not connected to Pupil. Returning default coordinates.
2024-10-04 22:37:52,822 - __main__ - DEBUG - Not connected to Pupil. Returning default coordinates.
2024-10-04 22:37:52,847 - __main__ - DEBUG - Not connected to Pupil. Returning default coordinates.
2024-10-04 22:37:52,871 - __main__ - DEBUG - Not connected to Pupil. Returning default coordinates.
2024-10-04 22:37:52,895 - __main__ - DEBUG - Not connected to Pupil. Returning default coordinates.
2024-10-04 22:37:52,921 - __main__ - DEBUG - Not connected to Pupil. Returning default coordinates.
2024-10-04 22:37:52,937 - __main__ - DEBUG - Not connected to Pupil. Returning default coordinates.
2024-10-04 22:37:52,952 - __main__ - DEBUG - Not connected to Pupil. Returning default coordinates.
2024-10-04 22:37:52,968 - __main__ - DEBUG - Not connected to Pupil. Returning default coordinates.
2024-10-04 22:37:52,988 - __main__ - DEBUG - Not connected to Pupil. Returning default coordinates.
2024-10-04 22:37:53,003 - __main__ - DEBUG - Not connected to Pupil. Returning default coordinates.
2024-10-04 22:37:53,018 - __main__ - DEBUG - Not connected to Pupil. Returning default coordinates.
2024-10-04 22:37:53,035 - __main__ - DEBUG - Not connected to Pupil. Returning default coordinates.
2024-10-04 22:37:53,051 - __main__ - DEBUG - Not connected to Pupil. Returning default coordinates.
2024-10-04 22:37:53,068 - __main__ - DEBUG - Not connected to Pupil. Returning default coordinates.
2024-10-04 22:37:53,085 - __main__ - DEBUG - Not connected to Pupil. Returning default coordinates.
2024-10-04 22:37:53,102 - __main__ - DEBUG - Not connected to Pupil. Returning default coordinates.
2024-10-04 22:37:53,121 - __main__ - DEBUG - Not connected to Pupil. Returning default coordinates.
2024-10-04 22:37:53,137 - __main__ - DEBUG - Not connected to Pupil. Returning default coordinates.
2024-10-04 22:37:53,154 - __main__ - DEBUG - Not connected to Pupil. Returning default coordinates.
2024-10-04 22:37:53,170 - __main__ - DEBUG - Not connected to Pupil. Returning default coordinates.
2024-10-04 22:37:53,184 - __main__ - DEBUG - Not connected to Pupil. Returning default coordinates.
2024-10-04 22:37:53,201 - __main__ - DEBUG - Not connected to Pupil. Returning default coordinates.
2024-10-04 22:37:53,217 - __main__ - DEBUG - Not connected to Pupil. Returning default coordinates.
2024-10-04 22:37:53,233 - __main__ - DEBUG - Not connected to Pupil. Returning default coordinates.
2024-10-04 22:37:53,248 - __main__ - DEBUG - Not connected to Pupil. Returning default coordinates.
2024-10-04 22:37:53,261 - __main__ - DEBUG - Not connected to Pupil. Returning default coordinates.
2024-10-04 22:37:53,279 - __main__ - DEBUG - Not connected to Pupil. Returning default coordinates.
2024-10-04 22:37:53,297 - __main__ - DEBUG - Not connected to Pupil. Returning default coordinates.
2024-10-04 22:37:53,314 - __main__ - DEBUG - Not connected to Pupil. Returning default coordinates.
2024-10-04 22:37:53,331 - __main__ - DEBUG - Not connected to Pupil. Returning default coordinates.
2024-10-04 22:37:53,348 - __main__ - DEBUG - Not connected to Pupil. Returning default coordinates.
2024-10-04 22:37:53,365 - __main__ - DEBUG - Not connected to Pupil. Returning default coordinates.
2024-10-04 22:37:53,382 - __main__ - INFO - Processed frame 100
2024-10-04 22:37:53,382 - __main__ - DEBUG - Got raw frame: (1080, 1920, 3)
2024-10-04 22:37:53,382 - __main__ - DEBUG - Got gaze coordinates: (None, None)
2024-10-04 22:37:53,382 - __main__ - DEBUG - Got fixation coordinates: (None, None)
2024-10-04 22:37:53,383 - __main__ - DEBUG - Got drawn frame: (1080, 1920, 3)
2024-10-04 22:37:53,383 - __main__ - DEBUG - Got final frame: (1080, 1920, 3)
2024-10-04 22:37:53,386 - __main__ - DEBUG - Not connected to Pupil. Returning default coordinates.
2024-10-04 22:37:53,403 - __main__ - DEBUG - Not connected to Pupil. Returning default coordinates.
2024-10-04 22:37:53,419 - __main__ - DEBUG - Not connected to Pupil. Returning default coordinates.
2024-10-04 22:37:53,435 - __main__ - DEBUG - Not connected to Pupil. Returning default coordinates.
2024-10-04 22:37:53,451 - __main__ - DEBUG - Not connected to Pupil. Returning default coordinates.
2024-10-04 22:37:53,466 - __main__ - DEBUG - Not connected to Pupil. Returning default coordinates.
2024-10-04 22:37:53,482 - __main__ - DEBUG - Not connected to Pupil. Returning default coordinates.
2024-10-04 22:37:53,498 - __main__ - DEBUG - Not connected to Pupil. Returning default coordinates.
2024-10-04 22:37:53,514 - __main__ - DEBUG - Not connected to Pupil. Returning default coordinates.
2024-10-04 22:37:53,528 - __main__ - DEBUG - Not connected to Pupil. Returning default coordinates.
2024-10-04 22:37:53,544 - __main__ - DEBUG - Not connected to Pupil. Returning default coordinates.
2024-10-04 22:37:53,560 - __main__ - DEBUG - Not connected to Pupil. Returning default coordinates.
2024-10-04 22:37:53,577 - __main__ - DEBUG - Not connected to Pupil. Returning default coordinates.
2024-10-04 22:37:53,592 - __main__ - DEBUG - Not connected to Pupil. Returning default coordinates.
2024-10-04 22:37:53,609 - __main__ - DEBUG - Not connected to Pupil. Returning default coordinates.
2024-10-04 22:37:53,624 - __main__ - DEBUG - Not connected to Pupil. Returning default coordinates.
2024-10-04 22:37:53,638 - __main__ - DEBUG - Not connected to Pupil. Returning default coordinates.
2024-10-04 22:37:53,653 - __main__ - DEBUG - Not connected to Pupil. Returning default coordinates.
2024-10-04 22:37:53,670 - __main__ - DEBUG - Not connected to Pupil. Returning default coordinates.
2024-10-04 22:37:53,686 - __main__ - DEBUG - Not connected to Pupil. Returning default coordinates.
2024-10-04 22:37:53,701 - __main__ - DEBUG - Not connected to Pupil. Returning default coordinates.
2024-10-04 22:37:53,717 - __main__ - DEBUG - Not connected to Pupil. Returning default coordinates.
2024-10-04 22:37:53,736 - __main__ - DEBUG - Not connected to Pupil. Returning default coordinates.
2024-10-04 22:37:53,752 - __main__ - DEBUG - Not connected to Pupil. Returning default coordinates.
2024-10-04 22:37:53,766 - __main__ - DEBUG - Not connected to Pupil. Returning default coordinates.
2024-10-04 22:37:53,782 - __main__ - DEBUG - Not connected to Pupil. Returning default coordinates.
2024-10-04 22:37:53,801 - __main__ - DEBUG - Not connected to Pupil. Returning default coordinates.
2024-10-04 22:37:53,820 - __main__ - DEBUG - Not connected to Pupil. Returning default coordinates.
2024-10-04 22:37:53,844 - __main__ - DEBUG - Not connected to Pupil. Returning default coordinates.
2024-10-04 22:37:53,861 - __main__ - DEBUG - Not connected to Pupil. Returning default coordinates.
2024-10-04 22:37:53,878 - __main__ - DEBUG - Not connected to Pupil. Returning default coordinates.
2024-10-04 22:37:53,894 - __main__ - DEBUG - Not connected to Pupil. Returning default coordinates.
2024-10-04 22:37:53,912 - __main__ - DEBUG - Not connected to Pupil. Returning default coordinates.
2024-10-04 22:37:53,929 - __main__ - DEBUG - Not connected to Pupil. Returning default coordinates.
2024-10-04 22:37:53,950 - __main__ - DEBUG - Not connected to Pupil. Returning default coordinates.
2024-10-04 22:37:53,969 - __main__ - DEBUG - Not connected to Pupil. Returning default coordinates.
2024-10-04 22:37:53,986 - __main__ - DEBUG - Not connected to Pupil. Returning default coordinates.
2024-10-04 22:37:54,005 - __main__ - DEBUG - Not connected to Pupil. Returning default coordinates.
2024-10-04 22:37:54,022 - __main__ - DEBUG - Not connected to Pupil. Returning default coordinates.
2024-10-04 22:37:54,039 - __main__ - DEBUG - Not connected to Pupil. Returning default coordinates.
2024-10-04 22:37:54,055 - __main__ - DEBUG - Not connected to Pupil. Returning default coordinates.
2024-10-04 22:37:54,070 - __main__ - DEBUG - Not connected to Pupil. Returning default coordinates.
2024-10-04 22:37:54,086 - __main__ - DEBUG - Not connected to Pupil. Returning default coordinates.
2024-10-04 22:37:54,102 - __main__ - DEBUG - Not connected to Pupil. Returning default coordinates.
2024-10-04 22:37:54,117 - __main__ - DEBUG - Not connected to Pupil. Returning default coordinates.
2024-10-04 22:37:54,132 - __main__ - DEBUG - Not connected to Pupil. Returning default coordinates.
2024-10-04 22:37:54,149 - __main__ - DEBUG - Not connected to Pupil. Returning default coordinates.
2024-10-04 22:37:54,164 - __main__ - DEBUG - Not connected to Pupil. Returning default coordinates.
2024-10-04 22:37:54,182 - __main__ - DEBUG - Not connected to Pupil. Returning default coordinates.
2024-10-04 22:37:54,200 - __main__ - DEBUG - Not connected to Pupil. Returning default coordinates.
2024-10-04 22:37:54,216 - __main__ - DEBUG - Not connected to Pupil. Returning default coordinates.
2024-10-04 22:37:54,230 - __main__ - DEBUG - Not connected to Pupil. Returning default coordinates.
2024-10-04 22:37:54,246 - __main__ - DEBUG - Not connected to Pupil. Returning default coordinates.
2024-10-04 22:37:54,263 - __main__ - DEBUG - Not connected to Pupil. Returning default coordinates.
2024-10-04 22:37:54,278 - __main__ - DEBUG - Not connected to Pupil. Returning default coordinates.
2024-10-04 22:37:54,292 - __main__ - DEBUG - Not connected to Pupil. Returning default coordinates.
2024-10-04 22:37:54,309 - __main__ - DEBUG - Not connected to Pupil. Returning default coordinates.
2024-10-04 22:37:54,326 - __main__ - DEBUG - Not connected to Pupil. Returning default coordinates.
2024-10-04 22:37:54,345 - __main__ - DEBUG - Not connected to Pupil. Returning default coordinates.
2024-10-04 22:37:54,361 - __main__ - DEBUG - Not connected to Pupil. Returning default coordinates.
2024-10-04 22:37:54,377 - __main__ - DEBUG - Not connected to Pupil. Returning default coordinates.
2024-10-04 22:37:54,395 - __main__ - DEBUG - Not connected to Pupil. Returning default coordinates.
2024-10-04 22:37:54,410 - __main__ - DEBUG - Not connected to Pupil. Returning default coordinates.
2024-10-04 22:37:54,426 - __main__ - DEBUG - Not connected to Pupil. Returning default coordinates.
2024-10-04 22:37:54,446 - __main__ - DEBUG - Not connected to Pupil. Returning default coordinates.
2024-10-04 22:37:54,462 - __main__ - DEBUG - Not connected to Pupil. Returning default coordinates.
2024-10-04 22:37:54,477 - __main__ - DEBUG - Not connected to Pupil. Returning default coordinates.
2024-10-04 22:37:54,492 - __main__ - DEBUG - Not connected to Pupil. Returning default coordinates.
2024-10-04 22:37:54,509 - __main__ - DEBUG - Not connected to Pupil. Returning default coordinates.
2024-10-04 22:37:54,527 - __main__ - DEBUG - Not connected to Pupil. Returning default coordinates.
2024-10-04 22:37:54,544 - __main__ - DEBUG - Not connected to Pupil. Returning default coordinates.
2024-10-04 22:37:54,561 - __main__ - DEBUG - Not connected to Pupil. Returning default coordinates.
2024-10-04 22:37:54,577 - __main__ - DEBUG - Not connected to Pupil. Returning default coordinates.
2024-10-04 22:37:54,591 - __main__ - DEBUG - Not connected to Pupil. Returning default coordinates.
2024-10-04 22:37:54,607 - __main__ - DEBUG - Not connected to Pupil. Returning default coordinates.
2024-10-04 22:37:54,621 - __main__ - DEBUG - Not connected to Pupil. Returning default coordinates.
2024-10-04 22:37:54,635 - __main__ - DEBUG - Not connected to Pupil. Returning default coordinates.
2024-10-04 22:37:54,652 - __main__ - DEBUG - Not connected to Pupil. Returning default coordinates.
2024-10-04 22:37:54,667 - __main__ - DEBUG - Not connected to Pupil. Returning default coordinates.
2024-10-04 22:37:54,685 - __main__ - DEBUG - Not connected to Pupil. Returning default coordinates.
2024-10-04 22:37:54,701 - __main__ - DEBUG - Not connected to Pupil. Returning default coordinates.
2024-10-04 22:37:54,718 - __main__ - DEBUG - Not connected to Pupil. Returning default coordinates.
2024-10-04 22:37:54,735 - __main__ - DEBUG - Not connected to Pupil. Returning default coordinates.
2024-10-04 22:37:54,752 - __main__ - DEBUG - Not connected to Pupil. Returning default coordinates.
2024-10-04 22:37:54,768 - __main__ - DEBUG - Not connected to Pupil. Returning default coordinates.
2024-10-04 22:37:54,786 - __main__ - DEBUG - Not connected to Pupil. Returning default coordinates.
2024-10-04 22:37:54,808 - __main__ - DEBUG - Not connected to Pupil. Returning default coordinates.
2024-10-04 22:37:54,827 - __main__ - DEBUG - Not connected to Pupil. Returning default coordinates.
2024-10-04 22:37:54,846 - __main__ - DEBUG - Not connected to Pupil. Returning default coordinates.
2024-10-04 22:37:54,867 - __main__ - DEBUG - Not connected to Pupil. Returning default coordinates.
2024-10-04 22:37:54,886 - __main__ - DEBUG - Not connected to Pupil. Returning default coordinates.
2024-10-04 22:37:54,903 - __main__ - DEBUG - Not connected to Pupil. Returning default coordinates.
2024-10-04 22:37:54,921 - __main__ - DEBUG - Not connected to Pupil. Returning default coordinates.
2024-10-04 22:37:54,936 - __main__ - DEBUG - Not connected to Pupil. Returning default coordinates.
2024-10-04 22:37:54,953 - __main__ - DEBUG - Not connected to Pupil. Returning default coordinates.
2024-10-04 22:37:54,967 - __main__ - DEBUG - Not connected to Pupil. Returning default coordinates.
2024-10-04 22:37:54,984 - __main__ - DEBUG - Not connected to Pupil. Returning default coordinates.
2024-10-04 22:37:54,999 - __main__ - DEBUG - Not connected to Pupil. Returning default coordinates.
2024-10-04 22:37:55,017 - __main__ - DEBUG - Not connected to Pupil. Returning default coordinates.
2024-10-04 22:37:55,032 - __main__ - DEBUG - Not connected to Pupil. Returning default coordinates.
2024-10-04 22:37:55,043 - __main__ - INFO - Processed frame 200
2024-10-04 22:37:55,044 - __main__ - DEBUG - Got raw frame: (1080, 1920, 3)
2024-10-04 22:37:55,044 - __main__ - DEBUG - Got gaze coordinates: (None, None)
2024-10-04 22:37:55,044 - __main__ - DEBUG - Got fixation coordinates: (None, None)
2024-10-04 22:37:55,044 - __main__ - DEBUG - Got drawn frame: (1080, 1920, 3)
2024-10-04 22:37:55,044 - __main__ - DEBUG - Got final frame: (1080, 1920, 3)
2024-10-04 22:37:55,047 - __main__ - DEBUG - Not connected to Pupil. Returning default coordinates.
2024-10-04 22:37:55,065 - __main__ - DEBUG - Not connected to Pupil. Returning default coordinates.
2024-10-04 22:37:55,080 - __main__ - DEBUG - Not connected to Pupil. Returning default coordinates.
2024-10-04 22:37:55,095 - __main__ - DEBUG - Not connected to Pupil. Returning default coordinates.
2024-10-04 22:37:55,110 - __main__ - DEBUG - Not connected to Pupil. Returning default coordinates.
2024-10-04 22:37:55,125 - __main__ - DEBUG - Not connected to Pupil. Returning default coordinates.
2024-10-04 22:37:55,139 - __main__ - DEBUG - Not connected to Pupil. Returning default coordinates.
2024-10-04 22:37:55,154 - __main__ - DEBUG - Not connected to Pupil. Returning default coordinates.
2024-10-04 22:37:55,168 - __main__ - DEBUG - Not connected to Pupil. Returning default coordinates.
2024-10-04 22:37:55,184 - __main__ - DEBUG - Not connected to Pupil. Returning default coordinates.
2024-10-04 22:37:55,200 - __main__ - DEBUG - Not connected to Pupil. Returning default coordinates.
2024-10-04 22:37:55,216 - __main__ - DEBUG - Not connected to Pupil. Returning default coordinates.
2024-10-04 22:37:55,232 - __main__ - DEBUG - Not connected to Pupil. Returning default coordinates.
2024-10-04 22:37:55,250 - __main__ - DEBUG - Not connected to Pupil. Returning default coordinates.
2024-10-04 22:37:55,267 - __main__ - DEBUG - Not connected to Pupil. Returning default coordinates.
2024-10-04 22:37:55,285 - __main__ - DEBUG - Not connected to Pupil. Returning default coordinates.
2024-10-04 22:37:55,300 - __main__ - DEBUG - Not connected to Pupil. Returning default coordinates.
2024-10-04 22:37:55,323 - __main__ - DEBUG - Not connected to Pupil. Returning default coordinates.
2024-10-04 22:37:55,344 - __main__ - DEBUG - Not connected to Pupil. Returning default coordinates.
2024-10-04 22:37:55,364 - __main__ - DEBUG - Not connected to Pupil. Returning default coordinates.
2024-10-04 22:37:55,385 - __main__ - DEBUG - Not connected to Pupil. Returning default coordinates.
2024-10-04 22:37:55,405 - __main__ - DEBUG - Not connected to Pupil. Returning default coordinates.
2024-10-04 22:37:55,425 - __main__ - DEBUG - Not connected to Pupil. Returning default coordinates.
2024-10-04 22:37:55,446 - __main__ - DEBUG - Not connected to Pupil. Returning default coordinates.
2024-10-04 22:37:55,464 - __main__ - DEBUG - Not connected to Pupil. Returning default coordinates.
2024-10-04 22:37:55,479 - __main__ - DEBUG - Not connected to Pupil. Returning default coordinates.
2024-10-04 22:37:55,496 - __main__ - DEBUG - Not connected to Pupil. Returning default coordinates.
2024-10-04 22:37:55,514 - __main__ - DEBUG - Not connected to Pupil. Returning default coordinates.
2024-10-04 22:37:55,532 - __main__ - DEBUG - Not connected to Pupil. Returning default coordinates.
2024-10-04 22:37:55,550 - __main__ - DEBUG - Not connected to Pupil. Returning default coordinates.
2024-10-04 22:37:55,565 - __main__ - DEBUG - Not connected to Pupil. Returning default coordinates.
2024-10-04 22:37:55,579 - __main__ - DEBUG - Not connected to Pupil. Returning default coordinates.
2024-10-04 22:37:55,597 - __main__ - DEBUG - Not connected to Pupil. Returning default coordinates.
2024-10-04 22:37:55,615 - __main__ - DEBUG - Not connected to Pupil. Returning default coordinates.
2024-10-04 22:37:55,633 - __main__ - DEBUG - Not connected to Pupil. Returning default coordinates.
2024-10-04 22:37:55,648 - __main__ - DEBUG - Not connected to Pupil. Returning default coordinates.
2024-10-04 22:37:55,665 - __main__ - DEBUG - Not connected to Pupil. Returning default coordinates.
2024-10-04 22:37:55,679 - __main__ - DEBUG - Not connected to Pupil. Returning default coordinates.
2024-10-04 22:37:55,696 - __main__ - DEBUG - Not connected to Pupil. Returning default coordinates.
2024-10-04 22:37:55,711 - __main__ - DEBUG - Not connected to Pupil. Returning default coordinates.
2024-10-04 22:37:55,727 - __main__ - DEBUG - Not connected to Pupil. Returning default coordinates.
2024-10-04 22:37:55,742 - __main__ - DEBUG - Not connected to Pupil. Returning default coordinates.
2024-10-04 22:37:55,760 - __main__ - DEBUG - Not connected to Pupil. Returning default coordinates.
2024-10-04 22:37:55,776 - __main__ - DEBUG - Not connected to Pupil. Returning default coordinates.
2024-10-04 22:37:55,793 - __main__ - DEBUG - Not connected to Pupil. Returning default coordinates.
2024-10-04 22:37:55,809 - __main__ - DEBUG - Not connected to Pupil. Returning default coordinates.
2024-10-04 22:37:55,826 - __main__ - DEBUG - Not connected to Pupil. Returning default coordinates.
2024-10-04 22:37:55,842 - __main__ - DEBUG - Not connected to Pupil. Returning default coordinates.
2024-10-04 22:37:55,857 - __main__ - DEBUG - Not connected to Pupil. Returning default coordinates.
2024-10-04 22:37:55,873 - __main__ - DEBUG - Not connected to Pupil. Returning default coordinates.
2024-10-04 22:37:55,889 - __main__ - DEBUG - Not connected to Pupil. Returning default coordinates.
2024-10-04 22:37:55,905 - __main__ - DEBUG - Not connected to Pupil. Returning default coordinates.
2024-10-04 22:37:55,923 - __main__ - DEBUG - Not connected to Pupil. Returning default coordinates.
2024-10-04 22:37:55,937 - __main__ - DEBUG - Not connected to Pupil. Returning default coordinates.
2024-10-04 22:37:55,952 - __main__ - DEBUG - Not connected to Pupil. Returning default coordinates.
2024-10-04 22:37:55,968 - __main__ - DEBUG - Not connected to Pupil. Returning default coordinates.
2024-10-04 22:37:55,982 - __main__ - DEBUG - Not connected to Pupil. Returning default coordinates.
2024-10-04 22:37:55,997 - __main__ - DEBUG - Not connected to Pupil. Returning default coordinates.
2024-10-04 22:37:56,014 - __main__ - DEBUG - Not connected to Pupil. Returning default coordinates.
2024-10-04 22:37:56,030 - __main__ - DEBUG - Not connected to Pupil. Returning default coordinates.
2024-10-04 22:37:56,044 - __main__ - DEBUG - Not connected to Pupil. Returning default coordinates.
2024-10-04 22:37:56,060 - __main__ - DEBUG - Not connected to Pupil. Returning default coordinates.
2024-10-04 22:37:56,075 - __main__ - DEBUG - Not connected to Pupil. Returning default coordinates.
2024-10-04 22:37:56,090 - __main__ - DEBUG - Not connected to Pupil. Returning default coordinates.
2024-10-04 22:37:56,109 - __main__ - DEBUG - Not connected to Pupil. Returning default coordinates.
2024-10-04 22:37:56,123 - __main__ - DEBUG - Not connected to Pupil. Returning default coordinates.
2024-10-04 22:37:56,140 - __main__ - DEBUG - Not connected to Pupil. Returning default coordinates.
2024-10-04 22:37:56,158 - __main__ - DEBUG - Not connected to Pupil. Returning default coordinates.
2024-10-04 22:37:56,180 - __main__ - DEBUG - Not connected to Pupil. Returning default coordinates.
2024-10-04 22:37:56,202 - __main__ - DEBUG - Not connected to Pupil. Returning default coordinates.
2024-10-04 22:37:56,218 - __main__ - DEBUG - Not connected to Pupil. Returning default coordinates.
2024-10-04 22:37:56,236 - __main__ - DEBUG - Not connected to Pupil. Returning default coordinates.
2024-10-04 22:37:56,254 - __main__ - DEBUG - Not connected to Pupil. Returning default coordinates.
2024-10-04 22:37:56,270 - __main__ - DEBUG - Not connected to Pupil. Returning default coordinates.
2024-10-04 22:37:56,285 - __main__ - DEBUG - Not connected to Pupil. Returning default coordinates.
2024-10-04 22:37:56,301 - __main__ - DEBUG - Not connected to Pupil. Returning default coordinates.
2024-10-04 22:37:56,316 - __main__ - DEBUG - Not connected to Pupil. Returning default coordinates.
2024-10-04 22:37:56,335 - __main__ - DEBUG - Not connected to Pupil. Returning default coordinates.
2024-10-04 22:37:56,352 - __main__ - DEBUG - Not connected to Pupil. Returning default coordinates.
2024-10-04 22:37:56,368 - __main__ - DEBUG - Not connected to Pupil. Returning default coordinates.
2024-10-04 22:37:56,384 - __main__ - DEBUG - Not connected to Pupil. Returning default coordinates.
2024-10-04 22:37:56,400 - __main__ - DEBUG - Not connected to Pupil. Returning default coordinates.
2024-10-04 22:37:56,419 - __main__ - DEBUG - Not connected to Pupil. Returning default coordinates.
2024-10-04 22:37:56,436 - __main__ - DEBUG - Not connected to Pupil. Returning default coordinates.
2024-10-04 22:37:56,454 - __main__ - DEBUG - Not connected to Pupil. Returning default coordinates.
2024-10-04 22:37:56,472 - __main__ - DEBUG - Not connected to Pupil. Returning default coordinates.
2024-10-04 22:37:56,488 - __main__ - DEBUG - Not connected to Pupil. Returning default coordinates.
2024-10-04 22:37:56,506 - __main__ - DEBUG - Not connected to Pupil. Returning default coordinates.
2024-10-04 22:37:56,524 - __main__ - DEBUG - Not connected to Pupil. Returning default coordinates.
2024-10-04 22:37:56,539 - __main__ - DEBUG - Not connected to Pupil. Returning default coordinates.
2024-10-04 22:37:56,559 - __main__ - DEBUG - Not connected to Pupil. Returning default coordinates.
2024-10-04 22:37:56,578 - __main__ - DEBUG - Not connected to Pupil. Returning default coordinates.
2024-10-04 22:37:56,597 - __main__ - DEBUG - Not connected to Pupil. Returning default coordinates.
2024-10-04 22:37:56,612 - __main__ - DEBUG - Not connected to Pupil. Returning default coordinates.
2024-10-04 22:37:56,630 - __main__ - DEBUG - Not connected to Pupil. Returning default coordinates.
2024-10-04 22:37:56,648 - __main__ - DEBUG - Not connected to Pupil. Returning default coordinates.
2024-10-04 22:37:56,667 - __main__ - DEBUG - Not connected to Pupil. Returning default coordinates.
2024-10-04 22:37:56,689 - __main__ - DEBUG - Not connected to Pupil. Returning default coordinates.
2024-10-04 22:37:56,705 - __main__ - DEBUG - Not connected to Pupil. Returning default coordinates.
2024-10-04 22:37:56,723 - __main__ - DEBUG - Not connected to Pupil. Returning default coordinates.
2024-10-04 22:37:56,738 - __main__ - INFO - Processed frame 300
2024-10-04 22:37:56,738 - __main__ - DEBUG - Got raw frame: (1080, 1920, 3)
2024-10-04 22:37:56,739 - __main__ - DEBUG - Got gaze coordinates: (None, None)
2024-10-04 22:37:56,739 - __main__ - DEBUG - Got fixation coordinates: (None, None)
2024-10-04 22:37:56,740 - __main__ - DEBUG - Got drawn frame: (1080, 1920, 3)
2024-10-04 22:37:56,740 - __main__ - DEBUG - Got final frame: (1080, 1920, 3)
2024-10-04 22:37:56,746 - __main__ - DEBUG - Not connected to Pupil. Returning default coordinates.
2024-10-04 22:37:56,768 - __main__ - DEBUG - Not connected to Pupil. Returning default coordinates.
2024-10-04 22:37:56,788 - __main__ - DEBUG - Not connected to Pupil. Returning default coordinates.
2024-10-04 22:37:56,806 - __main__ - DEBUG - Not connected to Pupil. Returning default coordinates.
2024-10-04 22:37:56,828 - __main__ - DEBUG - Not connected to Pupil. Returning default coordinates.
2024-10-04 22:37:56,848 - __main__ - DEBUG - Not connected to Pupil. Returning default coordinates.
2024-10-04 22:37:56,865 - __main__ - DEBUG - Not connected to Pupil. Returning default coordinates.
2024-10-04 22:37:56,883 - __main__ - DEBUG - Not connected to Pupil. Returning default coordinates.
2024-10-04 22:37:56,903 - __main__ - DEBUG - Not connected to Pupil. Returning default coordinates.
2024-10-04 22:37:56,918 - __main__ - DEBUG - Not connected to Pupil. Returning default coordinates.
2024-10-04 22:37:56,936 - __main__ - DEBUG - Not connected to Pupil. Returning default coordinates.
2024-10-04 22:37:56,953 - __main__ - DEBUG - Not connected to Pupil. Returning default coordinates.
2024-10-04 22:37:56,974 - __main__ - DEBUG - Not connected to Pupil. Returning default coordinates.
2024-10-04 22:37:56,998 - __main__ - DEBUG - Not connected to Pupil. Returning default coordinates.
2024-10-04 22:37:57,020 - __main__ - DEBUG - Not connected to Pupil. Returning default coordinates.
2024-10-04 22:37:57,037 - __main__ - DEBUG - Not connected to Pupil. Returning default coordinates.
2024-10-04 22:37:57,051 - __main__ - DEBUG - Not connected to Pupil. Returning default coordinates.
2024-10-04 22:37:57,069 - __main__ - DEBUG - Not connected to Pupil. Returning default coordinates.
2024-10-04 22:37:57,084 - __main__ - DEBUG - Not connected to Pupil. Returning default coordinates.
2024-10-04 22:37:57,100 - __main__ - DEBUG - Not connected to Pupil. Returning default coordinates.
2024-10-04 22:37:57,117 - __main__ - DEBUG - Not connected to Pupil. Returning default coordinates.
2024-10-04 22:37:57,133 - __main__ - DEBUG - Not connected to Pupil. Returning default coordinates.
2024-10-04 22:37:57,149 - __main__ - DEBUG - Not connected to Pupil. Returning default coordinates.
2024-10-04 22:37:57,166 - __main__ - DEBUG - Not connected to Pupil. Returning default coordinates.
2024-10-04 22:37:57,183 - __main__ - DEBUG - Not connected to Pupil. Returning default coordinates.
2024-10-04 22:37:57,202 - __main__ - DEBUG - Not connected to Pupil. Returning default coordinates.
2024-10-04 22:37:57,221 - __main__ - DEBUG - Not connected to Pupil. Returning default coordinates.
2024-10-04 22:37:57,240 - __main__ - DEBUG - Not connected to Pupil. Returning default coordinates.
2024-10-04 22:37:57,255 - __main__ - DEBUG - Not connected to Pupil. Returning default coordinates.
2024-10-04 22:37:57,272 - __main__ - DEBUG - Not connected to Pupil. Returning default coordinates.
2024-10-04 22:37:57,287 - __main__ - DEBUG - Not connected to Pupil. Returning default coordinates.
2024-10-04 22:37:57,309 - __main__ - DEBUG - Not connected to Pupil. Returning default coordinates.
2024-10-04 22:37:57,332 - __main__ - DEBUG - Not connected to Pupil. Returning default coordinates.
2024-10-04 22:37:57,357 - __main__ - DEBUG - Not connected to Pupil. Returning default coordinates.
2024-10-04 22:37:57,381 - __main__ - DEBUG - Not connected to Pupil. Returning default coordinates.
2024-10-04 22:37:57,401 - __main__ - DEBUG - Not connected to Pupil. Returning default coordinates.
2024-10-04 22:37:57,423 - __main__ - DEBUG - Not connected to Pupil. Returning default coordinates.
2024-10-04 22:37:57,445 - __main__ - DEBUG - Not connected to Pupil. Returning default coordinates.
2024-10-04 22:37:57,470 - __main__ - DEBUG - Not connected to Pupil. Returning default coordinates.
2024-10-04 22:37:57,489 - __main__ - DEBUG - Not connected to Pupil. Returning default coordinates.
2024-10-04 22:37:57,509 - __main__ - DEBUG - Not connected to Pupil. Returning default coordinates.
2024-10-04 22:37:57,524 - __main__ - DEBUG - Not connected to Pupil. Returning default coordinates.
2024-10-04 22:37:57,540 - __main__ - DEBUG - Not connected to Pupil. Returning default coordinates.
2024-10-04 22:37:57,555 - __main__ - DEBUG - Not connected to Pupil. Returning default coordinates.
2024-10-04 22:37:57,569 - __main__ - DEBUG - Not connected to Pupil. Returning default coordinates.
2024-10-04 22:37:57,583 - __main__ - DEBUG - Not connected to Pupil. Returning default coordinates.
2024-10-04 22:37:57,601 - __main__ - DEBUG - Not connected to Pupil. Returning default coordinates.
2024-10-04 22:37:57,617 - __main__ - DEBUG - Not connected to Pupil. Returning default coordinates.
2024-10-04 22:37:57,635 - __main__ - DEBUG - Not connected to Pupil. Returning default coordinates.
2024-10-04 22:37:57,654 - __main__ - DEBUG - Not connected to Pupil. Returning default coordinates.
2024-10-04 22:37:57,672 - __main__ - DEBUG - Not connected to Pupil. Returning default coordinates.
2024-10-04 22:37:57,689 - __main__ - DEBUG - Not connected to Pupil. Returning default coordinates.
2024-10-04 22:37:57,705 - __main__ - DEBUG - Not connected to Pupil. Returning default coordinates.
2024-10-04 22:37:57,723 - __main__ - DEBUG - Not connected to Pupil. Returning default coordinates.
2024-10-04 22:37:57,739 - __main__ - DEBUG - Not connected to Pupil. Returning default coordinates.
2024-10-04 22:37:57,756 - __main__ - DEBUG - Not connected to Pupil. Returning default coordinates.
2024-10-04 22:37:57,772 - __main__ - DEBUG - Not connected to Pupil. Returning default coordinates.
2024-10-04 22:37:57,787 - __main__ - DEBUG - Not connected to Pupil. Returning default coordinates.
2024-10-04 22:37:57,801 - __main__ - DEBUG - Not connected to Pupil. Returning default coordinates.
2024-10-04 22:37:57,816 - __main__ - DEBUG - Not connected to Pupil. Returning default coordinates.
2024-10-04 22:37:57,834 - __main__ - DEBUG - Not connected to Pupil. Returning default coordinates.
2024-10-04 22:37:57,848 - __main__ - DEBUG - Not connected to Pupil. Returning default coordinates.
2024-10-04 22:37:57,864 - __main__ - DEBUG - Not connected to Pupil. Returning default coordinates.
2024-10-04 22:37:57,884 - __main__ - DEBUG - Not connected to Pupil. Returning default coordinates.
2024-10-04 22:37:57,899 - __main__ - DEBUG - Not connected to Pupil. Returning default coordinates.
2024-10-04 22:37:57,918 - __main__ - DEBUG - Not connected to Pupil. Returning default coordinates.
2024-10-04 22:37:57,937 - __main__ - DEBUG - Not connected to Pupil. Returning default coordinates.
2024-10-04 22:37:57,959 - __main__ - DEBUG - Not connected to Pupil. Returning default coordinates.
2024-10-04 22:37:57,976 - __main__ - DEBUG - Not connected to Pupil. Returning default coordinates.
2024-10-04 22:37:57,993 - __main__ - DEBUG - Not connected to Pupil. Returning default coordinates.
2024-10-04 22:37:58,011 - __main__ - DEBUG - Not connected to Pupil. Returning default coordinates.
2024-10-04 22:37:58,031 - __main__ - DEBUG - Not connected to Pupil. Returning default coordinates.
2024-10-04 22:37:58,054 - __main__ - DEBUG - Not connected to Pupil. Returning default coordinates.
2024-10-04 22:37:58,075 - __main__ - DEBUG - Not connected to Pupil. Returning default coordinates.
2024-10-04 22:37:58,098 - __main__ - DEBUG - Not connected to Pupil. Returning default coordinates.
2024-10-04 22:37:58,118 - __main__ - DEBUG - Not connected to Pupil. Returning default coordinates.
2024-10-04 22:37:58,139 - __main__ - DEBUG - Not connected to Pupil. Returning default coordinates.
2024-10-04 22:37:58,156 - __main__ - DEBUG - Not connected to Pupil. Returning default coordinates.
2024-10-04 22:37:58,179 - __main__ - DEBUG - Not connected to Pupil. Returning default coordinates.
2024-10-04 22:37:58,199 - __main__ - DEBUG - Not connected to Pupil. Returning default coordinates.
2024-10-04 22:37:58,215 - __main__ - DEBUG - Not connected to Pupil. Returning default coordinates.
2024-10-04 22:37:58,230 - __main__ - DEBUG - Not connected to Pupil. Returning default coordinates.
2024-10-04 22:37:58,247 - __main__ - DEBUG - Not connected to Pupil. Returning default coordinates.
2024-10-04 22:37:58,267 - __main__ - DEBUG - Not connected to Pupil. Returning default coordinates.
2024-10-04 22:37:58,283 - __main__ - DEBUG - Not connected to Pupil. Returning default coordinates.
2024-10-04 22:37:58,300 - __main__ - DEBUG - Not connected to Pupil. Returning default coordinates.
2024-10-04 22:37:58,317 - __main__ - DEBUG - Not connected to Pupil. Returning default coordinates.
2024-10-04 22:37:58,333 - __main__ - DEBUG - Not connected to Pupil. Returning default coordinates.
2024-10-04 22:37:58,351 - __main__ - DEBUG - Not connected to Pupil. Returning default coordinates.
2024-10-04 22:37:58,370 - __main__ - DEBUG - Not connected to Pupil. Returning default coordinates.
2024-10-04 22:37:58,388 - __main__ - DEBUG - Not connected to Pupil. Returning default coordinates.
2024-10-04 22:37:58,404 - __main__ - DEBUG - Not connected to Pupil. Returning default coordinates.
2024-10-04 22:37:58,419 - __main__ - DEBUG - Not connected to Pupil. Returning default coordinates.
2024-10-04 22:37:58,435 - __main__ - DEBUG - Not connected to Pupil. Returning default coordinates.
2024-10-04 22:37:58,454 - __main__ - DEBUG - Not connected to Pupil. Returning default coordinates.
2024-10-04 22:37:58,473 - __main__ - DEBUG - Not connected to Pupil. Returning default coordinates.
2024-10-04 22:37:58,489 - __main__ - DEBUG - Not connected to Pupil. Returning default coordinates.
2024-10-04 22:37:58,505 - __main__ - DEBUG - Not connected to Pupil. Returning default coordinates.
2024-10-04 22:37:58,521 - __main__ - DEBUG - Not connected to Pupil. Returning default coordinates.
2024-10-04 22:37:58,536 - __main__ - DEBUG - Not connected to Pupil. Returning default coordinates.
2024-10-04 22:37:58,547 - __main__ - INFO - Processed frame 400
2024-10-04 22:37:58,547 - __main__ - DEBUG - Got raw frame: (1080, 1920, 3)
2024-10-04 22:37:58,547 - __main__ - DEBUG - Got gaze coordinates: (None, None)
2024-10-04 22:37:58,547 - __main__ - DEBUG - Got fixation coordinates: (None, None)
2024-10-04 22:37:58,547 - __main__ - DEBUG - Got drawn frame: (1080, 1920, 3)
2024-10-04 22:37:58,547 - __main__ - DEBUG - Got final frame: (1080, 1920, 3)
2024-10-04 22:37:58,551 - __main__ - DEBUG - Not connected to Pupil. Returning default coordinates.
2024-10-04 22:37:58,569 - __main__ - DEBUG - Not connected to Pupil. Returning default coordinates.
2024-10-04 22:37:58,587 - __main__ - DEBUG - Not connected to Pupil. Returning default coordinates.
2024-10-04 22:37:58,605 - __main__ - DEBUG - Not connected to Pupil. Returning default coordinates.
2024-10-04 22:37:58,620 - __main__ - DEBUG - Not connected to Pupil. Returning default coordinates.
2024-10-04 22:37:58,639 - __main__ - DEBUG - Not connected to Pupil. Returning default coordinates.
2024-10-04 22:37:58,658 - __main__ - DEBUG - Not connected to Pupil. Returning default coordinates.
2024-10-04 22:37:58,674 - __main__ - DEBUG - Not connected to Pupil. Returning default coordinates.
2024-10-04 22:37:58,695 - __main__ - DEBUG - Not connected to Pupil. Returning default coordinates.
2024-10-04 22:37:58,715 - __main__ - DEBUG - Not connected to Pupil. Returning default coordinates.
2024-10-04 22:37:58,745 - __main__ - DEBUG - Not connected to Pupil. Returning default coordinates.
2024-10-04 22:37:58,765 - __main__ - DEBUG - Not connected to Pupil. Returning default coordinates.
2024-10-04 22:37:58,784 - __main__ - DEBUG - Not connected to Pupil. Returning default coordinates.
2024-10-04 22:37:58,806 - __main__ - DEBUG - Not connected to Pupil. Returning default coordinates.
2024-10-04 22:37:58,823 - __main__ - DEBUG - Not connected to Pupil. Returning default coordinates.
2024-10-04 22:37:58,842 - __main__ - DEBUG - Not connected to Pupil. Returning default coordinates.
2024-10-04 22:37:58,857 - __main__ - DEBUG - Not connected to Pupil. Returning default coordinates.
2024-10-04 22:37:58,874 - __main__ - DEBUG - Not connected to Pupil. Returning default coordinates.
2024-10-04 22:37:58,892 - __main__ - DEBUG - Not connected to Pupil. Returning default coordinates.
2024-10-04 22:37:58,906 - __main__ - DEBUG - Not connected to Pupil. Returning default coordinates.
2024-10-04 22:37:58,923 - __main__ - DEBUG - Not connected to Pupil. Returning default coordinates.
2024-10-04 22:37:58,939 - __main__ - DEBUG - Not connected to Pupil. Returning default coordinates.
2024-10-04 22:37:58,954 - __main__ - DEBUG - Not connected to Pupil. Returning default coordinates.
2024-10-04 22:37:58,970 - __main__ - DEBUG - Not connected to Pupil. Returning default coordinates.
2024-10-04 22:37:58,986 - __main__ - DEBUG - Not connected to Pupil. Returning default coordinates.
2024-10-04 22:37:59,002 - __main__ - DEBUG - Not connected to Pupil. Returning default coordinates.
2024-10-04 22:37:59,021 - __main__ - DEBUG - Not connected to Pupil. Returning default coordinates.
2024-10-04 22:37:59,038 - __main__ - DEBUG - Not connected to Pupil. Returning default coordinates.
2024-10-04 22:37:59,054 - __main__ - DEBUG - Not connected to Pupil. Returning default coordinates.
2024-10-04 22:37:59,072 - __main__ - DEBUG - Not connected to Pupil. Returning default coordinates.
2024-10-04 22:37:59,087 - __main__ - DEBUG - Not connected to Pupil. Returning default coordinates.
2024-10-04 22:37:59,104 - __main__ - DEBUG - Not connected to Pupil. Returning default coordinates.
2024-10-04 22:37:59,122 - __main__ - DEBUG - Not connected to Pupil. Returning default coordinates.
2024-10-04 22:37:59,136 - __main__ - DEBUG - Not connected to Pupil. Returning default coordinates.
2024-10-04 22:37:59,152 - __main__ - DEBUG - Not connected to Pupil. Returning default coordinates.
2024-10-04 22:37:59,168 - __main__ - DEBUG - Not connected to Pupil. Returning default coordinates.
2024-10-04 22:37:59,185 - __main__ - DEBUG - Not connected to Pupil. Returning default coordinates.
2024-10-04 22:37:59,199 - __main__ - DEBUG - Not connected to Pupil. Returning default coordinates.
2024-10-04 22:37:59,216 - __main__ - DEBUG - Not connected to Pupil. Returning default coordinates.
2024-10-04 22:37:59,232 - __main__ - DEBUG - Not connected to Pupil. Returning default coordinates.
2024-10-04 22:37:59,249 - __main__ - DEBUG - Not connected to Pupil. Returning default coordinates.
2024-10-04 22:37:59,265 - __main__ - DEBUG - Not connected to Pupil. Returning default coordinates.
2024-10-04 22:37:59,284 - __main__ - DEBUG - Not connected to Pupil. Returning default coordinates.
2024-10-04 22:37:59,300 - __main__ - DEBUG - Not connected to Pupil. Returning default coordinates.
2024-10-04 22:37:59,319 - __main__ - DEBUG - Not connected to Pupil. Returning default coordinates.
2024-10-04 22:37:59,338 - __main__ - DEBUG - Not connected to Pupil. Returning default coordinates.
2024-10-04 22:37:59,355 - __main__ - DEBUG - Not connected to Pupil. Returning default coordinates.
2024-10-04 22:37:59,372 - __main__ - DEBUG - Not connected to Pupil. Returning default coordinates.
2024-10-04 22:37:59,387 - __main__ - DEBUG - Not connected to Pupil. Returning default coordinates.
2024-10-04 22:37:59,403 - __main__ - DEBUG - Not connected to Pupil. Returning default coordinates.
2024-10-04 22:37:59,421 - __main__ - DEBUG - Not connected to Pupil. Returning default coordinates.
2024-10-04 22:37:59,438 - __main__ - DEBUG - Not connected to Pupil. Returning default coordinates.
2024-10-04 22:37:59,453 - __main__ - DEBUG - Not connected to Pupil. Returning default coordinates.
2024-10-04 22:37:59,470 - __main__ - DEBUG - Not connected to Pupil. Returning default coordinates.
2024-10-04 22:37:59,485 - __main__ - DEBUG - Not connected to Pupil. Returning default coordinates.
2024-10-04 22:37:59,499 - __main__ - DEBUG - Not connected to Pupil. Returning default coordinates.
2024-10-04 22:37:59,516 - __main__ - DEBUG - Not connected to Pupil. Returning default coordinates.
2024-10-04 22:37:59,531 - __main__ - DEBUG - Not connected to Pupil. Returning default coordinates.
2024-10-04 22:37:59,549 - __main__ - DEBUG - Not connected to Pupil. Returning default coordinates.
2024-10-04 22:37:59,565 - __main__ - DEBUG - Not connected to Pupil. Returning default coordinates.
2024-10-04 22:37:59,581 - __main__ - DEBUG - Not connected to Pupil. Returning default coordinates.
2024-10-04 22:37:59,599 - __main__ - DEBUG - Not connected to Pupil. Returning default coordinates.
2024-10-04 22:37:59,615 - __main__ - DEBUG - Not connected to Pupil. Returning default coordinates.
2024-10-04 22:37:59,634 - __main__ - DEBUG - Not connected to Pupil. Returning default coordinates.
2024-10-04 22:37:59,651 - __main__ - DEBUG - Not connected to Pupil. Returning default coordinates.
2024-10-04 22:37:59,667 - __main__ - DEBUG - Not connected to Pupil. Returning default coordinates.
2024-10-04 22:37:59,685 - __main__ - DEBUG - Not connected to Pupil. Returning default coordinates.
2024-10-04 22:37:59,701 - __main__ - DEBUG - Not connected to Pupil. Returning default coordinates.
2024-10-04 22:37:59,719 - __main__ - DEBUG - Not connected to Pupil. Returning default coordinates.
2024-10-04 22:37:59,734 - __main__ - DEBUG - Not connected to Pupil. Returning default coordinates.
2024-10-04 22:37:59,754 - __main__ - DEBUG - Not connected to Pupil. Returning default coordinates.
2024-10-04 22:37:59,773 - __main__ - DEBUG - Not connected to Pupil. Returning default coordinates.
2024-10-04 22:37:59,792 - __main__ - DEBUG - Not connected to Pupil. Returning default coordinates.
2024-10-04 22:37:59,811 - __main__ - DEBUG - Not connected to Pupil. Returning default coordinates.
2024-10-04 22:37:59,829 - __main__ - DEBUG - Not connected to Pupil. Returning default coordinates.
2024-10-04 22:37:59,848 - __main__ - DEBUG - Not connected to Pupil. Returning default coordinates.
2024-10-04 22:37:59,864 - __main__ - DEBUG - Not connected to Pupil. Returning default coordinates.
2024-10-04 22:37:59,882 - __main__ - DEBUG - Not connected to Pupil. Returning default coordinates.
2024-10-04 22:37:59,901 - __main__ - DEBUG - Not connected to Pupil. Returning default coordinates.
2024-10-04 22:37:59,926 - __main__ - DEBUG - Not connected to Pupil. Returning default coordinates.
2024-10-04 22:37:59,946 - __main__ - DEBUG - Not connected to Pupil. Returning default coordinates.
2024-10-04 22:37:59,967 - __main__ - DEBUG - Not connected to Pupil. Returning default coordinates.
2024-10-04 22:37:59,989 - __main__ - DEBUG - Not connected to Pupil. Returning default coordinates.
2024-10-04 22:38:00,012 - __main__ - DEBUG - Not connected to Pupil. Returning default coordinates.
2024-10-04 22:38:00,033 - __main__ - DEBUG - Not connected to Pupil. Returning default coordinates.
2024-10-04 22:38:00,057 - __main__ - DEBUG - Not connected to Pupil. Returning default coordinates.
2024-10-04 22:38:00,076 - __main__ - DEBUG - Not connected to Pupil. Returning default coordinates.
2024-10-04 22:38:00,098 - __main__ - DEBUG - Not connected to Pupil. Returning default coordinates.
2024-10-04 22:38:00,117 - __main__ - DEBUG - Not connected to Pupil. Returning default coordinates.
2024-10-04 22:38:00,136 - __main__ - DEBUG - Not connected to Pupil. Returning default coordinates.
2024-10-04 22:38:00,154 - __main__ - DEBUG - Not connected to Pupil. Returning default coordinates.
2024-10-04 22:38:00,171 - __main__ - DEBUG - Not connected to Pupil. Returning default coordinates.
2024-10-04 22:38:00,190 - __main__ - DEBUG - Not connected to Pupil. Returning default coordinates.
2024-10-04 22:38:00,209 - __main__ - DEBUG - Not connected to Pupil. Returning default coordinates.
2024-10-04 22:38:00,227 - __main__ - DEBUG - Not connected to Pupil. Returning default coordinates.
2024-10-04 22:38:00,244 - __main__ - DEBUG - Not connected to Pupil. Returning default coordinates.
2024-10-04 22:38:00,261 - __main__ - DEBUG - Not connected to Pupil. Returning default coordinates.
2024-10-04 22:38:00,278 - __main__ - DEBUG - Not connected to Pupil. Returning default coordinates.
2024-10-04 22:38:00,295 - __main__ - DEBUG - Not connected to Pupil. Returning default coordinates.
2024-10-04 22:38:00,313 - __main__ - DEBUG - Not connected to Pupil. Returning default coordinates.
2024-10-04 22:38:00,325 - __main__ - INFO - Processed frame 500
2024-10-04 22:38:00,325 - __main__ - DEBUG - Got raw frame: (1080, 1920, 3)
2024-10-04 22:38:00,325 - __main__ - DEBUG - Got gaze coordinates: (None, None)
2024-10-04 22:38:00,326 - __main__ - DEBUG - Got fixation coordinates: (None, None)
2024-10-04 22:38:00,326 - __main__ - DEBUG - Got drawn frame: (1080, 1920, 3)
2024-10-04 22:38:00,326 - __main__ - DEBUG - Got final frame: (1080, 1920, 3)
2024-10-04 22:38:00,330 - __main__ - DEBUG - Not connected to Pupil. Returning default coordinates.
2024-10-04 22:38:00,349 - __main__ - DEBUG - Not connected to Pupil. Returning default coordinates.
2024-10-04 22:38:00,368 - __main__ - DEBUG - Not connected to Pupil. Returning default coordinates.
2024-10-04 22:38:00,386 - __main__ - DEBUG - Not connected to Pupil. Returning default coordinates.
2024-10-04 22:38:00,410 - __main__ - DEBUG - Not connected to Pupil. Returning default coordinates.
2024-10-04 22:38:00,430 - __main__ - DEBUG - Not connected to Pupil. Returning default coordinates.
2024-10-04 22:38:00,451 - __main__ - DEBUG - Not connected to Pupil. Returning default coordinates.
2024-10-04 22:38:00,470 - __main__ - DEBUG - Not connected to Pupil. Returning default coordinates.
2024-10-04 22:38:00,489 - __main__ - DEBUG - Not connected to Pupil. Returning default coordinates.
2024-10-04 22:38:00,508 - __main__ - DEBUG - Not connected to Pupil. Returning default coordinates.
2024-10-04 22:38:00,526 - __main__ - DEBUG - Not connected to Pupil. Returning default coordinates.
2024-10-04 22:38:00,543 - __main__ - DEBUG - Not connected to Pupil. Returning default coordinates.
2024-10-04 22:38:00,561 - __main__ - DEBUG - Not connected to Pupil. Returning default coordinates.
2024-10-04 22:38:00,578 - __main__ - DEBUG - Not connected to Pupil. Returning default coordinates.
2024-10-04 22:38:00,596 - __main__ - DEBUG - Not connected to Pupil. Returning default coordinates.
2024-10-04 22:38:00,617 - __main__ - DEBUG - Not connected to Pupil. Returning default coordinates.
2024-10-04 22:38:00,634 - __main__ - DEBUG - Not connected to Pupil. Returning default coordinates.
2024-10-04 22:38:00,652 - __main__ - DEBUG - Not connected to Pupil. Returning default coordinates.
2024-10-04 22:38:00,672 - __main__ - DEBUG - Not connected to Pupil. Returning default coordinates.
2024-10-04 22:38:00,690 - __main__ - DEBUG - Not connected to Pupil. Returning default coordinates.
2024-10-04 22:38:00,706 - __main__ - DEBUG - Not connected to Pupil. Returning default coordinates.
2024-10-04 22:38:00,723 - __main__ - DEBUG - Not connected to Pupil. Returning default coordinates.
2024-10-04 22:38:00,740 - __main__ - INFO - Quit signal received
2024-10-04 22:38:00,744 - __main__ - INFO - Closed ZMQ connections
2024-10-04 22:38:00,744 - __main__ - INFO - Application closed successfully
